<<<<<<<<<< basf2helper.py Standard Output >>>>>>>>>>

Unpack e_gen_charge_sideb-inputsandbox.tar.bz2
2024-05-04 21:31:37 UTC Unknown INFO: initialization
Input file mdst_000441_prod00024816_task10020000443.root confirmed.
2024-05-04 21:31:37 UTC Unknown INFO: Parameter GBASF2_PARAMETER = 440
2024-05-04 21:31:37 UTC Unknown INFO: basf2 running
2024-05-04 21:31:37 UTC Unknown INFO: ApplicationStatus = Running
basf2 recon_steer-e_gen_charge_sideb.py -i mdst_000441_prod00024816_task10020000443.root --job-information=basf2_output.json
fatal: detected dubious ownership in repository at '/cvmfs/belle.cern.ch/tools'
To add an exception for this directory, call:

	git config --global --add safe.directory /cvmfs/belle.cern.ch/tools
Belle II software tools set up at: /cvmfs/belle.cern.ch/tools
Environment setup for release: light-2401-ocicat
Central release directory    : /cvmfs/belle.cern.ch/el7/releases/light-2401-ocicat
Warning: The release light-2401-ocicat is not supported any more. Please update to light-2403-persian
[INFO] Steering file: recon_steer-e_gen_charge_sideb.py
[INFO] Job information file: basf2_output.json
[INFO] Using default cleanup in updateROEUsingV0Lists.
[INFO] Starting event processing, random seed is set to '62c236c82e596cb118b6c4d0f9391239301fbcb8fb1c3ee39538b585e296e83f'
[INFO] Added file mdst_000441_prod00024816_task10020000443.root
[INFO] ParticleLoader's Summary of Actions:
[INFO]  o) creating (anti-)ParticleList with name: K+:gen (K-:gen)
[INFO]    -> MDST source: MCParticles
[INFO] ParticleLoader's Summary of Actions:
[INFO]  o) creating (anti-)ParticleList with name: pi-:gen (pi+:gen)
[INFO]    -> MDST source: MCParticles
[INFO] ParticleLoader's Summary of Actions:
[INFO]  o) creating (anti-)ParticleList with name: e+:gen (e-:gen)
[INFO]    -> MDST source: MCParticles
[INFO] ParticleLoader's Summary of Actions:
[INFO]  o) creating (anti-)ParticleList with name: e+:all (e-:all)
[INFO]    -> MDST source: Tracks
[INFO] ParticleLoader's Summary of Actions:
[INFO]  o) creating (anti-)ParticleList with name: gamma:all (gamma:all)
[INFO]    -> MDST source: ECLClusters and KLMClusters
[INFO] ParticleSelector: gamma:brems
[INFO]    -> With cuts  : goodGamma
[INFO] ParticleSelector: gamma:brems
[INFO]    -> With cuts  : isFromECL
[INFO] Conditions Database: found working metadata provider
	provider = http://belle2db.sdcc.bnl.gov/b2s/rest/
[INFO] Conditions data: configured globaltags (highest priority first) are analysis_tools_light-2305-korat, mc_production_MC15ri_a, release-06-00-07, Legacy_CollisionAxisCMS
[INFO] Run: 0. Load supported MVA interfaces for multi-class charged particle identification...
[INFO] Setting hard-coded aliases for the ChargedPidMVA algorithm.
[INFO] 	Loading weightfiles from the payload class.
[INFO] 	Construct the MVA experts and datasets from N = 27 weightfiles...
[WARNING] String passed to makeROOTCompatible contains double-underscore __, which is used internally for escaping special characters. It is recommended to avoid this. However escaping a string twice with makeROOTCompatible is safe, but will print this warning. Passed string: __event__  { module: ChargedPidMVAMulticlass_Multiclass }
 ... message repeated 26 times
[INFO] ParticleSelector: e+:det
[INFO]    -> With cuts  : [e_id_BDT > 0.8] and [p > 0.2] and [dr < 2] and [abs(dz) < 4] and thetaInCDCAcceptance
[INFO] ParticleLoader's Summary of Actions:
[INFO]  o) creating (anti-)ParticleList with name: K+:all (K-:all)
[INFO]    -> MDST source: Tracks
[INFO] ParticleSelector: K+:det
[INFO]    -> With cuts  : [kaonID > 0.8] and [dr < 2] and [abs(dz) < 4] and thetaInCDCAcceptance
[INFO] ParticleLoader's Summary of Actions:
[INFO]  o) creating (anti-)ParticleList with name: pi-:all (pi+:all)
[INFO]    -> MDST source: Tracks
[INFO] ParticleSelector: pi-:det
[INFO]    -> With cuts  : [dr < 2] and [abs(dz) < 4] and thetaInCDCAcceptance
[INFO] MCMatcher module will search for Particle -> MCParticle associations for the ParticleList B0:det.
[INFO]   - The MCMatcher will use default algorithm suitable for analysis of Belle II MC.
[INFO] ParticleLoader's Summary of Actions:
[INFO]  o) creating (anti-)ParticleList with name: pi+:all (pi-:all)
[INFO]    -> MDST source: Tracks
[INFO] ParticleLoader's Summary of Actions:
[INFO]  o) creating (anti-)ParticleList with name: pi+:all (pi-:all)
[INFO]    -> MDST source: Tracks
[INFO] ParticleSelector: pi+:mostlikely_roe
[INFO]    -> With cuts  : pidIsMostLikely() > 0 and thetaInCDCAcceptance and nCDCHits>20
[INFO] ParticleLoader's Summary of Actions:
[INFO]  o) creating (anti-)ParticleList with name: K+:all (K-:all)
[INFO]    -> MDST source: Tracks
[INFO] ParticleSelector: K+:mostlikely_roe
[INFO]    -> With cuts  : pidIsMostLikely() > 0 and thetaInCDCAcceptance and nCDCHits>20
[INFO] ParticleLoader's Summary of Actions:
[INFO]  o) creating (anti-)ParticleList with name: p+:all (anti-p-:all)
[INFO]    -> MDST source: Tracks
[INFO] ParticleSelector: p+:mostlikely_roe
[INFO]    -> With cuts  : pidIsMostLikely() > 0 and thetaInCDCAcceptance and nCDCHits>20
[INFO] ParticleLoader's Summary of Actions:
[INFO]  o) creating (anti-)ParticleList with name: e+:all (e-:all)
[INFO]    -> MDST source: Tracks
[INFO] ParticleSelector: e+:mostlikely_roe
[INFO]    -> With cuts  : pidIsMostLikely() > 0 and thetaInCDCAcceptance and nCDCHits>20
[INFO] ParticleLoader's Summary of Actions:
[INFO]  o) creating (anti-)ParticleList with name: mu+:all (mu-:all)
[INFO]    -> MDST source: Tracks
[INFO] ParticleSelector: mu+:mostlikely_roe
[INFO]    -> With cuts  : pidIsMostLikely() > 0 and thetaInCDCAcceptance and nCDCHits>20
[INFO] ParticleLoader's Summary of Actions:
[INFO]  o) creating (anti-)ParticleList with name: gamma:all (gamma:all)
[INFO]    -> MDST source: ECLClusters and KLMClusters
[INFO] ParticleSelector: gamma:all
[INFO]    -> With cuts  : isFromECL
[INFO] ParticleLoader's Summary of Actions:
[INFO]  o) creating (anti-)ParticleList with name: K_L0:all (K_L0:all)
[INFO]    -> MDST source: exclusively KLMClusters or exclusively ECLClusters (matching between those not used)
[INFO] ParticleSelector: K_L0:roe_default
[INFO]    -> With cuts  : isFromKLM > 0
[INFO] RestOfEventInterpreter added ROEMask with specific fractions under name 'my_mask' with track cuts: dr<10 and abs(dz)<20 and thetaInCDCAcceptance and E<5.5 and eclCluster cuts: 0.05 < clusterE < 5.5
[INFO] ParticleLoader's Summary of Actions:
[INFO]  o) creating (anti-)ParticleList with name: gamma:V0 (gamma:V0)
[INFO]    -> MDST source: V0
[INFO] ParticleSelector: gamma:v0_roe
[INFO]    -> With cuts  : abs(dM) < 0.1 and daughter(0,particleID) > 0.2 and daughter(1,particleID) > 0.2 and daughter(0,thetaInCDCAcceptance) and daughter(1,thetaInCDCAcceptance) and isInRestOfEvent > 0
[INFO] ParticleLoader's Summary of Actions:
[INFO]  o) creating (anti-)ParticleList with name: K_S0:V0 (K_S0:V0)
[INFO]    -> MDST source: V0
[INFO] ParticleSelector: K_S0:v0_roe
[INFO]    -> With cuts  : abs(dM) < 0.1 and daughter(0,particleID) > 0.2 and daughter(1,particleID) > 0.2 and daughter(0,thetaInCDCAcceptance) and daughter(1,thetaInCDCAcceptance) and isInRestOfEvent > 0
[INFO] ParticleLoader's Summary of Actions:
[INFO]  o) creating (anti-)ParticleList with name: Lambda0:V0 (anti-Lambda0:V0)
[INFO]    -> MDST source: V0
[INFO] ParticleSelector: Lambda0:v0_roe
[INFO]    -> With cuts  : abs(dM) < 0.1 and daughter(0,particleID) > 0.2 and daughter(1,particleID) > 0.2 and daughter(0,thetaInCDCAcceptance) and daughter(1,thetaInCDCAcceptance) and isInRestOfEvent > 0
[INFO] RestOfEventUpdater updated track/eclCluster ROEMask(s) with infoList: gamma:v0_roe and cut: 
[INFO] RestOfEventUpdater updated track/eclCluster ROEMask(s) with infoList: K_S0:v0_roe and cut: 
[INFO] RestOfEventUpdater updated track/eclCluster ROEMask(s) with infoList: Lambda0:v0_roe and cut: 
[INFO] RestOfEventInterpreter added ROEMask with specific fractions under name 'my_mask' with track cuts: nCDCHits>=0 and thetaInCDCAcceptance and pValue>=0.0005 and                     [pt<0.15 and formula(dr**2/36+dz**2/16)<1] or                     [0.15<pt<0.25 and formula(dr**2/49+dz**2/64)<1] or                     [0.25<pt<0.5 and formula(dr**2/49+dz**2/16)<1] or                     [0.5<pt<1 and formula(dr**2/25+dz**2/36)<1] or                     [pt>1 and formula(dr**2+dz**2)<1] and eclCluster cuts: clusterE>0.05 and abs(clusterTiming)<formula(2*clusterErrorTiming) and abs(clusterTiming)<200
[ERROR] Relation between particle and ROE doesn't exist!  { module: VariablesToNtuple_B0:det }
 ... message repeated 19 times
[INFO] Writing NTuple det
[INFO] Writing NTuple gen
[WARNING] Not a single candidate survived the fit. Candidates before fit: 0 after: 0  { module: TreeFitter_Lambda0:v0_roe }
[WARNING] Not a single candidate survived the fit. Candidates before fit: 0 after: 0  { module: TreeFitter_K_S0:v0_roe }
[WARNING] Not a single candidate survived the fit. Candidates before fit: 0 after: 0  { module: TreeFitter_gamma:v0_roe }
[WARNING] There were 266 tracks skipped because of zero charge for mu+:all  { module: ParticleLoader_mu+:mostlikely_roe }
[WARNING] There were 364 tracks skipped because of zero charge for p+:all  { module: ParticleLoader_p+:mostlikely_roe }
[INFO] [1;35m================================================================================[0m
[INFO] [40;97m            ,.,                                                                 [0m
[INFO] [40;97m           ;%&M%;_   ,..,                                                       [0m
[INFO] [40;97m             "_ "__" % M % M %;          , ..., ,                               [0m
[INFO] [40;97m      , ..., __." --"    , .,     _ - " % &W % WM %;                            [0m
[INFO] [40;97m     ; % M&$M % "___ "_._   %M%"_."" _ """"""                                   [0m
[INFO] [40;97m       """""    "" , \_.   "_. ."                                               [0m
[INFO] [40;97m              , ., _"__ \__./ ."                                                [0m
[INFO] [40;97m          ___       __ |  y     , ..,     [97;40mThank you for using TreeFitter.       [0m
[INFO] [40;97m         /)'\    ''''| u  \ %W%W%%;                                             [0m
[INFO] [40;97m     ___)/   "---\_ \   |____"            [97;40mPlease cite both:                     [0m
[INFO] [40;97m   ;&&%%;           (|__.|)./  ,..,           [97;40m10.1016/j.nima.2020.164269        [0m
[INFO] [40;97m             ,.., ___\    |/     &&"       [97;40m   10.1016/j.nima.2005.06.078        [0m
[INFO] [40;97m           &&%%&    (| Uo /        '"     [97;40mEmail:                                [0m
[INFO] [40;97m            ''''     \ 7 \                   [97;40mfrancesco.tenchini@desy.de         [0m
[INFO] [40;97m  ._______________.-'____""-.____.           [97;40mjo-frederik.krohn@desy.de          [0m
[INFO] [40;97m   \                           /                                                [0m
[INFO] [40;97m    \       [0m[32;40mTREEFITTER[0m[40;97m        /                                                 [0m
[INFO] [40;97m     \_______________________/                                                  [0m
[INFO] [40;97m      (_)                 (_)                                                   [0m
[INFO] [40;97m                                                                                [0m
[INFO] [1;35m============= TREEFIT STATISTICS ===============================================[0m
[INFO] [1;39mTarget particle list: B0:det[0m
[INFO] [1;39mCandidates before fit: 4[0m
[INFO] [1;39mCandidates after fit:  4[0m
[INFO] [1;39mA total of 0 candidates were removed during the fit.[0m
[INFO] [1;39m100% of candidates survived the fit.[0m
[INFO] [1;39m0% of candidates did not.[0m
[INFO] [1;39mYou chose to drop all candidates with pValue < 0.[0m
[INFO] [1;35m================================================================================[0m
[WARNING] There were 266 tracks skipped because of zero charge for pi-:all  { module: ParticleLoader_pi-:det }
[WARNING] There were 316 tracks skipped because of zero charge for K+:all  { module: ParticleLoader_K+:det }
[WARNING] There were 266 tracks skipped because of zero charge for e+:all  { module: ParticleLoader_e+:raw }

[INFO] ===Error Summary================================================================
[ERROR] Relation between particle and ROE doesn't exist!  { module: VariablesToNtuple_B0:det }
    (last message occurred 20 times)
[WARNING] String passed to makeROOTCompatible contains double-underscore __, which is used internally for escaping special characters. It is recommended to avoid this. However escaping a string twice with makeROOTCompatible is safe, but will print this warning. Passed string: __event__  { module: ChargedPidMVAMulticlass_Multiclass }
    (last message occurred 27 times)
[WARNING] Not a single candidate survived the fit. Candidates before fit: 0 after: 0  { module: TreeFitter_Lambda0:v0_roe }
    (last message occurred 3 times)
[WARNING] There were 266 tracks skipped because of zero charge for e+:all  { module: ParticleLoader_e+:raw }
[WARNING] There were 316 tracks skipped because of zero charge for K+:all  { module: ParticleLoader_K+:det }
[WARNING] There were 266 tracks skipped because of zero charge for pi-:all  { module: ParticleLoader_pi-:det }
[WARNING] There were 364 tracks skipped because of zero charge for p+:all  { module: ParticleLoader_p+:mostlikely_roe }
[WARNING] There were 266 tracks skipped because of zero charge for mu+:all  { module: ParticleLoader_mu+:mostlikely_roe }
[INFO] ================================================================================
[ERROR] in total, 20 errors occurred during processing
[WARNING] in total, 35 warnings occurred during processing
=============================================================================================================================
Name                                                              |      Calls | Memory(MB) |    Time(s) |     Time(ms)/Call
=============================================================================================================================
RootInput                                                         |     180001 |        -10 |      67.95 |    0.38 +-   3.08
ProgressBar                                                       |     180000 |         -1 |       2.05 |    0.01 +-   0.16
ParticleLoader_K+:gen                                             |     180000 |          5 |       5.30 |    0.03 +-   0.16
ParticleLoader_pi-:gen                                            |     180000 |          2 |       5.18 |    0.03 +-   0.35
ParticleLoader_e+:gen                                             |     180000 |         -0 |       4.30 |    0.02 +-   0.23
ParticleCombinerFromMC_K*0:gen =direct=> K+:gen pi-:gen           |     180000 |        -18 |      74.80 |    0.42 +-   1.03
ParticleCombinerFromMC_B0:gen =direct=> K*0:gen e+:gen e-:gen     |     180000 |         18 |      55.13 |    0.31 +-   0.84
ParticleLoader_e+:raw                                             |     180000 |        147 |      24.97 |    0.14 +-   2.74
PListCopy_e+:raw                                                  |     180000 |          5 |       4.11 |    0.02 +-   0.20
ParticleLoader_gamma:brems                                        |     180000 |          3 |      42.30 |    0.23 +-   0.77
PListCopy_gamma:brems                                             |     180000 |          1 |       5.89 |    0.03 +-   0.29
ParticleSelector_applyCuts_gamma:brems                            |     180000 |          2 |      12.93 |    0.07 +-   0.35
ParticleSelector_applyCuts_gamma:brems                            |     180000 |          0 |       2.34 |    0.01 +-   0.19
bremsCorrector_e+:det                                             |     180000 |        -11 |      19.08 |    0.11 +-   0.49
ChargedPidMVAMulticlass_Multiclass                                |     180000 |          7 |     328.10 |    1.82 +-   2.04
ParticleSelector_applyCuts_e+:det                                 |     180000 |          4 |       6.73 |    0.04 +-   0.20
ParticleLoader_K+:det                                             |     180000 |         -2 |      23.56 |    0.13 +-   0.61
PListCopy_K+:det                                                  |     180000 |         -3 |       4.04 |    0.02 +-   0.21
ParticleSelector_applyCuts_K+:det                                 |     180000 |         -1 |       7.62 |    0.04 +-   0.30
ParticleLoader_pi-:det                                            |     180000 |         -9 |      17.85 |    0.10 +-   0.39
PListCopy_pi-:det                                                 |     180000 |          1 |       3.65 |    0.02 +-   0.23
ParticleSelector_applyCuts_pi-:det                                |     180000 |         -3 |       8.40 |    0.05 +-   0.23
ParticleCombiner_K*0:det =direct=> K+:det pi-:det                 |     180000 |          5 |       6.36 |    0.04 +-   0.34
ParticleCombiner_B0:det =direct=> K*0:det e+:det e-:det ?addbrems |     180000 |          2 |       2.64 |    0.01 +-   0.11
MCMatch_B0:det                                                    |     180000 |          1 |       1.91 |    0.01 +-   0.00
TreeFitter_B0:det                                                 |     180000 |         -2 |       2.17 |    0.01 +-   0.11
VariablesToExtraInfo_B0:det                                       |     180000 |         -1 |       1.93 |    0.01 +-   0.12
ParticleLoader_pi+:all                                            |     180000 |         -2 |       1.94 |    0.01 +-   0.12
ParticleLoader_pi+:mostlikely_roe                                 |     180000 |          3 |       1.83 |    0.01 +-   0.00
PListCopy_pi+:mostlikely_roe                                      |     180000 |          8 |       3.59 |    0.02 +-   0.14
ParticleSelector_applyCuts_pi+:mostlikely_roe                     |     180000 |          6 |       6.28 |    0.03 +-   0.33
ParticleLoader_K+:mostlikely_roe                                  |     180000 |         -1 |       2.02 |    0.01 +-   0.19
PListCopy_K+:mostlikely_roe                                       |     180000 |         -4 |       3.65 |    0.02 +-   0.28
ParticleSelector_applyCuts_K+:mostlikely_roe                      |     180000 |          6 |       5.04 |    0.03 +-   0.25
ParticleLoader_p+:mostlikely_roe                                  |     180000 |         -4 |      18.22 |    0.10 +-   0.37
PListCopy_p+:mostlikely_roe                                       |     180000 |          6 |       3.67 |    0.02 +-   0.25
ParticleSelector_applyCuts_p+:mostlikely_roe                      |     180000 |          5 |       5.21 |    0.03 +-   0.36
ParticleLoader_e+:mostlikely_roe                                  |     180000 |          2 |       2.01 |    0.01 +-   0.20
PListCopy_e+:mostlikely_roe                                       |     180000 |          2 |       3.42 |    0.02 +-   0.16
ParticleSelector_applyCuts_e+:mostlikely_roe                      |     180000 |         -2 |       5.03 |    0.03 +-   0.25
ParticleLoader_mu+:mostlikely_roe                                 |     180000 |         -5 |      18.25 |    0.10 +-   0.55
PListCopy_mu+:mostlikely_roe                                      |     180000 |          2 |       3.61 |    0.02 +-   0.25
ParticleSelector_applyCuts_mu+:mostlikely_roe                     |     180000 |          2 |       5.21 |    0.03 +-   0.25
ParticleLoader_gamma:all                                          |     180000 |         -2 |       1.97 |    0.01 +-   0.11
ParticleSelector_applyCuts_gamma:all                              |     180000 |         -3 |       2.69 |    0.01 +-   0.00
ParticleLoader_K_L0:roe_default                                   |     180000 |         -8 |      37.73 |    0.21 +-   0.71
PListCopy_K_L0:roe_default                                        |     180000 |         -5 |       5.58 |    0.03 +-   0.22
ParticleSelector_applyCuts_K_L0:roe_default                       |     180000 |          2 |       3.00 |    0.02 +-   0.25
ROEBuilder_B0:det                                                 |     180000 |         -1 |       1.90 |    0.01 +-   0.00
RestOfEventInterpreter_B0:det_MaskList                            |     180000 |         -0 |       1.99 |    0.01 +-   0.19
for_each(RestOfEvent : RestOfEvents)                              |     180000 |         -1 |       1.95 |    0.01 +-   0.20
SigSideParticleFilter_B0:det                                      |          4 |          0 |       0.00 |    0.03 +-   0.02
ParticleLoader_gamma:v0_roe -> e+ e-                              |          4 |          0 |       0.00 |    0.02 +-   0.00
PListCopy_gamma:v0_roe                                            |          4 |          0 |       0.00 |    0.01 +-   0.00
ParticleSelector_applyCuts_gamma:v0_roe                           |          4 |          0 |       0.00 |    0.02 +-   0.01
ParticleLoader_K_S0:v0_roe -> pi+ pi-                             |          4 |          0 |       0.00 |    0.01 +-   0.00
PListCopy_K_S0:v0_roe                                             |          4 |          0 |       0.00 |    0.01 +-   0.00
ParticleSelector_applyCuts_K_S0:v0_roe                            |          4 |          0 |       0.00 |    0.01 +-   0.00
ParticleLoader_Lambda0:v0_roe -> p+ pi-                           |          4 |          0 |       0.00 |    0.04 +-   0.03
PListCopy_Lambda0:v0_roe                                          |          4 |          0 |       0.00 |    0.02 +-   0.00
ParticleSelector_applyCuts_Lambda0:v0_roe                         |          4 |          0 |       0.00 |    0.02 +-   0.02
TreeFitter_gamma:v0_roe                                           |          4 |          0 |       0.00 |    0.01 +-   0.00
RestOfEventUpdater_gamma:v0_roe_masks                             |          4 |          0 |       0.00 |    0.02 +-   0.01
TreeFitter_K_S0:v0_roe                                            |          4 |          0 |       0.00 |    0.01 +-   0.00
RestOfEventUpdater_K_S0:v0_roe_masks                              |          4 |          0 |       0.00 |    0.01 +-   0.00
TreeFitter_Lambda0:v0_roe                                         |          4 |          0 |       0.00 |    0.01 +-   0.00
RestOfEventUpdater_Lambda0:v0_roe_masks                           |          4 |          0 |       0.00 |    0.01 +-   0.00
RestOfEventInterpreter_B0:det_my_mask                             |     180000 |          2 |       1.81 |    0.01 +-   0.09
PrintMCParticles                                                  |     180000 |         -7 |      17.26 |    0.10 +-   0.39
VariablesToNtuple_B0:gen                                          |     180000 |          2 |       2.23 |    0.01 +-   0.15
VariablesToNtuple_B0:det                                          |     180000 |          3 |       2.06 |    0.01 +-   0.11
=============================================================================================================================
Total                                                             |     180001 |        169 |    1058.07 |    5.88 +-   6.55
=============================================================================================================================

2024-05-04 21:49:40 UTC Unknown INFO: Basf2 status:
2024-05-04 21:49:40 UTC Unknown INFO: Warnings: 35; Errors: 20; 

2024-05-04 21:49:40 UTC Unknown INFO: Found following files to be uploaded
2024-05-04 21:49:40 UTC Unknown INFO:  e_re.root
2024-05-04 21:49:41 UTC Unknown INFO: Rescheduling: 00
2024-05-04 21:49:41 UTC Unknown INFO: matching data description
Upload e_re_00440_job407490916_00.root as /belle/user/elee20/e_gen_charge_sideb/sub00/e_re_00440_job407490916_00.root
2024-05-04 21:49:41 UTC Unknown INFO: output verification
2024-05-04 21:49:41 UTC Unknown INFO: Skip output file verification of ./e_re_00440_job407490916_00.root
2024-05-04 21:49:41 UTC Unknown INFO: data uploading
2024-05-04 21:49:41 UTC Unknown INFO: ApplicationStatus = Preparing to upload
Metadata path /belle/user/elee20/e_gen_charge_sideb/sub00: OK
2024-05-04 21:49:42 UTC Unknown INFO: Destination SEs=UVic-TMP-SE
trying to upload/register /belle/user/elee20/e_gen_charge_sideb/sub00/e_re_00440_job407490916_00.root 
2024-05-04 21:49:42 UTC Unknown INFO: GUIDs not found from POOL XML Catalogue (and were generated) for: ./e_re_00440_job407490916_00.root
2024-05-04 21:49:42 UTC Unknown INFO: File Info: Size=69126 Checksum=e7a62011 GUID=9DF9310F-22C0-15A5-5F01-B0AE19CCC942
Upload: ./e_re_00440_job407490916_00.root
2024-05-04 21:49:45 UTC Unknown INFO: SE UVic-TMP-SE: ready to transfer: 0 < 500
2024-05-04 21:49:45 UTC Unknown/FailoverTransfer INFO: Attempting dm.putAndRegister ('/belle/user/elee20/e_gen_charge_sideb/sub00/e_re_00440_job407490916_00.root','/mnt/.rw/condor/execute/dir_10720/TORQUE_eF7qz1_wrapper/DIRAC_M__s7Cpilot/407490916/./e_re_00440_job407490916_00.root','UVic-TMP-SE',guid='9DF9310F-22C0-15A5-5F01-B0AE19CCC942',catalog='None', checksum = 'e7a62011')
2024-05-04 21:49:50 UTC Unknown/FailoverTransfer INFO: dm.putAndRegister successfully uploaded and registered ./e_re_00440_job407490916_00.root to UVic-TMP-SE
2024-05-04 21:49:50 UTC Unknown INFO: transferAndRegisterFile successfully uploaded and registered ./e_re_00440_job407490916_00.root to UVic-TMP-SE
Upload: OK , lfn: lfn
file size: 69126
catalog size: 69126
file size: OK
Data upload: OK
Register metadata of ./e_re_00440_job407490916_00.root in FileCatalog
gbasf2:  ./e_re_00440_job407490916_00.root has no basf2 metadata.
Register metadata of ./e_re_00440_job407490916_00.root
2024-05-04 21:49:53 UTC Unknown INFO: ApplicationStatus = Registering
Reading metadata...
gbasf2:  ./e_re_00440_job407490916_00.root has no basf2 metadata.
Prepare dataset
Dataset attributes already exist (17): OK
bulkInsert: OK
Metadata registration: OK
2024-05-04 21:49:58 UTC Unknown INFO: Successfully handled /belle/user/elee20/e_gen_charge_sideb/sub00/e_re_00440_job407490916_00.root
2024-05-04 21:49:58 UTC Unknown INFO: registering accounting metadata
2024-05-04 21:49:58 UTC Unknown INFO: Succesfully added dataset accounting metadata to file metadata in rucio.
Successfully upload/register all outputs.
2024-05-04 21:49:58 UTC Unknown INFO: ApplicationStatus = Done
2024-05-04 21:49:58 UTC Unknown INFO: Done
 