[INFO] Steering file: mc_gen_steer.py

**************************************************************
 Geant4 version Name: geant4-10-06-patch-03    (6-November-2020)
                       Copyright : Geant4 Collaboration
                      References : NIM A 506 (2003), 250-303
                                 : IEEE-TNS 53 (2006), 270-278
                                 : NIM A 835 (2016), 186-225
                             WWW : http://geant4.org/
**************************************************************

[WARNING] stdPi0s is loading "May2020" pi0 recommendations. Please check Neutrals Performance Confluence page for most up-to-date pi0 recommendations.
[INFO] Starting event processing, random seed is set to 'e478c50c22fa1c48fec1c48423ab36d7f44cf735b4c8dcbcfbf2c0ec9c52201'
[INFO] Conditions Database: found working server
	url = http://belle2db.sdcc.bnl.gov/b2s/rest/
[INFO] Conditions data: configured globaltags (highest priority first) are mc_production_MC15ri_a, release-06-00-07
[INFO] SVDNoiseCalibrations: from now on we are using ../databases/user_xmls/phase3-globalruns/GlobalRun_LV7_HV50_VS-0.8_hv_shift_L6_30V_MaxStrip64_20201029_14-000656.xml
TClass::Init:0: RuntimeWarning: no dictionary for class pair<unsigned short,Belle2::KLMChannelStatus::ChannelStatus> is available
 ... message repeated 3 times
[INFO] SVDFADCMaskedStrips: from now on we are using /mnt/data/user_xmls/phase3-globalruns/GlobalRun_LV7_HV50_VS-0.8_hv_shift_L6_30V_MaxStrip64_20201029_14-000656.xml
[INFO] SVDChargeSimulationCalibrations: from now on we are using ChargeSimulationCalibrations_default_2021-06-25T23:32:19.954782_INFO:release-06_APVCouplings=0
[INFO] SVDPulseShapeCalibrations: from now on we are using PulseShapeCalibrations_default_2020-04-27T21:41:16.240855_INFO:_peakTime=fromPhase3calibrations_pulseWidth=130_gain=fromPhase3calibrations
[INFO] BGOverlayInput: starting with event 1668837
[WARNING] ClockFreq4TDC changed from cdclocal 1.017774e+00 to official 1.017752e+00 (GHz)!  { module: Geometry }
[INFO] Using Belle2 physics list
### Birks coefficients used in run time
   G4_POLYSTYRENE     0.07943 mm/MeV     0.00841958 g/cm^2/MeV  massFactor=  101.167 effCharge= 0.027027
[INFO] Setting global Geant4 production cut
	cutValue = 0.070000000000000007
[INFO] Perform Geant4 final initialization: Geometry optimization, PhysicsList calculations...
[INFO] done, Geant4 ready
[INFO] TRGGDLModule::initialize. simulationMode=1
 FLOATING-POINT NUMBERS ASSUMED ACCURATE TO 1e-06
 FLOATING-POINT NUMBERS ASSUMED ACCURATE TO 1e-06
[INFO] FiltersContainer: Replacing existing filter for setup name: SVDOnlyDefault
[INFO] ExtManager::Initialize(): Ext will run with FullSim and has initialized the extrapolator
[INFO] Ext hypothesis for PDG code 11 and its antiparticle will be extrapolated
[INFO] Ext hypothesis for PDG code 13 and its antiparticle will be extrapolated
[INFO] Ext hypothesis for PDG code 211 and its antiparticle will be extrapolated
[INFO] Ext hypothesis for PDG code 321 and its antiparticle will be extrapolated
[INFO] Ext hypothesis for PDG code 2212 and its antiparticle will be extrapolated
[INFO] Ext hypothesis for PDG code 1000010020 and its antiparticle will be extrapolated
[INFO] TOPBunchFinder: running in data processing mode
[INFO] ExtManager::Initialize(): Muid will run with FullSim; the extrapolator has already been initialized
[INFO] Muid hypothesis for PDG code 13 and its antiparticle will be extrapolated
[INFO] ParticleLoader's Summary of Actions:
[INFO]  o) creating (anti-)ParticleList with name: pi+:all (pi-:all)
[INFO]    -> MDST source: Tracks
[INFO] ParticleSelector: pi+:skim
[INFO]    -> With cuts  : pt>0.2 and abs(d0) < 2 and abs(z0) < 4
[INFO] ParticleLoader's Summary of Actions:
[INFO]  o) creating (anti-)ParticleList with name: pi+:all (pi-:all)
[INFO]    -> MDST source: Tracks
[INFO] ParticleSelector: pi+:hadb
[INFO]    -> With cuts  : p>0.1 and abs(d0) < 2 and abs(z0) < 4
[INFO] ParticleLoader's Summary of Actions:
[INFO]  o) creating (anti-)ParticleList with name: pi+:all (pi-:all)
[INFO]    -> MDST source: Tracks
[INFO] ParticleSelector: pi+:tau
[INFO]    -> With cuts  : abs(d0) < 2 and abs(z0) < 8
[INFO] ParticleLoader's Summary of Actions:
[INFO]  o) creating (anti-)ParticleList with name: gamma:all (gamma:all)
[INFO]    -> MDST source: ECLClusters and KLMClusters
[INFO] ParticleSelector: gamma:skim
[INFO]    -> With cuts  : E>0.1
[INFO] ParticleSelector: gamma:skim
[INFO]    -> With cuts  : isFromECL
[INFO] ParticleLoader's Summary of Actions:
[INFO]  o) creating (anti-)ParticleList with name: K_S0:V0 (K_S0:V0)
[INFO]    -> MDST source: V0
[INFO] ParticleVertexFitter: Performing vertex fit on K_S0:V0_MassWindow using KFit
[INFO] ParticleSelector: K_S0:V0_MassWindow
[INFO]    -> With cuts  : 0.450 < M < 0.550
[INFO] ParticleLoader's Summary of Actions:
[INFO]  o) creating (anti-)ParticleList with name: pi+:all (pi-:all)
[INFO]    -> MDST source: Tracks
[INFO] ParticleVertexFitter: Performing vertex fit on K_S0:RD using KFit
[INFO] ParticleSelector: K_S0:RD
[INFO]    -> With cuts  : 0.450 < M < 0.550
[INFO] ParticleLoader's Summary of Actions:
[INFO]  o) creating (anti-)ParticleList with name: Lambda0:V0 (anti-Lambda0:V0)
[INFO]    -> MDST source: V0
[INFO] ParticleSelector: Lambda0:V0_MassWindow
[INFO]    -> With cuts  : 1.10 < M < 1.13
[INFO] ParticleSelector: Lambda0:V0_MassWindow
[INFO]    -> With cuts  : extraInfo(highQualityVertex)
[INFO] ParticleLoader's Summary of Actions:
[INFO]  o) creating (anti-)ParticleList with name: pi+:all (pi-:all)
[INFO]    -> MDST source: Tracks
[INFO] ParticleLoader's Summary of Actions:
[INFO]  o) creating (anti-)ParticleList with name: p+:all (anti-p-:all)
[INFO]    -> MDST source: Tracks
[INFO] ParticleSelector: Lambda0:RD
[INFO]    -> With cuts  : 1.10 < M < 1.13
[INFO] ParticleSelector: Lambda0:RD
[INFO]    -> With cuts  : extraInfo(highQualityVertex)
[INFO] ParticleLoader's Summary of Actions:
[INFO]  o) creating (anti-)ParticleList with name: K+:all (K-:all)
[INFO]    -> MDST source: Tracks
[INFO] ParticleSelector: K+:dstSkim
[INFO]    -> With cuts  : abs(d0) < 2 and abs(z0) < 4
[INFO] ParticleLoader's Summary of Actions:
[INFO]  o) creating (anti-)ParticleList with name: pi+:all (pi-:all)
[INFO]    -> MDST source: Tracks
[INFO] ParticleSelector: pi+:dstSkim
[INFO]    -> With cuts  : abs(d0) < 2 and abs(z0) < 4
[INFO] ParticleLoader's Summary of Actions:
[INFO]  o) creating (anti-)ParticleList with name: gamma:all (gamma:all)
[INFO]    -> MDST source: ECLClusters and KLMClusters
[INFO] ParticleSelector: gamma:loose
[INFO]    -> With cuts  : theta > 0.296706 and theta < 2.61799 and     [[clusterReg == 1 and E > 0.03] or [clusterReg == 2 and E > 0.02] or [clusterReg == 3 and E > 0.03]] and     [abs(clusterTiming) < formula(1.0 * clusterErrorTiming) or E > 0.1] and [clusterE1E9 > 0.3 or E > 0.1]
[INFO] ParticleSelector: gamma:loose
[INFO]    -> With cuts  : isFromECL
[INFO] ParticleVertexFitter: Performing mass fit on pi0:veryLooseFit using KFit
[INFO] ParticleLoader's Summary of Actions:
[INFO]  o) creating (anti-)ParticleList with name: pi+:all (pi-:all)
[INFO]    -> MDST source: Tracks
[INFO] ParticleSelector: pi+:offip
[INFO]    -> With cuts  : [abs(z0) > 10] and [nSVDHits >=3 or nCDCHits >= 20]
[INFO] ParticleLoader's Summary of Actions:
[INFO]  o) creating (anti-)ParticleList with name: pi+:all (pi-:all)
[INFO]    -> MDST source: Tracks
[INFO] ParticleSelector: pi+:GoodTrackForHLT
[INFO]    -> With cuts  : abs(d0) < 2 and abs(z0) < 5
[INFO] ParticleLoader's Summary of Actions:
[INFO]  o) creating (anti-)ParticleList with name: K+:all (K-:all)
[INFO]    -> MDST source: Tracks
[INFO] ParticleSelector: K+:GoodTrackForHLT
[INFO]    -> With cuts  : abs(d0) < 2 and abs(z0) < 5
[INFO] ParticleLoader's Summary of Actions:
[INFO]  o) creating (anti-)ParticleList with name: gamma:all (gamma:all)
[INFO]    -> MDST source: ECLClusters and KLMClusters
[INFO] ParticleSelector: gamma:all
[INFO]    -> With cuts  : isFromECL
[INFO] MCMatcher module will search for Particle -> MCParticle associations for the ParticleList pi0:all.
[INFO]   - The MCMatcher will use default algorithm suitable for analysis of Belle II MC (for MC5 use legacy algorithm).
[INFO] ECLChannelMapper:: loaded ECLChannelMap from the database
	IoV = 1003,0,1003,-1
[INFO] [TRGECLModule] 3DBhabhaVetoInTrackThetaRegion (low : high) = (3 : 15)
[INFO] [TRGECLModule] EventTimingQualityThresholds (low : high)= (0.5 : 10) (GeV)
[INFO] [TRGECLModule] Taub2b two CL Angle cut in CM (degree) (dphi L, H, theta sum L, H ) = (110,250,130,230)
[INFO] [TRGECLModule] Taub2b Total Energy Cut in lab. (GeV) = 7
[INFO] [TRGECLModule] Taub2b Cluster Energy Cut in lab. (GeV) : (E(CL1), E(CL2)) = (1.9, 999)
[INFO] [TRGECLModule] Bhabha Add Angle cut in CM (degree) (dphi L, H, theta sum L, H) = (150,210,160,200)
[INFO] [TRGECLModule] Taub2b2 two CL Angle cut in CM (degree) (dphi L, H, theta sum L, H) = (120,240,140,220)
[INFO] [TRGECLModule] Taub2b2 Total Energy Cut in lab. (GeV) = 7
[INFO] [TRGECLModule] Taub2b2 Energy Cut in lab. for cluster in endcap (GeV) = 3
[INFO] [TRGECLModule] Taub2b2 Cluster energy cut in lab. (GeV) = 0.162
[INFO] SVDRecoConfiguration: from now on we are using SVDRecoConfiguration_default_3=6_2021-06-10T03:54:14.284092_INFO:_CoG3Time_MaxSampleCharge_CoGOnlyPosition
[INFO] SVD  6-sample DAQ, cluster time algorithm: CoG3, cluster charge algorithm: MaxSample, cluster position algorithm: CoGOnly
[INFO]  with strip charge reconstructed with MaxSample and strip time reconstructed with dontdo
[INFO] SVD  3-sample DAQ, cluster time algorithm: CoG3, cluster charge algorithm: MaxSample, cluster position algorithm: CoGOnly
[INFO]  with strip charge reconstructed with MaxSample and strip time reconstructed with dontdo
[INFO] ECLShowerCorrector beginRun: Number of energies = 8
[INFO] SVDRecoConfiguration: from now on we are using SVDRecoConfiguration_default_3=6_2021-06-10T03:54:14.284092_INFO:_CoG3Time_MaxSampleCharge_CoGOnlyPosition
[INFO] SVD  6-sample DAQ, cluster time algorithm: CoG3, cluster charge algorithm: MaxSample, cluster position algorithm: CoGOnly
[INFO]  with strip charge reconstructed with MaxSample and strip time reconstructed with dontdo
[INFO] SVD  3-sample DAQ, cluster time algorithm: CoG3, cluster charge algorithm: MaxSample, cluster position algorithm: CoGOnly
[INFO]  with strip charge reconstructed with MaxSample and strip time reconstructed with dontdo
[INFO] TOPGeometryPar: envelope of PMT dependent QE has been set
[INFO] TOPGeometryPar: QE of PMT's mapped to positions, size = 512
[INFO] TOPGeometryPar: PMT types mapped to positions, size = 512
[INFO] TOPGeometryPar: pixel relative quantum efficiencies have been set, size = 8192
[INFO] TOPRecoManager: new relative pixel efficiencies have been passed to reconstruction
[INFO] TOPRecoManager: new channel masks have been passed to reconstruction
[INFO] TOPRecoManager: channelT0-uncalibrated channels have been masked off
[INFO] TOPRecoManager: timebase-uncalibrated channels have been masked off
[WARNING] Could not extrapolate the fit result for pdg 321 to the perigee point. Why, I don't know.  { module: TrackCreator }
 ... message repeated 2 times
[WARNING] Could not extrapolate the fit result for pdg 2212 to the perigee point. Why, I don't know.  { module: TrackCreator }
[WARNING] Inner hits remained after 5 times of removing inner hits!  { module: V0Finder }
 ... message repeated 1 times
[WARNING] Could not extrapolate the fit result for pdg 321 to the perigee point. Why, I don't know.  { module: TrackCreator }
[WARNING] Could not extrapolate the fit result for pdg 211 to the perigee point. Why, I don't know.  { module: TrackCreator }
Error in <TDecompChol::Decompose()>: matrix not positive definite
Error in <TDecompChol::Decompose()>: matrix not positive definite
Error in <TDecompChol::Decompose()>: matrix not positive definite
Error in <TDecompChol::Decompose()>: matrix not positive definite
Error in <TDecompChol::Decompose()>: matrix not positive definite
Error in <TDecompChol::Decompose()>: matrix not positive definite
Error in <TDecompChol::Decompose()>: matrix not positive definite
Error in <TDecompChol::Decompose()>: matrix not positive definite
Error in <TDecompChol::Decompose()>: matrix not positive definite
Error in <TDecompChol::Decompose()>: matrix not positive definite
Error in <TDecompChol::Decompose()>: matrix not positive definite
Error in <TDecompChol::Decompose()>: matrix not positive definite
Error in <TDecompChol::Decompose()>: matrix not positive definite
Error in <TDecompChol::Decompose()>: matrix not positive definite
Error in <TDecompChol::Decompose()>: matrix not positive definite
Error in <TDecompChol::Decompose()>: matrix not positive definite
Error in <TDecompChol::Decompose()>: matrix not positive definite
Error in <TDecompChol::Decompose()>: matrix not positive definite
Error in <TDecompChol::Decompose()>: matrix not positive definite
Error in <TDecompChol::Decompose()>: matrix not positive definite
Error in <TDecompChol::Decompose()>: matrix not positive definite
Error in <TDecompChol::Decompose()>: matrix not positive definite
Error in <TDecompChol::Decompose()>: matrix not positive definite
Error in <TDecompChol::Decompose()>: matrix not positive definite
Error in <TDecompChol::Decompose()>: matrix not positive definite
Error in <TDecompChol::Decompose()>: matrix not positive definite
Error in <TDecompChol::Decompose()>: matrix not positive definite
Error in <TDecompChol::Decompose()>: matrix not positive definite
Error in <TDecompChol::Decompose()>: matrix not positive definite
Error in <TDecompChol::Decompose()>: matrix not positive definite
Error in <TDecompChol::Decompose()>: matrix not positive definite
Error in <TDecompChol::Decompose()>: matrix not positive definite
Error in <TDecompChol::Decompose()>: matrix not positive definite
Error in <TDecompChol::Decompose()>: matrix not positive definite
Error in <TDecompChol::Decompose()>: matrix not positive definite
Error in <TDecompChol::Decompose()>: matrix not positive definite
Error in <TDecompChol::Decompose()>: matrix not positive definite
Error in <TDecompChol::Decompose()>: matrix not positive definite
Error in <TDecompChol::Decompose()>: matrix not positive definite
Error in <TDecompChol::Decompose()>: matrix not positive definite
Error in <TDecompChol::Decompose()>: matrix not positive definite
Error in <TDecompChol::Decompose()>: matrix not positive definite
Error in <TDecompChol::Decompose()>: matrix not positive definite
Error in <TDecompChol::Decompose()>: matrix not positive definite
Error in <TDecompChol::Decompose()>: matrix not positive definite
Error in <TDecompChol::Decompose()>: matrix not positive definite
Error in <TDecompChol::Decompose()>: matrix not positive definite
Error in <TDecompChol::Decompose()>: matrix not positive definite
Error in <TDecompChol::Decompose()>: matrix not positive definite
Error in <TDecompChol::Decompose()>: matrix not positive definite
Error in <TDecompChol::Decompose()>: matrix not positive definite
Error in <TDecompChol::Decompose()>: matrix not positive definite
Error in <TDecompChol::Decompose()>: matrix not positive definite
Error in <TDecompChol::Decompose()>: matrix not positive definite
Error in <TDecompChol::Decompose()>: matrix not positive definite
Error in <TDecompChol::Decompose()>: matrix not positive definite
Error in <TDecompChol::Decompose()>: matrix not positive definite
Error in <TDecompChol::Decompose()>: matrix not positive definite
Error in <TDecompChol::Decompose()>: matrix not positive definite
Error in <TDecompChol::Decompose()>: matrix not positive definite
Error in <TDecompChol::Decompose()>: matrix not positive definite
Error in <TDecompChol::Decompose()>: matrix not positive definite
Error in <TDecompChol::Decompose()>: matrix not positive definite
Error in <TDecompChol::Decompose()>: matrix not positive definite
Error in <TDecompChol::Decompose()>: matrix not positive definite
Error in <TDecompChol::Decompose()>: matrix not positive definite
Error in <TDecompChol::Decompose()>: matrix not positive definite
Error in <TDecompChol::Decompose()>: matrix not positive definite
Error in <TDecompChol::Decompose()>: matrix not positive definite
Error in <TDecompChol::Decompose()>: matrix not positive definite
Error in <TDecompChol::Decompose()>: matrix not positive definite
Error in <TDecompChol::Decompose()>: matrix not positive definite
Error in <TDecompChol::Decompose()>: matrix not positive definite
Error in <TDecompChol::Decompose()>: matrix not positive definite
Error in <TDecompChol::Decompose()>: matrix not positive definite
Error in <TDecompChol::Decompose()>: matrix not positive definite
Error in <TDecompChol::Decompose()>: matrix not positive definite
Error in <TDecompChol::Decompose()>: matrix not positive definite
Error in <TDecompChol::Decompose()>: matrix not positive definite
Error in <TDecompChol::Decompose()>: matrix not positive definite
Error in <TDecompChol::Decompose()>: matrix not positive definite
Error in <TDecompChol::Decompose()>: matrix not positive definite
Error in <TDecompChol::Decompose()>: matrix not positive definite
Error in <TDecompChol::Decompose()>: matrix not positive definite
Error in <TDecompChol::Decompose()>: matrix not positive definite
Error in <TDecompChol::Decompose()>: matrix not positive definite
Error in <TDecompChol::Decompose()>: matrix not positive definite
Error in <TDecompChol::Decompose()>: matrix not positive definite
Error in <TDecompChol::Decompose()>: matrix not positive definite
Error in <TDecompChol::Decompose()>: matrix not positive definite
Error in <TDecompChol::Decompose()>: matrix not positive definite
Error in <TDecompChol::Decompose()>: matrix not positive definite
Error in <TDecompChol::Decompose()>: matrix not positive definite
Error in <TDecompChol::Decompose()>: matrix not positive definite
Error in <TDecompChol::Decompose()>: matrix not positive definite
Error in <TDecompChol::Decompose()>: matrix not positive definite
Error in <TDecompChol::Decompose()>: matrix not positive definite
Error in <TDecompChol::Decompose()>: matrix not positive definite
Error in <TDecompChol::Decompose()>: matrix not positive definite
Error in <TDecompChol::Decompose()>: matrix not positive definite
Error in <TDecompChol::Decompose()>: matrix not positive definite
Error in <TDecompChol::Decompose()>: matrix not positive definite
Error in <TDecompChol::Decompose()>: matrix not positive definite
Error in <TDecompChol::Decompose()>: matrix not positive definite
Error in <TDecompChol::Decompose()>: matrix not positive definite
Error in <TDecompChol::Decompose()>: matrix not positive definite
Error in <TDecompChol::Decompose()>: matrix not positive definite
Error in <TDecompChol::Decompose()>: matrix not positive definite
Error in <TDecompChol::Decompose()>: matrix not positive definite
Error in <TDecompChol::Decompose()>: matrix not positive definite
Error in <TDecompChol::Decompose()>: matrix not positive definite
Error in <TDecompChol::Decompose()>: matrix not positive definite
 ... message repeated 1 times
[WARNING] Could not extrapolate the fit result for pdg 321 to the perigee point. Why, I don't know.  { module: TrackCreator }
[WARNING] Could not extrapolate the fit result for pdg 211 to the perigee point. Why, I don't know.  { module: TrackCreator }
[WARNING] Could not extrapolate the fit result for pdg 321 to the perigee point. Why, I don't know.  { module: TrackCreator }
[WARNING] Could not extrapolate the fit result for pdg 211 to the perigee point. Why, I don't know.  { module: TrackCreator }
[WARNING] Could not extrapolate the fit result for pdg 2212 to the perigee point. Why, I don't know.  { module: TrackCreator }
 ... message repeated 1 times
[WARNING] Number of collected paths is too large: skipping the event and not processing it.
	Number of node paths = 400424
	Current limit of paths = 400000  { module: TrackFinderVXDCellOMat }
[WARNING] Received signal to skip the event and not processing it.  { module: TrackFinderVXDCellOMat }
[WARNING] Could not extrapolate the fit result for pdg 211 to the perigee point. Why, I don't know.  { module: TrackCreator }
[WARNING] Could not extrapolate the fit result for pdg 321 to the perigee point. Why, I don't know.  { module: TrackCreator }
[ERROR] PIDLikelihood::setLogLikelihood: log-likelihood for detector 4 is nan (i.e. +inf or NaN)! Ignoring this value. (3=CDC, 4=TOP, 5=ARICH, 6=ECL)  { module: MdstPID }
[WARNING] Could not extrapolate the fit result for pdg 321 to the perigee point. Why, I don't know.  { module: TrackCreator }
[WARNING] Could not extrapolate the fit result for pdg 2212 to the perigee point. Why, I don't know.  { module: TrackCreator }
[WARNING] Could not extrapolate the fit result for pdg 321 to the perigee point. Why, I don't know.  { module: TrackCreator }
[WARNING] Could not extrapolate the fit result for pdg 2212 to the perigee point. Why, I don't know.  { module: TrackCreator }
 ... message repeated 1 times
[WARNING] Could not extrapolate the fit result for pdg 321 to the perigee point. Why, I don't know.  { module: TrackCreator }
[WARNING] Could not extrapolate the fit result for pdg 2212 to the perigee point. Why, I don't know.  { module: TrackCreator }
 ... message repeated 1 times
[WARNING] Could not extrapolate the fit result for pdg 211 to the perigee point. Why, I don't know.  { module: TrackCreator }
[WARNING] 178591 tracks had not enough hits to have at least 5 number of degrees of freedom (NDF). No Track Candidates were created from them so they will not be passed to the track fitter  { module: TrackFinderMCTruthRecoTracks }
[INFO] The MCTrackFinder created a total of 267681 track candidates
[WARNING] There were 33 tracks skipped because of zero charge for K+:all  { module: ParticleLoader_K+:dstSkim }
[INFO] [1;35m================================================================================[0m
[INFO] [40;97m            ,.,                                                                 [0m
[INFO] [40;97m           ;%&M%;_   ,..,                                                       [0m
[INFO] [40;97m             "_ "__" % M % M %;          , ..., ,                               [0m
[INFO] [40;97m      , ..., __." --"    , .,     _ - " % &W % WM %;                            [0m
[INFO] [40;97m     ; % M&$M % "___ "_._   %M%"_."" _ """"""                                   [0m
[INFO] [40;97m       """""    "" , \_.   "_. ."                                               [0m
[INFO] [40;97m              , ., _"__ \__./ ."                                                [0m
[INFO] [40;97m          ___       __ |  y     , ..,     [97;40mThank you for using TreeFitter.       [0m
[INFO] [40;97m         /)'\    ''''| u  \ %W%W%%;                                             [0m
[INFO] [40;97m     ___)/   "---\_ \   |____"            [97;40mPlease cite both:                     [0m
[INFO] [40;97m   ;&&%%;           (|__.|)./  ,..,           [97;40m10.1016/j.nima.2020.164269        [0m
[INFO] [40;97m             ,.., ___\    |/     &&"       [97;40m   10.1016/j.nima.2005.06.078        [0m
[INFO] [40;97m           &&%%&    (| Uo /        '"     [97;40mEmail:                                [0m
[INFO] [40;97m            ''''     \ 7 \                   [97;40mfrancesco.tenchini@desy.de         [0m
[INFO] [40;97m  ._______________.-'____""-.____.           [97;40mjo-frederik.krohn@desy.de          [0m
[INFO] [40;97m   \                           /                                                [0m
[INFO] [40;97m    \       [0m[32;40mTREEFITTER[0m[40;97m        /                                                 [0m
[INFO] [40;97m     \_______________________/                                                  [0m
[INFO] [40;97m      (_)                 (_)                                                   [0m
[INFO] [40;97m                                                                                [0m
[INFO] [1;35m============= TREEFIT STATISTICS ===============================================[0m
[INFO] [1;39mCandidates before fit: 398256[0m
[INFO] [1;39mCandidates after fit:  378856[0m
[INFO] [1;39mA total of 19400 candidates were removed during the fit.[0m
[INFO] [1;39m95.1288% of candidates survived the fit.[0m
[INFO] [1;39m4.87124% of candidates did not.[0m
[INFO] [1;39mYou choose to drop all candidates with pValue < 0.[0m
[INFO] [1;35m================================================================================[0m
[WARNING] There were 36 tracks skipped because of zero charge for p+:all  { module: ParticleLoader_p+:all }
[INFO] [1;35m================================================================================[0m
[INFO] [40;97m            ,.,                                                                 [0m
[INFO] [40;97m           ;%&M%;_   ,..,                                                       [0m
[INFO] [40;97m             "_ "__" % M % M %;          , ..., ,                               [0m
[INFO] [40;97m      , ..., __." --"    , .,     _ - " % &W % WM %;                            [0m
[INFO] [40;97m     ; % M&$M % "___ "_._   %M%"_."" _ """"""                                   [0m
[INFO] [40;97m       """""    "" , \_.   "_. ."                                               [0m
[INFO] [40;97m              , ., _"__ \__./ ."                                                [0m
[INFO] [40;97m          ___       __ |  y     , ..,     [97;40mThank you for using TreeFitter.       [0m
[INFO] [40;97m         /)'\    ''''| u  \ %W%W%%;                                             [0m
[INFO] [40;97m     ___)/   "---\_ \   |____"            [97;40mPlease cite both:                     [0m
[INFO] [40;97m   ;&&%%;           (|__.|)./  ,..,           [97;40m10.1016/j.nima.2020.164269        [0m
[INFO] [40;97m             ,.., ___\    |/     &&"       [97;40m   10.1016/j.nima.2005.06.078        [0m
[INFO] [40;97m           &&%%&    (| Uo /        '"     [97;40mEmail:                                [0m
[INFO] [40;97m            ''''     \ 7 \                   [97;40mfrancesco.tenchini@desy.de         [0m
[INFO] [40;97m  ._______________.-'____""-.____.           [97;40mjo-frederik.krohn@desy.de          [0m
[INFO] [40;97m   \                           /                                                [0m
[INFO] [40;97m    \       [0m[32;40mTREEFITTER[0m[40;97m        /                                                 [0m
[INFO] [40;97m     \_______________________/                                                  [0m
[INFO] [40;97m      (_)                 (_)                                                   [0m
[INFO] [40;97m                                                                                [0m
[INFO] [1;35m============= TREEFIT STATISTICS ===============================================[0m
[INFO] [1;39mCandidates before fit: 24018[0m
[INFO] [1;39mCandidates after fit:  22259[0m
[INFO] [1;39mA total of 1759 candidates were removed during the fit.[0m
[INFO] [1;39m92.6763% of candidates survived the fit.[0m
[INFO] [1;39m7.32367% of candidates did not.[0m
[INFO] [1;39mYou choose to drop all candidates with pValue < 0.[0m
[INFO] [1;35m================================================================================[0m
[WARNING] There were 13 v0s skipped because of same charge daughters for Lambda0:V0  { module: ParticleLoader_Lambda0:V0 -> p+ pi- }
[WARNING] There were 5 v0s skipped because of same charge daughters for K_S0:V0  { module: ParticleLoader_K_S0:V0 -> pi+ pi- }
[WARNING] There were 26 tracks skipped because of zero charge for pi+:all  { module: ParticleLoader_pi+:skim }
[INFO] ===V0Finder summary=============================================================
[INFO] In total 17825 saved V0s have inner hits.
[INFO] - Inner hits successfully removed in 11835 V0s.
[INFO] - The hit removal failed in 5990 V0s, instead V0s before removing inner hits saved.
[RESULT] TOPBunchFinder: event T0 determined for 23800/24000 events
[INFO] ===Error Summary================================================================
[ERROR] PIDLikelihood::setLogLikelihood: log-likelihood for detector 4 is nan (i.e. +inf or NaN)! Ignoring this value. (3=CDC, 4=TOP, 5=ARICH, 6=ECL)  { module: MdstPID }
[WARNING] Could not extrapolate the fit result for pdg 321 to the perigee point. Why, I don't know.  { module: TrackCreator }
    (last message occurred 10 times)
[WARNING] Could not extrapolate the fit result for pdg 2212 to the perigee point. Why, I don't know.  { module: TrackCreator }
    (last message occurred 8 times)
[WARNING] Could not extrapolate the fit result for pdg 211 to the perigee point. Why, I don't know.  { module: TrackCreator }
    (last message occurred 6 times)
[WARNING] Inner hits remained after 5 times of removing inner hits!  { module: V0Finder }
    (last message occurred 2 times)
[WARNING] There were 26 tracks skipped because of zero charge for pi+:all  { module: ParticleLoader_pi+:skim }
[WARNING] There were 5 v0s skipped because of same charge daughters for K_S0:V0  { module: ParticleLoader_K_S0:V0 -> pi+ pi- }
[WARNING] There were 36 tracks skipped because of zero charge for p+:all  { module: ParticleLoader_p+:all }
[WARNING] There were 33 tracks skipped because of zero charge for K+:all  { module: ParticleLoader_K+:dstSkim }
[WARNING] 178591 tracks had not enough hits to have at least 5 number of degrees of freedom (NDF). No Track Candidates were created from them so they will not be passed to the track fitter  { module: TrackFinderMCTruthRecoTracks }
[WARNING] There were 13 v0s skipped because of same charge daughters for Lambda0:V0  { module: ParticleLoader_Lambda0:V0 -> p+ pi- }
[WARNING] Received signal to skip the event and not processing it.  { module: TrackFinderVXDCellOMat }
[WARNING] Number of collected paths is too large: skipping the event and not processing it.
	Number of node paths = 400424
	Current limit of paths = 400000  { module: TrackFinderVXDCellOMat }
[WARNING] ClockFreq4TDC changed from cdclocal 1.017774e+00 to official 1.017752e+00 (GHz)!  { module: Geometry }
[INFO] ================================================================================
[ERROR] in total, 1 errors occurred during processing
[WARNING] in total, 35 warnings occurred during processing
===============================================================================================================================================================================
Name                                                                                                                |      Calls | Memory(MB) |    Time(s) |     Time(ms)/Call
===============================================================================================================================================================================
EventInfoSetter                                                                                                     |      24001 |          0 |       0.45 |    0.02 +-   0.00
EvtGenInput                                                                                                         |      24000 |          5 |     186.36 |    7.77 +-   7.72
BGOverlayInput                                                                                                      |      24000 |         11 |      54.53 |    2.27 +-  17.46
Gearbox                                                                                                             |      24000 |          0 |       0.24 |    0.01 +-   0.00
Geometry                                                                                                            |      24000 |          0 |       0.24 |    0.01 +-   0.00
EventT0Generator                                                                                                    |      24000 |          0 |       0.50 |    0.02 +-   0.00
SimulateEventLevelTriggerTimeInfo                                                                                   |      24000 |          0 |       0.24 |    0.01 +-   0.00
FullSim                                                                                                             |      24000 |        -10 |   20050.45 |  835.44 +- 267.48
CDCDigitizer                                                                                                        |      24000 |          1 |     531.94 |   22.16 +-  16.43
TOPDigitizer                                                                                                        |      24000 |         -1 |     336.52 |   14.02 +-   6.93
ARICHDigitizer                                                                                                      |      24000 |          0 |       1.38 |    0.06 +-   0.05
ECLDigitizer                                                                                                        |      24000 |          0 |     314.08 |   13.09 +-   2.16
KLMDigitizer                                                                                                        |      24000 |          0 |      36.66 |    1.53 +-   0.54
BGOverlayExecutor_CDC...KLM                                                                                         |      24000 |          0 |     120.26 |    5.01 +-   5.95
CDCTriggerTSF                                                                                                       |      24000 |          1 |     505.67 |   21.07 +-   7.31
CDCTrigger2DFinder                                                                                                  |      24000 |          0 |      28.50 |    1.19 +-   0.58
CDCTriggerHoughETF                                                                                                  |      24000 |          0 |      23.12 |    0.96 +-   0.53
CDCTrigger2DFitter                                                                                                  |      24000 |          0 |       3.16 |    0.13 +-   0.04
CDCTrigger3DFitter                                                                                                  |      24000 |          0 |       3.97 |    0.17 +-   0.06
CDCTriggerNeuro                                                                                                     |      24000 |          0 |      10.53 |    0.44 +-   0.19
CDCTriggerTrackCombiner                                                                                             |      24000 |          0 |       4.71 |    0.20 +-   0.07
TRGECLFAM                                                                                                           |      24000 |         90 |     370.87 |   15.45 +-   1.34
TRGECL                                                                                                              |      24000 |          0 |       8.52 |    0.36 +-   0.16
KLMTrigger                                                                                                          |      24000 |          0 |       1.27 |    0.05 +-   0.15
TRGGRLMatch                                                                                                         |      24000 |          0 |       7.10 |    0.30 +-   0.04
TRGGRLProjects                                                                                                      |      24000 |          1 |       6.54 |    0.27 +-   0.02
TRGGDL                                                                                                              |      24000 |          0 |       4.21 |    0.18 +-   0.06
Sum_TriggerSimulation                                                                                               |      24000 |         98 |   22612.02 |  942.17 +- 284.69
SVDEventInfoSetter                                                                                                  |      24000 |          0 |       0.35 |    0.01 +-   0.00
SVDDigitizer                                                                                                        |      24000 |          3 |     233.42 |    9.73 +-   3.67
BGOverlayExecutor_SVD                                                                                               |      24000 |          0 |       2.98 |    0.12 +-   0.05
SVDShaperDigitSorter                                                                                                |      24000 |          0 |      10.99 |    0.46 +-   0.19
SVDZeroSuppressionEmulator                                                                                          |      24000 |          0 |      48.00 |    2.00 +-   0.69
ROIfindingConditionFromDB                                                                                           |      24000 |          0 |       0.25 |    0.01 +-   0.00
ActivatePXDPixelMasker                                                                                              |          0 |          0 |       0.00 |    0.00 +-   0.00
ActivatePXDGainCalibrator                                                                                           |          0 |          0 |       0.00 |    0.00 +-   0.00
PXDDigitizer                                                                                                        |          0 |          0 |       0.00 |    0.00 +-   0.00
BGOverlayExecutor_PXD                                                                                               |          0 |          0 |       0.00 |    0.00 +-   0.00
PXDDigitSorter                                                                                                      |          0 |          0 |       0.00 |    0.00 +-   0.00
RegisterEventLevelTrackingInfo__ROI                                                                                 |          0 |          0 |       0.00 |    0.00 +-   0.00
__ROISVDClusterizer                                                                                                 |          0 |          0 |       0.00 |    0.00 +-   0.00
__ROISVDMissingAPVsClusterCreator                                                                                   |          0 |          0 |       0.00 |    0.00 +-   0.00
SVDTrackingEventLevelMdstInfoFiller__ROI                                                                            |          0 |          0 |       0.00 |    0.00 +-   0.00
RegisterEventLevelTrackingInfo__ROI                                                                                 |          0 |          0 |       0.00 |    0.00 +-   0.00
__ROISVDSpacePointCreator                                                                                           |          0 |          0 |       0.00 |    0.00 +-   0.00
SetupGenfitExtrapolationForPXDDataReduction                                                                         |          0 |          0 |       0.00 |    0.00 +-   0.00
RegisterEventLevelTrackingInfo__ROI                                                                                 |          0 |          0 |       0.00 |    0.00 +-   0.00
SectorMapBootstrap                                                                                                  |          0 |          0 |       0.00 |    0.00 +-   0.00
SegmentNetworkProducer                                                                                              |          0 |          0 |       0.00 |    0.00 +-   0.00
TrackFinderVXDCellOMat                                                                                              |          0 |          0 |       0.00 |    0.00 +-   0.00
AddVXDTrackCandidateSubSets                                                                                         |          0 |          0 |       0.00 |    0.00 +-   0.00
QualityEstimatorVXD                                                                                                 |          0 |          0 |       0.00 |    0.00 +-   0.00
BestVXDTrackCandidatesSelector                                                                                      |          0 |          0 |       0.00 |    0.00 +-   0.00
SPTCvirtualIPRemover                                                                                                |          0 |          0 |       0.00 |    0.00 +-   0.00
SVDOverlapResolver                                                                                                  |          0 |          0 |       0.00 |    0.00 +-   0.00
SPTCmomentumSeedRetriever                                                                                           |          0 |          0 |       0.00 |    0.00 +-   0.00
SPTC2RTConverter                                                                                                    |          0 |          0 |       0.00 |    0.00 +-   0.00
SVD-only DAFRecoFitter                                                                                              |          0 |          0 |       0.00 |    0.00 +-   0.00
PXDROIFinder                                                                                                        |          0 |          0 |       0.00 |    0.00 +-   0.00
PXDdigiFilter                                                                                                       |          0 |          0 |       0.00 |    0.00 +-   0.00
PruneDataStore                                                                                                      |          0 |          0 |       0.00 |    0.00 +-   0.00
ActivatePXDPixelMasker                                                                                              |      24000 |          0 |       0.24 |    0.01 +-   0.00
ActivatePXDGainCalibrator                                                                                           |      24000 |          0 |       0.23 |    0.01 +-   0.00
PXDDigitizer                                                                                                        |      24000 |          0 |      18.37 |    0.77 +-   1.02
BGOverlayExecutor_PXD                                                                                               |      24000 |          0 |       5.50 |    0.23 +-   0.08
PXDDigitSorter                                                                                                      |      24000 |          0 |      30.50 |    1.27 +-   0.32
Sum_Simulation                                                                                                      |      24000 |          4 |     350.84 |   14.62 +-   4.78
EventsOfDoomBuster                                                                                                  |      24000 |          0 |       0.33 |    0.01 +-   0.00
Sum_EventsofDoomBuster                                                                                              |      24000 |          0 |       0.33 |    0.01 +-   0.00
ECLWaveformFit                                                                                                      |      24000 |          1 |     212.54 |    8.86 +-   2.76
ECLDigitCalibrator                                                                                                  |      24000 |          0 |      90.33 |    3.76 +-   0.73
ECLEventT0                                                                                                          |      24000 |          0 |       5.28 |    0.22 +-   0.15
ECLCRFinder                                                                                                         |      24000 |          0 |     286.03 |   11.92 +-   2.33
ECLLocalMaximumFinder                                                                                               |      24000 |          0 |      15.49 |    0.65 +-   0.13
ECLSplitterN1                                                                                                       |      24000 |          0 |      83.48 |    3.48 +-   0.93
ECLSplitterN2                                                                                                       |      24000 |          0 |      33.66 |    1.40 +-   0.31
ECLShowerCorrector                                                                                                  |      24000 |          0 |       3.54 |    0.15 +-   0.05
ECLShowerCalibrator                                                                                                 |      24000 |          0 |       0.24 |    0.01 +-   0.00
ECLShowerShape                                                                                                      |      24000 |          0 |     137.74 |    5.74 +-   1.15
ECLClusterPSD                                                                                                       |      24000 |          0 |      11.90 |    0.50 +-   0.17
ECLCovarianceMatrix                                                                                                 |      24000 |          0 |       0.78 |    0.03 +-   0.00
Sum_Clustering                                                                                                      |      24000 |          1 |     881.01 |   36.71 +-   6.46
SetupGenfitExtrapolation                                                                                            |      24000 |          0 |       0.24 |    0.01 +-   0.00
RegisterEventLevelTrackingInfo                                                                                      |      24000 |          0 |       0.47 |    0.02 +-   0.00
SVDClusterizer                                                                                                      |      24000 |          0 |      80.72 |    3.36 +-   1.20
SVDMissingAPVsClusterCreator                                                                                        |      24000 |          0 |       0.25 |    0.01 +-   0.00
SVDTrackingEventLevelMdstInfoFiller                                                                                 |      24000 |          0 |       0.35 |    0.01 +-   0.07
SVDSpacePointCreator                                                                                                |      24000 |          0 |      44.08 |    1.84 +-   1.18
PXDClusterizer                                                                                                      |      24000 |          0 |      72.24 |    3.01 +-   0.58
PXDTrackingEventLevelMdstInfoFiller                                                                                 |      24000 |          0 |       0.47 |    0.02 +-   0.00
TFCDC_WireHitPreparer                                                                                               |      24000 |          0 |      67.97 |    2.83 +-   0.81
TFCDC_ClusterPreparer                                                                                               |      24000 |          0 |     138.04 |    5.75 +-   2.12
TFCDC_SegmentFinderFacetAutomaton                                                                                   |      24000 |         13 |     972.61 |   40.53 +-  29.54
TFCDC_AxialTrackFinderLegendre                                                                                      |      24000 |         12 |     964.10 |   40.17 +-  33.13
TFCDC_TrackQualityAsserter                                                                                          |      24000 |          0 |       6.41 |    0.27 +-   0.08
TFCDC_StereoHitFinder                                                                                               |      24000 |          0 |     209.45 |    8.73 +-   6.65
TFCDC_SegmentTrackCombiner                                                                                          |      24000 |          0 |      85.20 |    3.55 +-   2.39
TFCDC_TrackQualityAsserter                                                                                          |      24000 |          0 |      17.28 |    0.72 +-   0.22
TFCDC_TrackQualityEstimator                                                                                         |      24000 |          0 |       8.03 |    0.33 +-   0.08
TFCDC_TrackExporter                                                                                                 |      24000 |          0 |      78.12 |    3.26 +-   1.00
IPTrackTimeEstimator                                                                                                |      24000 |          0 |       0.66 |    0.03 +-   0.00
CDCHitBasedT0Extraction                                                                                             |      24000 |          4 |      45.09 |    1.88 +-   0.44
CDCTrackingEventLevelMdstInfoFiller                                                                                 |      24000 |          0 |       0.73 |    0.03 +-   0.01
CDCToSVDSpacePointCKF_backward                                                                                      |      24000 |         25 |    2886.56 |  120.27 +-  47.37
CDCToSVDSpacePointCKF_forward                                                                                       |      24000 |         24 |     122.46 |    5.10 +-  15.26
SectorMapBootstrap                                                                                                  |      24000 |          0 |       0.25 |    0.01 +-   0.06
SegmentNetworkProducer                                                                                              |      24000 |          1 |      27.28 |    1.14 +-   1.85
TrackFinderVXDCellOMat                                                                                              |      24000 |         15 |      14.98 |    0.62 +-   9.34
AddVXDTrackCandidateSubSets                                                                                         |      24000 |          0 |       1.89 |    0.08 +-   0.08
QualityEstimatorVXD                                                                                                 |      24000 |          0 |       2.54 |    0.11 +-   0.33
BestVXDTrackCandidatesSelector                                                                                      |      24000 |          0 |       0.29 |    0.01 +-   0.03
SPTCvirtualIPRemover                                                                                                |      24000 |          0 |       0.27 |    0.01 +-   0.00
SVDOverlapResolver                                                                                                  |      24000 |          0 |      31.88 |    1.33 +-   4.02
SPTCmomentumSeedRetriever                                                                                           |      24000 |          0 |       1.05 |    0.04 +-   0.03
SPTC2RTConverter                                                                                                    |      24000 |          0 |       4.90 |    0.20 +-   0.17
DAFRecoFitter                                                                                                       |      24000 |          0 |      44.04 |    1.83 +-  12.18
CDCToSVDSeedCKF_backward                                                                                            |      24000 |          1 |      48.99 |    2.04 +-  12.20
DAFRecoFitter                                                                                                       |      24000 |          0 |      41.94 |    1.75 +-  12.19
CDCToSVDSeedCKF_forward                                                                                             |      24000 |          0 |      56.27 |    2.34 +-  12.19
RelatedTracksCombiner                                                                                               |      24000 |         -2 |     355.91 |   14.83 +-  17.11
ToCDCCKF                                                                                                            |      24000 |          0 |     416.96 |   17.37 +-  24.67
CDCCKFTracksCombiner                                                                                                |      24000 |          0 |     141.66 |    5.90 +-   1.70
PruneRecoTracks                                                                                                     |      24000 |          0 |       5.47 |    0.23 +-   0.07
PruneRecoTracks                                                                                                     |      24000 |          0 |       0.51 |    0.02 +-   0.01
PXDSpacePointCreator                                                                                                |      24000 |          0 |      50.24 |    2.09 +-   0.39
DAFRecoFitter                                                                                                       |      24000 |          4 |    3391.11 |  141.30 +-  43.41
ToPXDCKF_backward                                                                                                   |      24000 |         35 |     319.00 |   13.29 +-   8.66
DAFRecoFitter                                                                                                       |      24000 |         -0 |      15.69 |    0.65 +-   7.73
ToPXDCKF_forward                                                                                                    |      24000 |          0 |     133.67 |    5.57 +-   7.79
RelatedTracksCombiner                                                                                               |      24000 |         -0 |     165.53 |    6.90 +-   7.91
PruneRecoTracks                                                                                                     |      24000 |          0 |      42.61 |    1.78 +-   0.51
PruneRecoTracks                                                                                                     |      24000 |          0 |       2.69 |    0.11 +-   0.05
PruneRecoTracks                                                                                                     |      24000 |          0 |      44.21 |    1.84 +-   0.46
PruneRecoTracks                                                                                                     |      24000 |          0 |       0.71 |    0.03 +-   0.00
FullGridChi2TrackTimeExtractor                                                                                      |      24000 |          1 |    5530.29 |  230.43 +-  60.13
TrackFinderMCTruthRecoTracks                                                                                        |      24000 |          0 |     187.36 |    7.81 +-   2.90
MCRecoTracksMatcher                                                                                                 |      24000 |          0 |     590.47 |   24.60 +-  11.24
IPTrackTimeEstimator                                                                                                |      24000 |          0 |       0.91 |    0.04 +-   0.01
Combined_DAFRecoFitter                                                                                              |      24000 |         -2 |    3544.91 |  147.70 +-  42.22
TrackCreator                                                                                                        |      24000 |         -0 |    6660.51 |  277.52 +-  76.71
Sum_Prefilter_Tracking                                                                                              |      24000 |        133 |   27678.50 | 1153.27 +- 303.37
CDCDedxPID                                                                                                          |      24000 |          1 |     183.98 |    7.67 +-   1.93
VXDDedxPID                                                                                                          |      24000 |          0 |      24.50 |    1.02 +-   0.26
Ext                                                                                                                 |      24000 |          0 |    1082.95 |   45.12 +-  35.72
TOPChannelMasker                                                                                                    |      24000 |          1 |       6.12 |    0.26 +-   0.10
TOPBunchFinder                                                                                                      |      24000 |          4 |    1350.87 |   56.29 +-  23.54
TOPReconstructor                                                                                                    |      24000 |        -47 |    4527.16 |  188.63 +-  76.88
ARICHFillHits                                                                                                       |      24000 |          0 |       2.53 |    0.11 +-   0.03
ARICHReconstructor                                                                                                  |      24000 |          1 |      43.71 |    1.82 +-   1.46
EventT0Combiner                                                                                                     |      24000 |          0 |       0.32 |    0.01 +-   0.01
OnlineEventT0Creator                                                                                                |      24000 |          0 |       0.24 |    0.01 +-   0.00
ECLFinalizer                                                                                                        |      24000 |          0 |      11.83 |    0.49 +-   0.14
MCMatcherECLClusters                                                                                                |      24000 |          0 |     173.41 |    7.23 +-   2.33
KLMReconstructor                                                                                                    |      24000 |          1 |       9.16 |    0.38 +-   0.17
KLMClustersReconstructor                                                                                            |      24000 |          0 |       2.09 |    0.09 +-   0.07
MCMatcherKLMClusters                                                                                                |      24000 |          0 |       9.09 |    0.38 +-   0.22
Muid                                                                                                                |      24000 |          1 |     571.03 |   23.79 +-   7.47
ECLTrackClusterMatching                                                                                             |      24000 |          1 |      14.16 |    0.59 +-   0.59
ECLClusterProperties                                                                                                |      24000 |          0 |     141.15 |    5.88 +-   1.68
ECLChargedPID                                                                                                       |      24000 |          0 |       3.63 |    0.15 +-   0.15
MdstPID                                                                                                             |      24000 |          0 |       3.61 |    0.15 +-   0.15
KLMExpert                                                                                                           |      24000 |          0 |       3.90 |    0.16 +-   0.13
ClusterMatcher                                                                                                      |      24000 |          0 |       8.40 |    0.35 +-   0.13
ECLTrackBremFinder                                                                                                  |      24000 |          0 |     169.81 |    7.08 +-   9.96
Sum_Posttracking_Reconstruction                                                                                     |      24000 |        -36 |    8343.64 |  347.65 +- 110.75
SoftwareTrigger                                                                                                     |      24000 |          0 |       8.18 |    0.34 +-   0.29
Sum_HLT_Filter_Calculation                                                                                          |      24000 |          0 |       8.18 |    0.34 +-   0.29
V0Finder                                                                                                            |      24000 |        239 |   10366.17 |  431.92 +- 341.21
PruneRecoTracks                                                                                                     |      24000 |          0 |     116.72 |    4.86 +-   1.28
PruneGenfitTracks                                                                                                   |      24000 |          0 |       0.32 |    0.01 +-   0.00
PruneRecoHits                                                                                                       |      24000 |          1 |     500.25 |   20.84 +-  12.12
Sum_Postfilter_Reconstruction                                                                                       |      24000 |        240 |   10983.46 |  457.64 +- 353.36
ParticleLoader_pi+:skim                                                                                             |      24000 |          0 |      12.48 |    0.52 +-   0.42
PListCopy_pi+:skim                                                                                                  |      24000 |          0 |       0.72 |    0.03 +-   0.02
ParticleSelector_applyCuts_pi+:skim                                                                                 |      24000 |          0 |       0.82 |    0.03 +-   0.00
ParticleLoader_pi+:hadb                                                                                             |      24000 |          0 |       0.26 |    0.01 +-   0.00
PListCopy_pi+:hadb                                                                                                  |      24000 |          0 |       0.52 |    0.02 +-   0.01
ParticleSelector_applyCuts_pi+:hadb                                                                                 |      24000 |          0 |       0.50 |    0.02 +-   0.00
ParticleLoader_pi+:tau                                                                                              |      24000 |          0 |       0.25 |    0.01 +-   0.00
PListCopy_pi+:tau                                                                                                   |      24000 |          0 |       0.50 |    0.02 +-   0.01
ParticleSelector_applyCuts_pi+:tau                                                                                  |      24000 |          0 |       0.48 |    0.02 +-   0.00
ParticleLoader_gamma:skim                                                                                           |      24000 |          0 |       7.21 |    0.30 +-   0.17
PListCopy_gamma:skim                                                                                                |      24000 |          0 |       0.74 |    0.03 +-   0.02
ParticleSelector_applyCuts_gamma:skim                                                                               |      24000 |          0 |       0.41 |    0.02 +-   0.00
ParticleSelector_applyCuts_gamma:skim                                                                               |      24000 |          0 |       0.29 |    0.01 +-   0.00
ParticleLoader_K_S0:V0 -> pi+ pi-                                                                                   |      24000 |          0 |       1.17 |    0.05 +-   0.16
PListCutAndCopy_K_S0:V0_MassWindow                                                                                  |      24000 |          0 |       0.33 |    0.01 +-   0.00
ParticleVertexFitter_K_S0:V0_MassWindow                                                                             |      24000 |          0 |       4.45 |    0.19 +-   0.29
ParticleSelector_applyCuts_K_S0:V0_MassWindow                                                                       |      24000 |          0 |       0.25 |    0.01 +-   0.00
ParticleLoader_pi+:all                                                                                              |      24000 |          0 |       0.25 |    0.01 +-   0.00
ParticleCombiner_K_S0:RD -> pi+:all pi-:all                                                                         |      24000 |          0 |       2.44 |    0.10 +-   0.06
ParticleVertexFitter_K_S0:RD                                                                                        |      24000 |          0 |      45.14 |    1.88 +-   1.55
ParticleSelector_applyCuts_K_S0:RD                                                                                  |      24000 |          0 |       0.35 |    0.01 +-   0.00
PListMerger_K_S0:merged                                                                                             |      24000 |          0 |       0.48 |    0.02 +-   0.00
PListCutAndCopy_K_S0:dstSkim                                                                                        |      24000 |          0 |       1.23 |    0.05 +-   0.08
ParticleLoader_Lambda0:V0 -> p+ pi-                                                                                 |      24000 |          0 |       1.35 |    0.06 +-   0.07
PListCutAndCopy_Lambda0:V0_MassWindow                                                                               |      24000 |          0 |       0.37 |    0.02 +-   0.00
TreeFitter_Lambda0:V0_MassWindow                                                                                    |      24000 |          0 |       7.43 |    0.31 +-   0.78
ParticleSelector_applyCuts_Lambda0:V0_MassWindow                                                                    |      24000 |          0 |       0.26 |    0.01 +-   0.00
DuplicateVertexMarker                                                                                               |      24000 |          0 |       0.29 |    0.01 +-   0.01
ParticleSelector_applyCuts_Lambda0:V0_MassWindow                                                                    |      24000 |          0 |       0.26 |    0.01 +-   0.00
ParticleLoader_pi+:all                                                                                              |      24000 |          0 |       0.26 |    0.01 +-   0.00
ParticleLoader_p+:all                                                                                               |      24000 |          0 |       3.89 |    0.16 +-   0.04
ParticleCombiner_Lambda0:RD -> p+:all pi-:all                                                                       |      24000 |          0 |       2.87 |    0.12 +-   0.09
TreeFitter_Lambda0:RD                                                                                               |      24000 |          0 |      79.82 |    3.33 +-   4.45
ParticleSelector_applyCuts_Lambda0:RD                                                                               |      24000 |          0 |       0.39 |    0.02 +-   0.00
DuplicateVertexMarker                                                                                               |      24000 |          0 |       0.49 |    0.02 +-   0.03
ParticleSelector_applyCuts_Lambda0:RD                                                                               |      24000 |          0 |       0.32 |    0.01 +-   0.00
PListMerger_Lambda0:merged                                                                                          |      24000 |          0 |       0.52 |    0.02 +-   0.01
ParticleLoader_K+:dstSkim                                                                                           |      24000 |          0 |       4.00 |    0.17 +-   0.05
PListCopy_K+:dstSkim                                                                                                |      24000 |          0 |       0.51 |    0.02 +-   0.00
ParticleSelector_applyCuts_K+:dstSkim                                                                               |      24000 |          0 |       0.54 |    0.02 +-   0.00
ParticleLoader_pi+:dstSkim                                                                                          |      24000 |          0 |       0.26 |    0.01 +-   0.00
PListCopy_pi+:dstSkim                                                                                               |      24000 |          0 |       0.49 |    0.02 +-   0.00
ParticleSelector_applyCuts_pi+:dstSkim                                                                              |      24000 |          0 |       0.51 |    0.02 +-   0.00
ParticleLoader_gamma:loose                                                                                          |      24000 |          0 |       0.26 |    0.01 +-   0.00
PListCopy_gamma:loose                                                                                               |      24000 |          0 |       0.72 |    0.03 +-   0.01
ParticleSelector_applyCuts_gamma:loose                                                                              |      24000 |          0 |       1.10 |    0.05 +-   0.01
ParticleSelector_applyCuts_gamma:loose                                                                              |      24000 |          0 |       0.31 |    0.01 +-   0.00
ParticleCombiner_pi0:loose -> gamma:loose gamma:loose                                                               |      24000 |          0 |       7.57 |    0.32 +-   0.21
PListCutAndCopy_pi0:veryLooseFit                                                                                    |      24000 |          0 |       1.42 |    0.06 +-   0.04
ParticleVertexFitter_pi0:veryLooseFit                                                                               |      24000 |          0 |      67.54 |    2.81 +-   2.02
ParticleCombiner_D0:ch1 -> K-:dstSkim pi+:dstSkim                                                                   |      24000 |          0 |       1.64 |    0.07 +-   0.02
ParticleCombiner_D0:ch2 -> K-:dstSkim pi+:dstSkim pi0:veryLooseFit                                                  |      24000 |          0 |      56.49 |    2.35 +-   2.07
ParticleCombiner_D0:ch3 -> K-:dstSkim pi+:dstSkim pi-:dstSkim pi+:dstSkim                                           |      24000 |          0 |      16.75 |    0.70 +-   0.92
ParticleCombiner_D0:ch4 -> K_S0:dstSkim pi+:dstSkim pi-:dstSkim                                                     |      24000 |          0 |       0.52 |    0.02 +-   0.03
ParticleCombiner_D*+:ch1 -> D0:ch1 pi+:all                                                                          |      24000 |          0 |       0.96 |    0.04 +-   0.02
ParticleCombiner_D*+:ch2 -> D0:ch2 pi+:all                                                                          |      24000 |          0 |      34.83 |    1.45 +-   1.63
ParticleCombiner_D*+:ch3 -> D0:ch3 pi+:all                                                                          |      24000 |          0 |       7.81 |    0.33 +-   0.74
ParticleCombiner_D*+:ch4 -> D0:ch4 pi+:all                                                                          |      24000 |          0 |       0.48 |    0.02 +-   0.03
PListCopy_D*+:d0pi                                                                                                  |      24000 |          0 |       0.60 |    0.03 +-   0.05
ParticleLoader_pi+:offip                                                                                            |      24000 |          0 |       0.28 |    0.01 +-   0.00
PListCopy_pi+:offip                                                                                                 |      24000 |          0 |       0.51 |    0.02 +-   0.01
ParticleSelector_applyCuts_pi+:offip                                                                                |      24000 |          0 |       0.64 |    0.03 +-   0.01
ParticleLoader_pi+:GoodTrackForHLT                                                                                  |      24000 |          0 |       0.25 |    0.01 +-   0.00
PListCopy_pi+:GoodTrackForHLT                                                                                       |      24000 |          0 |       0.50 |    0.02 +-   0.01
ParticleSelector_applyCuts_pi+:GoodTrackForHLT                                                                      |      24000 |          0 |       0.51 |    0.02 +-   0.00
ParticleLoader_K+:GoodTrackForHLT                                                                                   |      24000 |          0 |       0.26 |    0.01 +-   0.00
PListCopy_K+:GoodTrackForHLT                                                                                        |      24000 |          0 |       0.49 |    0.02 +-   0.00
ParticleSelector_applyCuts_K+:GoodTrackForHLT                                                                       |      24000 |          0 |       0.54 |    0.02 +-   0.00
ParticleLoader_gamma:all                                                                                            |      24000 |          0 |       0.26 |    0.01 +-   0.00
ParticleSelector_applyCuts_gamma:all                                                                                |      24000 |          0 |       0.38 |    0.02 +-   0.00
ParticleCombiner_pi0:all -> gamma:all gamma:all                                                                     |      24000 |          0 |      38.66 |    1.61 +-   0.92
MCMatch_pi0:all                                                                                                     |      24000 |          0 |      12.25 |    0.51 +-   0.34
PListCutAndCopy_pi0:GoodPi0ForHLT                                                                                   |      24000 |          0 |       6.52 |    0.27 +-   0.22
ParticleCombiner_D0:KpiForHLT -> K-:GoodTrackForHLT pi+:GoodTrackForHLT                                             |      24000 |          0 |       1.25 |    0.05 +-   0.12
ParticleCombiner_D0:Kpipi0ForHLT -> K-:GoodTrackForHLT pi+:GoodTrackForHLT pi0:GoodPi0ForHLT                        |      24000 |          0 |      37.34 |    1.56 +-   1.29
ParticleCombiner_D0:KpipipiForHLT -> K-:GoodTrackForHLT pi+:GoodTrackForHLT pi+:GoodTrackForHLT pi-:GoodTrackForHLT |      24000 |          0 |      15.47 |    0.64 +-   0.86
ParticleCombiner_D+:KpipiForHLT -> K-:GoodTrackForHLT pi+:GoodTrackForHLT pi+:GoodTrackForHLT                       |      24000 |          0 |       2.62 |    0.11 +-   0.16
ParticleCombiner_D*+:D0_KpiForHLT -> D0:KpiForHLT pi+:GoodTrackForHLT                                               |      24000 |          0 |       0.50 |    0.02 +-   0.03
ParticleCombiner_D*+:D0_Kpipi0ForHLT -> D0:Kpipi0ForHLT pi+:GoodTrackForHLT                                         |      24000 |          0 |      10.10 |    0.42 +-   0.47
ParticleCombiner_D*+:D0_KpipipiForHLT -> D0:KpipipiForHLT pi+:GoodTrackForHLT                                       |      24000 |          0 |       3.35 |    0.14 +-   0.34
ParticleCombiner_B+:BtoD0pi_KpiForHLT -> anti-D0:KpiForHLT pi+:GoodTrackForHLT                                      |      24000 |          0 |       0.83 |    0.03 +-   0.01
ParticleCombiner_B+:BtoD0pi_Kpipi0ForHLT -> anti-D0:Kpipi0ForHLT pi+:GoodTrackForHLT                                |      24000 |          0 |      21.47 |    0.89 +-   0.93
ParticleCombiner_B+:BtoD0pi_KpipipiForHLT -> anti-D0:KpipipiForHLT pi+:GoodTrackForHLT                              |      24000 |          0 |       6.57 |    0.27 +-   0.64
ParticleCombiner_B0:B0toDpi_KpipiForHLT -> D-:KpipiForHLT pi+:GoodTrackForHLT                                       |      24000 |          0 |       0.94 |    0.04 +-   0.03
ParticleCombiner_B0:B0toDstarPi_D0pi_KpiForHLT -> D*-:D0_KpiForHLT pi+:GoodTrackForHLT                              |      24000 |          0 |       0.37 |    0.02 +-   0.01
ParticleCombiner_B0:B0toDstarPi_D0pi_KpipipiForHLT -> D*-:D0_KpipipiForHLT pi+:GoodTrackForHLT                      |      24000 |          0 |       1.05 |    0.04 +-   0.23
ParticleCombiner_B0:B0toDstarPi_D0pi_Kpipi0ForHLT -> D*-:D0_Kpipi0ForHLT pi+:GoodTrackForHLT                        |      24000 |          0 |       1.96 |    0.08 +-   0.21
PListCopy_B+:BtoCharmForHLT                                                                                         |      24000 |          0 |       0.91 |    0.04 +-   0.08
PListCopy_B0:BtoCharmForHLT                                                                                         |      24000 |          0 |       0.46 |    0.02 +-   0.04
SoftwareTrigger                                                                                                     |      24000 |          0 |      69.92 |    2.91 +-   1.13
Sum_HLT_Skim_Calculation                                                                                            |      24000 |          2 |     622.25 |   25.93 +-  16.87
RootOutput                                                                                                          |      24000 |         22 |      27.58 |    1.15 +-  18.41
===============================================================================================================================================================================
Total                                                                                                               |      24001 |        475 |   72239.07 | 3009.84 +- 830.89
===============================================================================================================================================================================




 ***************************************************************************
 *                         *****TAUOLA LIBRARY: VERSION 2.9 ******         *
 *                         ***********October 2011 ***************         *
 *                         **AUTHORS: S.JADACH, Z.WAS*************         *
 *                         **R. DECKER, M. JEZABEK, J.H.KUEHN*****         *
 *                         **AVAILABLE FROM: www.cern.ch/wasm****          *
 *                         ***** PUBLISHED IN COMP. PHYS. COMM.***         *
 *                         0: Physics initialization  CLEO collab          *
 *                          see Alain Weinstein www home page:             *
 *                         http://www.cithep.caltech.edu/~ajw/             *
 *                         /korb_doc.html#files                            *
 *                         1: Physics initialization RChL of:              *
 *                          O. Shekhovtsova, T. Przedzinski,               *
 *                          P. Roig and Z. Was                             *
 *                          IFJPAN-2013-5, UAB-FT-731                      *
 *                         *******CPC 76 (1993) 361          *****         *
 *                         **5 or more pi dec.: precision limited          *
 *                         ****DEKAY ROUTINE: INITIALIZATION******         *
 *                   0     JAK1   = DECAY MODE TAU+                        *
 *                   0     JAK2   = DECAY MODE TAU-                        *
 ***************************************************************************

 *                   1     IVER   = hadronic current version           *
  RANMAR INITIALIZED:   54217137           0         0

 ***************************************************************************

  In F3pi: chpt + 1 resonance + 2 resonance (RchT)
  KORB: rho/rhop -> pi-pi0 mixing:
  KORB: rho   =  0.769900024      0.151199996    
  KORB: rhop  =   1.37000000      0.509999990     -0.109999999    
  KORB: K*/K*prime -> Kpi mixing:
  KORB: kstp  =   1.70000005      0.234999999      -3.79999988E-02
  KORB: a1/a1prime -> 3pi, KKpi mixing:
  KORB: a1    =   1.27499998      0.699999988    
  KORB: a1prim=   1.46099997      0.250000000       0.00000000    
  KORB: K1A/K1B -> Kpipi mixing:
  KORB: K1A   =   1.26999998       9.00000036E-02   1.00000000    
  KORB: K1B   =   1.40199995      0.173999995      0.800000012    
  KORB: rho/rhop/rhopp -> 4pi mixing:
  KORB: rho   =  0.769900024      0.151199996    
  KORB: rhopp =   1.46500003      0.310000002     -0.109999999    
  KORB: rhoppp=   1.70000005      0.234999999     -0.109999999    
  KORB: 3PI-PI0 PARAMS:   0.00000000      0.124200001      0.160400003      0.271100014      0.444299996    
  KORB: PI-3PI0 PARAMS:   0.00000000       1.00000000    
=======================================================================
======       Pre-compound/De-excitation Physics Parameters     ========
=======================================================================
Type of pre-compound inverse x-section              3
Pre-compound model active                           1
Pre-compound excitation low energy (MeV)            0.1
Pre-compound excitation high energy (MeV)           30
Type of de-excitation inverse x-section             3
Type of de-excitation factory                       Evaporation+GEM
Number of de-excitation channels                    68
Min excitation energy (keV)                         0.01
Min energy per nucleon for multifragmentation (MeV) 2e+05
Limit excitation energy for Fermi BreakUp (MeV)     20
Level density (1/MeV)                               0.075
Use simple level density model                      1
Use discrete excitation energy of the residual      0
Time limit for long lived isomeres (ns)             1000
Internal e- conversion flag                         1
Store e- internal conversion data                   0
Electron internal conversion ID                     0
Correlated gamma emission flag                      0
Max 2J for sampling of angular correlations         10
Upload data before 1st event for                Z < 9
=======================================================================
=======================================================================
======       Pre-compound/De-excitation Physics Parameters     ========
=======================================================================
Type of pre-compound inverse x-section              3
Pre-compound model active                           1
Pre-compound excitation low energy (MeV)            0.1
Pre-compound excitation high energy (MeV)           30
Type of de-excitation inverse x-section             3
Type of de-excitation factory                       Evaporation+GEM
Number of de-excitation channels                    68
Min excitation energy (keV)                         0.01
Min energy per nucleon for multifragmentation (MeV) 2e+05
Limit excitation energy for Fermi BreakUp (MeV)     20
Level density (1/MeV)                               0.075
Use simple level density model                      1
Use discrete excitation energy of the residual      0
Time limit for long lived isomeres (ns)             1000
Internal e- conversion flag                         1
Store e- internal conversion data                   0
Electron internal conversion ID                     0
Correlated gamma emission flag                      0
Max 2J for sampling of angular correlations         10
Upload data before 1st event for                Z < 9
=======================================================================
