[INFO] Steering file: mc_gen_steer.py

**************************************************************
 Geant4 version Name: geant4-10-06-patch-03    (6-November-2020)
                       Copyright : Geant4 Collaboration
                      References : NIM A 506 (2003), 250-303
                                 : IEEE-TNS 53 (2006), 270-278
                                 : NIM A 835 (2016), 186-225
                             WWW : http://geant4.org/
**************************************************************

[WARNING] stdPi0s is loading "May2020" pi0 recommendations. Please check Neutrals Performance Confluence page for most up-to-date pi0 recommendations.
[INFO] Starting event processing, random seed is set to '1d98770e7062f9b7ceaad927c2200982a868465f49055b73e283b5978e1213'
[INFO] Conditions Database: found working server
	url = http://belle2db.sdcc.bnl.gov/b2s/rest/
[INFO] Conditions data: configured globaltags (highest priority first) are mc_production_MC15ri_a, release-06-00-07
[INFO] SVDNoiseCalibrations: from now on we are using ../databases/user_xmls/phase3-globalruns/GlobalRun_LV7_HV50_VS-0.8_hv_shift_L6_30V_MaxStrip64_20201029_14-000656.xml
TClass::Init:0: RuntimeWarning: no dictionary for class pair<unsigned short,Belle2::KLMChannelStatus::ChannelStatus> is available
 ... message repeated 3 times
[INFO] SVDFADCMaskedStrips: from now on we are using /mnt/data/user_xmls/phase3-globalruns/GlobalRun_LV7_HV50_VS-0.8_hv_shift_L6_30V_MaxStrip64_20201029_14-000656.xml
[INFO] SVDChargeSimulationCalibrations: from now on we are using ChargeSimulationCalibrations_default_2021-06-25T23:32:19.954782_INFO:release-06_APVCouplings=0
[INFO] SVDPulseShapeCalibrations: from now on we are using PulseShapeCalibrations_default_2020-04-27T21:41:16.240855_INFO:_peakTime=fromPhase3calibrations_pulseWidth=130_gain=fromPhase3calibrations
[INFO] BGOverlayInput: starting with event 1361707
[WARNING] ClockFreq4TDC changed from cdclocal 1.017774e+00 to official 1.017752e+00 (GHz)!  { module: Geometry }
[INFO] Using Belle2 physics list
### Birks coefficients used in run time
   G4_POLYSTYRENE     0.07943 mm/MeV     0.00841958 g/cm^2/MeV  massFactor=  101.167 effCharge= 0.027027
[INFO] Setting global Geant4 production cut
	cutValue = 0.070000000000000007
[INFO] Perform Geant4 final initialization: Geometry optimization, PhysicsList calculations...
[INFO] done, Geant4 ready
[INFO] TRGGDLModule::initialize. simulationMode=1
 FLOATING-POINT NUMBERS ASSUMED ACCURATE TO 1e-06
 FLOATING-POINT NUMBERS ASSUMED ACCURATE TO 1e-06
[INFO] FiltersContainer: Replacing existing filter for setup name: SVDOnlyDefault
[INFO] ExtManager::Initialize(): Ext will run with FullSim and has initialized the extrapolator
[INFO] Ext hypothesis for PDG code 11 and its antiparticle will be extrapolated
[INFO] Ext hypothesis for PDG code 13 and its antiparticle will be extrapolated
[INFO] Ext hypothesis for PDG code 211 and its antiparticle will be extrapolated
[INFO] Ext hypothesis for PDG code 321 and its antiparticle will be extrapolated
[INFO] Ext hypothesis for PDG code 2212 and its antiparticle will be extrapolated
[INFO] Ext hypothesis for PDG code 1000010020 and its antiparticle will be extrapolated
[INFO] TOPBunchFinder: running in data processing mode
[INFO] ExtManager::Initialize(): Muid will run with FullSim; the extrapolator has already been initialized
[INFO] Muid hypothesis for PDG code 13 and its antiparticle will be extrapolated
[INFO] ParticleLoader's Summary of Actions:
[INFO]  o) creating (anti-)ParticleList with name: pi+:all (pi-:all)
[INFO]    -> MDST source: Tracks
[INFO] ParticleSelector: pi+:skim
[INFO]    -> With cuts  : pt>0.2 and abs(d0) < 2 and abs(z0) < 4
[INFO] ParticleLoader's Summary of Actions:
[INFO]  o) creating (anti-)ParticleList with name: pi+:all (pi-:all)
[INFO]    -> MDST source: Tracks
[INFO] ParticleSelector: pi+:hadb
[INFO]    -> With cuts  : p>0.1 and abs(d0) < 2 and abs(z0) < 4
[INFO] ParticleLoader's Summary of Actions:
[INFO]  o) creating (anti-)ParticleList with name: pi+:all (pi-:all)
[INFO]    -> MDST source: Tracks
[INFO] ParticleSelector: pi+:tau
[INFO]    -> With cuts  : abs(d0) < 2 and abs(z0) < 8
[INFO] ParticleLoader's Summary of Actions:
[INFO]  o) creating (anti-)ParticleList with name: gamma:all (gamma:all)
[INFO]    -> MDST source: ECLClusters and KLMClusters
[INFO] ParticleSelector: gamma:skim
[INFO]    -> With cuts  : E>0.1
[INFO] ParticleSelector: gamma:skim
[INFO]    -> With cuts  : isFromECL
[INFO] ParticleLoader's Summary of Actions:
[INFO]  o) creating (anti-)ParticleList with name: K_S0:V0 (K_S0:V0)
[INFO]    -> MDST source: V0
[INFO] ParticleVertexFitter: Performing vertex fit on K_S0:V0_MassWindow using KFit
[INFO] ParticleSelector: K_S0:V0_MassWindow
[INFO]    -> With cuts  : 0.450 < M < 0.550
[INFO] ParticleLoader's Summary of Actions:
[INFO]  o) creating (anti-)ParticleList with name: pi+:all (pi-:all)
[INFO]    -> MDST source: Tracks
[INFO] ParticleVertexFitter: Performing vertex fit on K_S0:RD using KFit
[INFO] ParticleSelector: K_S0:RD
[INFO]    -> With cuts  : 0.450 < M < 0.550
[INFO] ParticleLoader's Summary of Actions:
[INFO]  o) creating (anti-)ParticleList with name: Lambda0:V0 (anti-Lambda0:V0)
[INFO]    -> MDST source: V0
[INFO] ParticleSelector: Lambda0:V0_MassWindow
[INFO]    -> With cuts  : 1.10 < M < 1.13
[INFO] ParticleSelector: Lambda0:V0_MassWindow
[INFO]    -> With cuts  : extraInfo(highQualityVertex)
[INFO] ParticleLoader's Summary of Actions:
[INFO]  o) creating (anti-)ParticleList with name: pi+:all (pi-:all)
[INFO]    -> MDST source: Tracks
[INFO] ParticleLoader's Summary of Actions:
[INFO]  o) creating (anti-)ParticleList with name: p+:all (anti-p-:all)
[INFO]    -> MDST source: Tracks
[INFO] ParticleSelector: Lambda0:RD
[INFO]    -> With cuts  : 1.10 < M < 1.13
[INFO] ParticleSelector: Lambda0:RD
[INFO]    -> With cuts  : extraInfo(highQualityVertex)
[INFO] ParticleLoader's Summary of Actions:
[INFO]  o) creating (anti-)ParticleList with name: K+:all (K-:all)
[INFO]    -> MDST source: Tracks
[INFO] ParticleSelector: K+:dstSkim
[INFO]    -> With cuts  : abs(d0) < 2 and abs(z0) < 4
[INFO] ParticleLoader's Summary of Actions:
[INFO]  o) creating (anti-)ParticleList with name: pi+:all (pi-:all)
[INFO]    -> MDST source: Tracks
[INFO] ParticleSelector: pi+:dstSkim
[INFO]    -> With cuts  : abs(d0) < 2 and abs(z0) < 4
[INFO] ParticleLoader's Summary of Actions:
[INFO]  o) creating (anti-)ParticleList with name: gamma:all (gamma:all)
[INFO]    -> MDST source: ECLClusters and KLMClusters
[INFO] ParticleSelector: gamma:loose
[INFO]    -> With cuts  : theta > 0.296706 and theta < 2.61799 and     [[clusterReg == 1 and E > 0.03] or [clusterReg == 2 and E > 0.02] or [clusterReg == 3 and E > 0.03]] and     [abs(clusterTiming) < formula(1.0 * clusterErrorTiming) or E > 0.1] and [clusterE1E9 > 0.3 or E > 0.1]
[INFO] ParticleSelector: gamma:loose
[INFO]    -> With cuts  : isFromECL
[INFO] ParticleVertexFitter: Performing mass fit on pi0:veryLooseFit using KFit
[INFO] ParticleLoader's Summary of Actions:
[INFO]  o) creating (anti-)ParticleList with name: pi+:all (pi-:all)
[INFO]    -> MDST source: Tracks
[INFO] ParticleSelector: pi+:offip
[INFO]    -> With cuts  : [abs(z0) > 10] and [nSVDHits >=3 or nCDCHits >= 20]
[INFO] ParticleLoader's Summary of Actions:
[INFO]  o) creating (anti-)ParticleList with name: pi+:all (pi-:all)
[INFO]    -> MDST source: Tracks
[INFO] ParticleSelector: pi+:GoodTrackForHLT
[INFO]    -> With cuts  : abs(d0) < 2 and abs(z0) < 5
[INFO] ParticleLoader's Summary of Actions:
[INFO]  o) creating (anti-)ParticleList with name: K+:all (K-:all)
[INFO]    -> MDST source: Tracks
[INFO] ParticleSelector: K+:GoodTrackForHLT
[INFO]    -> With cuts  : abs(d0) < 2 and abs(z0) < 5
[INFO] ParticleLoader's Summary of Actions:
[INFO]  o) creating (anti-)ParticleList with name: gamma:all (gamma:all)
[INFO]    -> MDST source: ECLClusters and KLMClusters
[INFO] ParticleSelector: gamma:all
[INFO]    -> With cuts  : isFromECL
[INFO] MCMatcher module will search for Particle -> MCParticle associations for the ParticleList pi0:all.
[INFO]   - The MCMatcher will use default algorithm suitable for analysis of Belle II MC (for MC5 use legacy algorithm).
[INFO] ECLChannelMapper:: loaded ECLChannelMap from the database
	IoV = 1003,0,1003,-1
[INFO] [TRGECLModule] 3DBhabhaVetoInTrackThetaRegion (low : high) = (3 : 15)
[INFO] [TRGECLModule] EventTimingQualityThresholds (low : high)= (0.5 : 10) (GeV)
[INFO] [TRGECLModule] Taub2b two CL Angle cut in CM (degree) (dphi L, H, theta sum L, H ) = (110,250,130,230)
[INFO] [TRGECLModule] Taub2b Total Energy Cut in lab. (GeV) = 7
[INFO] [TRGECLModule] Taub2b Cluster Energy Cut in lab. (GeV) : (E(CL1), E(CL2)) = (1.9, 999)
[INFO] [TRGECLModule] Bhabha Add Angle cut in CM (degree) (dphi L, H, theta sum L, H) = (150,210,160,200)
[INFO] [TRGECLModule] Taub2b2 two CL Angle cut in CM (degree) (dphi L, H, theta sum L, H) = (120,240,140,220)
[INFO] [TRGECLModule] Taub2b2 Total Energy Cut in lab. (GeV) = 7
[INFO] [TRGECLModule] Taub2b2 Energy Cut in lab. for cluster in endcap (GeV) = 3
[INFO] [TRGECLModule] Taub2b2 Cluster energy cut in lab. (GeV) = 0.162
[INFO] SVDRecoConfiguration: from now on we are using SVDRecoConfiguration_default_3=6_2021-06-10T03:54:14.284092_INFO:_CoG3Time_MaxSampleCharge_CoGOnlyPosition
[INFO] SVD  6-sample DAQ, cluster time algorithm: CoG3, cluster charge algorithm: MaxSample, cluster position algorithm: CoGOnly
[INFO]  with strip charge reconstructed with MaxSample and strip time reconstructed with dontdo
[INFO] SVD  3-sample DAQ, cluster time algorithm: CoG3, cluster charge algorithm: MaxSample, cluster position algorithm: CoGOnly
[INFO]  with strip charge reconstructed with MaxSample and strip time reconstructed with dontdo
[INFO] ECLShowerCorrector beginRun: Number of energies = 8
[INFO] SVDRecoConfiguration: from now on we are using SVDRecoConfiguration_default_3=6_2021-06-10T03:54:14.284092_INFO:_CoG3Time_MaxSampleCharge_CoGOnlyPosition
[INFO] SVD  6-sample DAQ, cluster time algorithm: CoG3, cluster charge algorithm: MaxSample, cluster position algorithm: CoGOnly
[INFO]  with strip charge reconstructed with MaxSample and strip time reconstructed with dontdo
[INFO] SVD  3-sample DAQ, cluster time algorithm: CoG3, cluster charge algorithm: MaxSample, cluster position algorithm: CoGOnly
[INFO]  with strip charge reconstructed with MaxSample and strip time reconstructed with dontdo
[INFO] TOPGeometryPar: envelope of PMT dependent QE has been set
[INFO] TOPGeometryPar: QE of PMT's mapped to positions, size = 512
[INFO] TOPGeometryPar: PMT types mapped to positions, size = 512
[INFO] TOPGeometryPar: pixel relative quantum efficiencies have been set, size = 8192
[INFO] TOPRecoManager: new relative pixel efficiencies have been passed to reconstruction
[INFO] TOPRecoManager: new channel masks have been passed to reconstruction
[INFO] TOPRecoManager: channelT0-uncalibrated channels have been masked off
[INFO] TOPRecoManager: timebase-uncalibrated channels have been masked off
[WARNING] Could not extrapolate the fit result for pdg 211 to the perigee point. Why, I don't know.  { module: TrackCreator }
 ... message repeated 1 times
[WARNING] Could not extrapolate the fit result for pdg 2212 to the perigee point. Why, I don't know.  { module: TrackCreator }
 ... message repeated 3 times
[WARNING] analysis/VertexFitting/KFit/src/VertexFitKFit.cc:781:makeCoreMatrix(): Division by zero  { module: ParticleVertexFitter_K_S0:V0_MassWindow }
[WARNING] Could not extrapolate the fit result for pdg 2212 to the perigee point. Why, I don't know.  { module: TrackCreator }
[WARNING] Inner hits remained after 5 times of removing inner hits!  { module: V0Finder }
 ... message repeated 3 times
[WARNING] Could not extrapolate the fit result for pdg 321 to the perigee point. Why, I don't know.  { module: TrackCreator }
[WARNING] Could not extrapolate the fit result for pdg 2212 to the perigee point. Why, I don't know.  { module: TrackCreator }
 ... message repeated 2 times
[WARNING] Inner hits remained after 5 times of removing inner hits!  { module: V0Finder }
 ... message repeated 1 times
[WARNING] Could not extrapolate the fit result for pdg 2212 to the perigee point. Why, I don't know.  { module: TrackCreator }
[WARNING] Could not extrapolate the fit result for pdg 321 to the perigee point. Why, I don't know.  { module: TrackCreator }
[WARNING] Inner hits remained after 5 times of removing inner hits!  { module: V0Finder }
[WARNING] Could not extrapolate the fit result for pdg 321 to the perigee point. Why, I don't know.  { module: TrackCreator }
[WARNING] Could not extrapolate the fit result for pdg 2212 to the perigee point. Why, I don't know.  { module: TrackCreator }
[WARNING] Could not extrapolate the fit result for pdg 321 to the perigee point. Why, I don't know.  { module: TrackCreator }
[WARNING] Could not extrapolate the fit result for pdg 2212 to the perigee point. Why, I don't know.  { module: TrackCreator }
 ... message repeated 1 times
[WARNING] 177200 tracks had not enough hits to have at least 5 number of degrees of freedom (NDF). No Track Candidates were created from them so they will not be passed to the track fitter  { module: TrackFinderMCTruthRecoTracks }
[INFO] The MCTrackFinder created a total of 267387 track candidates
[WARNING] There were 32 tracks skipped because of zero charge for K+:all  { module: ParticleLoader_K+:dstSkim }
[INFO] [1;35m================================================================================[0m
[INFO] [40;97m            ,.,                                                                 [0m
[INFO] [40;97m           ;%&M%;_   ,..,                                                       [0m
[INFO] [40;97m             "_ "__" % M % M %;          , ..., ,                               [0m
[INFO] [40;97m      , ..., __." --"    , .,     _ - " % &W % WM %;                            [0m
[INFO] [40;97m     ; % M&$M % "___ "_._   %M%"_."" _ """"""                                   [0m
[INFO] [40;97m       """""    "" , \_.   "_. ."                                               [0m
[INFO] [40;97m              , ., _"__ \__./ ."                                                [0m
[INFO] [40;97m          ___       __ |  y     , ..,     [97;40mThank you for using TreeFitter.       [0m
[INFO] [40;97m         /)'\    ''''| u  \ %W%W%%;                                             [0m
[INFO] [40;97m     ___)/   "---\_ \   |____"            [97;40mPlease cite both:                     [0m
[INFO] [40;97m   ;&&%%;           (|__.|)./  ,..,           [97;40m10.1016/j.nima.2020.164269        [0m
[INFO] [40;97m             ,.., ___\    |/     &&"       [97;40m   10.1016/j.nima.2005.06.078        [0m
[INFO] [40;97m           &&%%&    (| Uo /        '"     [97;40mEmail:                                [0m
[INFO] [40;97m            ''''     \ 7 \                   [97;40mfrancesco.tenchini@desy.de         [0m
[INFO] [40;97m  ._______________.-'____""-.____.           [97;40mjo-frederik.krohn@desy.de          [0m
[INFO] [40;97m   \                           /                                                [0m
[INFO] [40;97m    \       [0m[32;40mTREEFITTER[0m[40;97m        /                                                 [0m
[INFO] [40;97m     \_______________________/                                                  [0m
[INFO] [40;97m      (_)                 (_)                                                   [0m
[INFO] [40;97m                                                                                [0m
[INFO] [1;35m============= TREEFIT STATISTICS ===============================================[0m
[INFO] [1;39mCandidates before fit: 396145[0m
[INFO] [1;39mCandidates after fit:  376985[0m
[INFO] [1;39mA total of 19160 candidates were removed during the fit.[0m
[INFO] [1;39m95.1634% of candidates survived the fit.[0m
[INFO] [1;39m4.83661% of candidates did not.[0m
[INFO] [1;39mYou choose to drop all candidates with pValue < 0.[0m
[INFO] [1;35m================================================================================[0m
[WARNING] There were 30 tracks skipped because of zero charge for p+:all  { module: ParticleLoader_p+:all }
[INFO] [1;35m================================================================================[0m
[INFO] [40;97m            ,.,                                                                 [0m
[INFO] [40;97m           ;%&M%;_   ,..,                                                       [0m
[INFO] [40;97m             "_ "__" % M % M %;          , ..., ,                               [0m
[INFO] [40;97m      , ..., __." --"    , .,     _ - " % &W % WM %;                            [0m
[INFO] [40;97m     ; % M&$M % "___ "_._   %M%"_."" _ """"""                                   [0m
[INFO] [40;97m       """""    "" , \_.   "_. ."                                               [0m
[INFO] [40;97m              , ., _"__ \__./ ."                                                [0m
[INFO] [40;97m          ___       __ |  y     , ..,     [97;40mThank you for using TreeFitter.       [0m
[INFO] [40;97m         /)'\    ''''| u  \ %W%W%%;                                             [0m
[INFO] [40;97m     ___)/   "---\_ \   |____"            [97;40mPlease cite both:                     [0m
[INFO] [40;97m   ;&&%%;           (|__.|)./  ,..,           [97;40m10.1016/j.nima.2020.164269        [0m
[INFO] [40;97m             ,.., ___\    |/     &&"       [97;40m   10.1016/j.nima.2005.06.078        [0m
[INFO] [40;97m           &&%%&    (| Uo /        '"     [97;40mEmail:                                [0m
[INFO] [40;97m            ''''     \ 7 \                   [97;40mfrancesco.tenchini@desy.de         [0m
[INFO] [40;97m  ._______________.-'____""-.____.           [97;40mjo-frederik.krohn@desy.de          [0m
[INFO] [40;97m   \                           /                                                [0m
[INFO] [40;97m    \       [0m[32;40mTREEFITTER[0m[40;97m        /                                                 [0m
[INFO] [40;97m     \_______________________/                                                  [0m
[INFO] [40;97m      (_)                 (_)                                                   [0m
[INFO] [40;97m                                                                                [0m
[INFO] [1;35m============= TREEFIT STATISTICS ===============================================[0m
[INFO] [1;39mCandidates before fit: 23276[0m
[INFO] [1;39mCandidates after fit:  21593[0m
[INFO] [1;39mA total of 1683 candidates were removed during the fit.[0m
[INFO] [1;39m92.7694% of candidates survived the fit.[0m
[INFO] [1;39m7.23062% of candidates did not.[0m
[INFO] [1;39mYou choose to drop all candidates with pValue < 0.[0m
[INFO] [1;35m================================================================================[0m
[WARNING] There were 30 v0s skipped because of same charge daughters for Lambda0:V0  { module: ParticleLoader_Lambda0:V0 -> p+ pi- }
[WARNING] There were 6 v0s skipped because of same charge daughters for K_S0:V0  { module: ParticleLoader_K_S0:V0 -> pi+ pi- }
[WARNING] There were 26 tracks skipped because of zero charge for pi+:all  { module: ParticleLoader_pi+:skim }
[INFO] ===V0Finder summary=============================================================
[INFO] In total 17664 saved V0s have inner hits.
[INFO] - Inner hits successfully removed in 11840 V0s.
[INFO] - The hit removal failed in 5824 V0s, instead V0s before removing inner hits saved.
[RESULT] TOPBunchFinder: event T0 determined for 23751/24000 events
[INFO] ===Error Summary================================================================
[WARNING] Could not extrapolate the fit result for pdg 2212 to the perigee point. Why, I don't know.  { module: TrackCreator }
    (last message occurred 12 times)
[WARNING] Inner hits remained after 5 times of removing inner hits!  { module: V0Finder }
    (last message occurred 7 times)
[WARNING] Could not extrapolate the fit result for pdg 321 to the perigee point. Why, I don't know.  { module: TrackCreator }
    (last message occurred 4 times)
[WARNING] Could not extrapolate the fit result for pdg 211 to the perigee point. Why, I don't know.  { module: TrackCreator }
    (last message occurred 2 times)
[WARNING] There were 26 tracks skipped because of zero charge for pi+:all  { module: ParticleLoader_pi+:skim }
[WARNING] There were 6 v0s skipped because of same charge daughters for K_S0:V0  { module: ParticleLoader_K_S0:V0 -> pi+ pi- }
[WARNING] There were 30 v0s skipped because of same charge daughters for Lambda0:V0  { module: ParticleLoader_Lambda0:V0 -> p+ pi- }
[WARNING] There were 30 tracks skipped because of zero charge for p+:all  { module: ParticleLoader_p+:all }
[WARNING] There were 32 tracks skipped because of zero charge for K+:all  { module: ParticleLoader_K+:dstSkim }
[WARNING] 177200 tracks had not enough hits to have at least 5 number of degrees of freedom (NDF). No Track Candidates were created from them so they will not be passed to the track fitter  { module: TrackFinderMCTruthRecoTracks }
[WARNING] analysis/VertexFitting/KFit/src/VertexFitKFit.cc:781:makeCoreMatrix(): Division by zero  { module: ParticleVertexFitter_K_S0:V0_MassWindow }
[WARNING] ClockFreq4TDC changed from cdclocal 1.017774e+00 to official 1.017752e+00 (GHz)!  { module: Geometry }
[INFO] ================================================================================
[WARNING] in total, 33 warnings occurred during processing
===============================================================================================================================================================================
Name                                                                                                                |      Calls | Memory(MB) |    Time(s) |     Time(ms)/Call
===============================================================================================================================================================================
EventInfoSetter                                                                                                     |      24001 |          0 |       0.46 |    0.02 +-   0.00
EvtGenInput                                                                                                         |      24000 |          6 |     167.88 |    6.99 +-   6.85
BGOverlayInput                                                                                                      |      24000 |         12 |      49.64 |    2.07 +-  14.94
Gearbox                                                                                                             |      24000 |          0 |       0.24 |    0.01 +-   0.00
Geometry                                                                                                            |      24000 |          0 |       0.23 |    0.01 +-   0.00
EventT0Generator                                                                                                    |      24000 |          0 |       0.50 |    0.02 +-   0.06
SimulateEventLevelTriggerTimeInfo                                                                                   |      24000 |          0 |       0.24 |    0.01 +-   0.00
FullSim                                                                                                             |      24000 |         11 |   19279.86 |  803.33 +- 258.45
CDCDigitizer                                                                                                        |      24000 |          1 |     498.48 |   20.77 +-  14.88
TOPDigitizer                                                                                                        |      24000 |          1 |     323.92 |   13.50 +-   6.74
ARICHDigitizer                                                                                                      |      24000 |          0 |       1.34 |    0.06 +-   0.05
ECLDigitizer                                                                                                        |      24000 |          0 |     298.77 |   12.45 +-   2.04
KLMDigitizer                                                                                                        |      24000 |          0 |      35.34 |    1.47 +-   0.53
BGOverlayExecutor_CDC...KLM                                                                                         |      24000 |          0 |     105.78 |    4.41 +-   5.37
CDCTriggerTSF                                                                                                       |      24000 |         -2 |     481.40 |   20.06 +-   6.89
CDCTrigger2DFinder                                                                                                  |      24000 |          0 |      26.93 |    1.12 +-   0.58
CDCTriggerHoughETF                                                                                                  |      24000 |          0 |      22.25 |    0.93 +-   0.53
CDCTrigger2DFitter                                                                                                  |      24000 |          0 |       3.10 |    0.13 +-   0.09
CDCTrigger3DFitter                                                                                                  |      24000 |          0 |       3.96 |    0.16 +-   0.14
CDCTriggerNeuro                                                                                                     |      24000 |          0 |      10.33 |    0.43 +-   0.21
CDCTriggerTrackCombiner                                                                                             |      24000 |          0 |       4.48 |    0.19 +-   0.07
TRGECLFAM                                                                                                           |      24000 |         74 |     357.16 |   14.88 +-   1.55
TRGECL                                                                                                              |      24000 |          0 |       7.78 |    0.32 +-   0.03
KLMTrigger                                                                                                          |      24000 |          0 |       1.18 |    0.05 +-   0.01
TRGGRLMatch                                                                                                         |      24000 |          0 |       6.63 |    0.28 +-   0.04
TRGGRLProjects                                                                                                      |      24000 |          0 |       6.52 |    0.27 +-   0.03
TRGGDL                                                                                                              |      24000 |          0 |       4.28 |    0.18 +-   0.25
Sum_TriggerSimulation                                                                                               |      24000 |        105 |   21698.69 |  904.11 +- 274.54
SVDEventInfoSetter                                                                                                  |      24000 |          0 |       0.36 |    0.01 +-   0.00
SVDDigitizer                                                                                                        |      24000 |          3 |     226.34 |    9.43 +-   3.50
BGOverlayExecutor_SVD                                                                                               |      24000 |          0 |       2.95 |    0.12 +-   0.11
SVDShaperDigitSorter                                                                                                |      24000 |          0 |      10.70 |    0.45 +-   0.20
SVDZeroSuppressionEmulator                                                                                          |      24000 |          0 |      46.13 |    1.92 +-   0.67
ROIfindingConditionFromDB                                                                                           |      24000 |          0 |       0.25 |    0.01 +-   0.00
ActivatePXDPixelMasker                                                                                              |          0 |          0 |       0.00 |    0.00 +-   0.00
ActivatePXDGainCalibrator                                                                                           |          0 |          0 |       0.00 |    0.00 +-   0.00
PXDDigitizer                                                                                                        |          0 |          0 |       0.00 |    0.00 +-   0.00
BGOverlayExecutor_PXD                                                                                               |          0 |          0 |       0.00 |    0.00 +-   0.00
PXDDigitSorter                                                                                                      |          0 |          0 |       0.00 |    0.00 +-   0.00
RegisterEventLevelTrackingInfo__ROI                                                                                 |          0 |          0 |       0.00 |    0.00 +-   0.00
__ROISVDClusterizer                                                                                                 |          0 |          0 |       0.00 |    0.00 +-   0.00
__ROISVDMissingAPVsClusterCreator                                                                                   |          0 |          0 |       0.00 |    0.00 +-   0.00
SVDTrackingEventLevelMdstInfoFiller__ROI                                                                            |          0 |          0 |       0.00 |    0.00 +-   0.00
RegisterEventLevelTrackingInfo__ROI                                                                                 |          0 |          0 |       0.00 |    0.00 +-   0.00
__ROISVDSpacePointCreator                                                                                           |          0 |          0 |       0.00 |    0.00 +-   0.00
SetupGenfitExtrapolationForPXDDataReduction                                                                         |          0 |          0 |       0.00 |    0.00 +-   0.00
RegisterEventLevelTrackingInfo__ROI                                                                                 |          0 |          0 |       0.00 |    0.00 +-   0.00
SectorMapBootstrap                                                                                                  |          0 |          0 |       0.00 |    0.00 +-   0.00
SegmentNetworkProducer                                                                                              |          0 |          0 |       0.00 |    0.00 +-   0.00
TrackFinderVXDCellOMat                                                                                              |          0 |          0 |       0.00 |    0.00 +-   0.00
AddVXDTrackCandidateSubSets                                                                                         |          0 |          0 |       0.00 |    0.00 +-   0.00
QualityEstimatorVXD                                                                                                 |          0 |          0 |       0.00 |    0.00 +-   0.00
BestVXDTrackCandidatesSelector                                                                                      |          0 |          0 |       0.00 |    0.00 +-   0.00
SPTCvirtualIPRemover                                                                                                |          0 |          0 |       0.00 |    0.00 +-   0.00
SVDOverlapResolver                                                                                                  |          0 |          0 |       0.00 |    0.00 +-   0.00
SPTCmomentumSeedRetriever                                                                                           |          0 |          0 |       0.00 |    0.00 +-   0.00
SPTC2RTConverter                                                                                                    |          0 |          0 |       0.00 |    0.00 +-   0.00
SVD-only DAFRecoFitter                                                                                              |          0 |          0 |       0.00 |    0.00 +-   0.00
PXDROIFinder                                                                                                        |          0 |          0 |       0.00 |    0.00 +-   0.00
PXDdigiFilter                                                                                                       |          0 |          0 |       0.00 |    0.00 +-   0.00
PruneDataStore                                                                                                      |          0 |          0 |       0.00 |    0.00 +-   0.00
ActivatePXDPixelMasker                                                                                              |      24000 |          0 |       0.24 |    0.01 +-   0.00
ActivatePXDGainCalibrator                                                                                           |      24000 |          0 |       0.23 |    0.01 +-   0.00
PXDDigitizer                                                                                                        |      24000 |          0 |      18.10 |    0.75 +-   0.87
BGOverlayExecutor_PXD                                                                                               |      24000 |          0 |       5.09 |    0.21 +-   0.05
PXDDigitSorter                                                                                                      |      24000 |          0 |      29.16 |    1.22 +-   0.38
Sum_Simulation                                                                                                      |      24000 |          3 |     339.54 |   14.15 +-   4.63
EventsOfDoomBuster                                                                                                  |      24000 |          0 |       0.32 |    0.01 +-   0.00
Sum_EventsofDoomBuster                                                                                              |      24000 |          0 |       0.32 |    0.01 +-   0.00
ECLWaveformFit                                                                                                      |      24000 |          0 |     205.76 |    8.57 +-   2.68
ECLDigitCalibrator                                                                                                  |      24000 |          0 |      81.88 |    3.41 +-   0.49
ECLEventT0                                                                                                          |      24000 |          0 |       5.19 |    0.22 +-   0.10
ECLCRFinder                                                                                                         |      24000 |          0 |     282.25 |   11.76 +-   2.33
ECLLocalMaximumFinder                                                                                               |      24000 |          0 |      14.88 |    0.62 +-   0.20
ECLSplitterN1                                                                                                       |      24000 |          0 |      80.71 |    3.36 +-   0.95
ECLSplitterN2                                                                                                       |      24000 |          0 |      31.86 |    1.33 +-   0.27
ECLShowerCorrector                                                                                                  |      24000 |          0 |       3.14 |    0.13 +-   0.03
ECLShowerCalibrator                                                                                                 |      24000 |          0 |       0.23 |    0.01 +-   0.00
ECLShowerShape                                                                                                      |      24000 |          0 |     135.17 |    5.63 +-   1.04
ECLClusterPSD                                                                                                       |      24000 |          0 |      11.87 |    0.49 +-   0.19
ECLCovarianceMatrix                                                                                                 |      24000 |          0 |       0.78 |    0.03 +-   0.00
Sum_Clustering                                                                                                      |      24000 |          1 |     853.73 |   35.57 +-   6.35
SetupGenfitExtrapolation                                                                                            |      24000 |          0 |       0.24 |    0.01 +-   0.00
RegisterEventLevelTrackingInfo                                                                                      |      24000 |          0 |       0.46 |    0.02 +-   0.00
SVDClusterizer                                                                                                      |      24000 |          0 |      79.13 |    3.30 +-   1.22
SVDMissingAPVsClusterCreator                                                                                        |      24000 |          0 |       0.25 |    0.01 +-   0.00
SVDTrackingEventLevelMdstInfoFiller                                                                                 |      24000 |          0 |       0.27 |    0.01 +-   0.00
SVDSpacePointCreator                                                                                                |      24000 |          0 |      40.82 |    1.70 +-   1.08
PXDClusterizer                                                                                                      |      24000 |         -1 |      70.26 |    2.93 +-   0.42
PXDTrackingEventLevelMdstInfoFiller                                                                                 |      24000 |          0 |       0.31 |    0.01 +-   0.00
TFCDC_WireHitPreparer                                                                                               |      24000 |         -0 |      64.50 |    2.69 +-   0.66
TFCDC_ClusterPreparer                                                                                               |      24000 |         -1 |     133.63 |    5.57 +-   2.06
TFCDC_SegmentFinderFacetAutomaton                                                                                   |      24000 |         11 |     937.02 |   39.04 +-  28.91
TFCDC_AxialTrackFinderLegendre                                                                                      |      24000 |         19 |     913.07 |   38.04 +-  32.31
TFCDC_TrackQualityAsserter                                                                                          |      24000 |          0 |       6.34 |    0.26 +-   0.08
TFCDC_StereoHitFinder                                                                                               |      24000 |          1 |     192.52 |    8.02 +-   6.25
TFCDC_SegmentTrackCombiner                                                                                          |      24000 |         -1 |      82.10 |    3.42 +-   2.37
TFCDC_TrackQualityAsserter                                                                                          |      24000 |         -0 |      17.09 |    0.71 +-   0.22
TFCDC_TrackQualityEstimator                                                                                         |      24000 |          0 |       7.97 |    0.33 +-   0.12
TFCDC_TrackExporter                                                                                                 |      24000 |         -2 |      74.13 |    3.09 +-   0.94
IPTrackTimeEstimator                                                                                                |      24000 |         -0 |       0.71 |    0.03 +-   0.00
CDCHitBasedT0Extraction                                                                                             |      24000 |         -5 |      44.99 |    1.87 +-   0.44
CDCTrackingEventLevelMdstInfoFiller                                                                                 |      24000 |         -0 |       0.72 |    0.03 +-   0.01
CDCToSVDSpacePointCKF_backward                                                                                      |      24000 |        -49 |    2785.28 |  116.05 +-  46.94
CDCToSVDSpacePointCKF_forward                                                                                       |      24000 |         24 |     116.38 |    4.85 +-  12.40
SectorMapBootstrap                                                                                                  |      24000 |          0 |       0.24 |    0.01 +-   0.00
SegmentNetworkProducer                                                                                              |      24000 |          1 |      25.29 |    1.05 +-   2.04
TrackFinderVXDCellOMat                                                                                              |      24000 |          0 |      13.95 |    0.58 +-   6.55
AddVXDTrackCandidateSubSets                                                                                         |      24000 |          0 |       1.78 |    0.07 +-   0.07
QualityEstimatorVXD                                                                                                 |      24000 |          0 |       2.44 |    0.10 +-   0.29
BestVXDTrackCandidatesSelector                                                                                      |      24000 |          0 |       0.32 |    0.01 +-   0.13
SPTCvirtualIPRemover                                                                                                |      24000 |          0 |       0.26 |    0.01 +-   0.00
SVDOverlapResolver                                                                                                  |      24000 |          0 |      31.19 |    1.30 +-   3.83
SPTCmomentumSeedRetriever                                                                                           |      24000 |          0 |       1.16 |    0.05 +-   0.05
SPTC2RTConverter                                                                                                    |      24000 |          0 |       4.70 |    0.20 +-   0.15
DAFRecoFitter                                                                                                       |      24000 |          0 |      42.47 |    1.77 +-  11.81
CDCToSVDSeedCKF_backward                                                                                            |      24000 |          0 |      47.12 |    1.96 +-  11.81
DAFRecoFitter                                                                                                       |      24000 |          0 |      40.42 |    1.68 +-  11.82
CDCToSVDSeedCKF_forward                                                                                             |      24000 |          0 |      54.09 |    2.25 +-  11.83
RelatedTracksCombiner                                                                                               |      24000 |          2 |     345.43 |   14.39 +-  17.69
ToCDCCKF                                                                                                            |      24000 |          3 |     403.08 |   16.80 +-  24.22
CDCCKFTracksCombiner                                                                                                |      24000 |         -0 |     133.38 |    5.56 +-   1.61
PruneRecoTracks                                                                                                     |      24000 |          0 |       5.22 |    0.22 +-   0.07
PruneRecoTracks                                                                                                     |      24000 |          0 |       0.47 |    0.02 +-   0.01
PXDSpacePointCreator                                                                                                |      24000 |          0 |      48.06 |    2.00 +-   0.33
DAFRecoFitter                                                                                                       |      24000 |         -3 |    3289.84 |  137.08 +-  42.23
ToPXDCKF_backward                                                                                                   |      24000 |         -0 |     311.90 |   13.00 +-   5.33
DAFRecoFitter                                                                                                       |      24000 |          0 |      15.66 |    0.65 +-   4.42
ToPXDCKF_forward                                                                                                    |      24000 |          1 |     133.14 |    5.55 +-   4.53
RelatedTracksCombiner                                                                                               |      24000 |          0 |     157.03 |    6.54 +-   4.81
PruneRecoTracks                                                                                                     |      24000 |          0 |      39.95 |    1.66 +-   0.49
PruneRecoTracks                                                                                                     |      24000 |          0 |       2.55 |    0.11 +-   0.05
PruneRecoTracks                                                                                                     |      24000 |          0 |      42.01 |    1.75 +-   0.45
PruneRecoTracks                                                                                                     |      24000 |          0 |       0.67 |    0.03 +-   0.00
FullGridChi2TrackTimeExtractor                                                                                      |      24000 |         25 |    5302.29 |  220.93 +-  58.63
TrackFinderMCTruthRecoTracks                                                                                        |      24000 |          0 |     174.39 |    7.27 +-   2.68
MCRecoTracksMatcher                                                                                                 |      24000 |          0 |     544.62 |   22.69 +-  10.40
IPTrackTimeEstimator                                                                                                |      24000 |          0 |       0.93 |    0.04 +-   0.01
Combined_DAFRecoFitter                                                                                              |      24000 |         -1 |    3430.27 |  142.93 +-  41.53
TrackCreator                                                                                                        |      24000 |         36 |    6459.49 |  269.15 +-  75.19
Sum_Prefilter_Tracking                                                                                              |      24000 |         60 |   26674.02 | 1111.42 +- 294.19
CDCDedxPID                                                                                                          |      24000 |         -1 |     174.94 |    7.29 +-   1.92
VXDDedxPID                                                                                                          |      24000 |          0 |      23.88 |    1.00 +-   0.39
Ext                                                                                                                 |      24000 |          0 |    1072.87 |   44.70 +-  36.62
TOPChannelMasker                                                                                                    |      24000 |          1 |       5.44 |    0.23 +-   0.28
TOPBunchFinder                                                                                                      |      24000 |          0 |    1326.08 |   55.25 +-  23.32
TOPReconstructor                                                                                                    |      24000 |         -1 |    4479.39 |  186.64 +-  76.89
ARICHFillHits                                                                                                       |      24000 |          0 |       2.46 |    0.10 +-   0.03
ARICHReconstructor                                                                                                  |      24000 |          0 |      43.00 |    1.79 +-   1.45
EventT0Combiner                                                                                                     |      24000 |          0 |       0.35 |    0.01 +-   0.08
OnlineEventT0Creator                                                                                                |      24000 |          0 |       0.24 |    0.01 +-   0.00
ECLFinalizer                                                                                                        |      24000 |          0 |      11.42 |    0.48 +-   0.15
MCMatcherECLClusters                                                                                                |      24000 |          0 |     168.18 |    7.01 +-   2.23
KLMReconstructor                                                                                                    |      24000 |          0 |       8.89 |    0.37 +-   0.13
KLMClustersReconstructor                                                                                            |      24000 |          0 |       2.66 |    0.11 +-   0.19
MCMatcherKLMClusters                                                                                                |      24000 |          0 |       8.39 |    0.35 +-   0.15
Muid                                                                                                                |      24000 |         -1 |     559.18 |   23.30 +-   7.20
ECLTrackClusterMatching                                                                                             |      24000 |          3 |      13.41 |    0.56 +-   0.61
ECLClusterProperties                                                                                                |      24000 |          0 |     135.69 |    5.65 +-   1.61
ECLChargedPID                                                                                                       |      24000 |          0 |       3.52 |    0.15 +-   0.03
MdstPID                                                                                                             |      24000 |          0 |       3.37 |    0.14 +-   0.02
KLMExpert                                                                                                           |      24000 |          0 |       3.78 |    0.16 +-   0.06
ClusterMatcher                                                                                                      |      24000 |          0 |       7.88 |    0.33 +-   0.13
ECLTrackBremFinder                                                                                                  |      24000 |          1 |     163.86 |    6.83 +-   9.72
Sum_Posttracking_Reconstruction                                                                                     |      24000 |          3 |    8218.88 |  342.45 +- 110.28
SoftwareTrigger                                                                                                     |      24000 |          0 |       8.33 |    0.35 +-   0.24
Sum_HLT_Filter_Calculation                                                                                          |      24000 |          0 |       8.33 |    0.35 +-   0.24
V0Finder                                                                                                            |      24000 |        201 |    9895.67 |  412.32 +- 332.48
PruneRecoTracks                                                                                                     |      24000 |          0 |     108.06 |    4.50 +-   1.25
PruneGenfitTracks                                                                                                   |      24000 |          0 |       0.32 |    0.01 +-   0.02
PruneRecoHits                                                                                                       |      24000 |          1 |     474.13 |   19.76 +-  11.51
Sum_Postfilter_Reconstruction                                                                                       |      24000 |        202 |   10478.18 |  436.59 +- 344.00
ParticleLoader_pi+:skim                                                                                             |      24000 |          0 |      12.02 |    0.50 +-   0.35
PListCopy_pi+:skim                                                                                                  |      24000 |          0 |       0.70 |    0.03 +-   0.02
ParticleSelector_applyCuts_pi+:skim                                                                                 |      24000 |          0 |       0.87 |    0.04 +-   0.08
ParticleLoader_pi+:hadb                                                                                             |      24000 |          0 |       0.25 |    0.01 +-   0.00
PListCopy_pi+:hadb                                                                                                  |      24000 |          0 |       0.50 |    0.02 +-   0.02
ParticleSelector_applyCuts_pi+:hadb                                                                                 |      24000 |          0 |       0.50 |    0.02 +-   0.00
ParticleLoader_pi+:tau                                                                                              |      24000 |          0 |       0.24 |    0.01 +-   0.00
PListCopy_pi+:tau                                                                                                   |      24000 |          0 |       0.47 |    0.02 +-   0.01
ParticleSelector_applyCuts_pi+:tau                                                                                  |      24000 |          0 |       0.47 |    0.02 +-   0.00
ParticleLoader_gamma:skim                                                                                           |      24000 |          0 |       7.16 |    0.30 +-   0.16
PListCopy_gamma:skim                                                                                                |      24000 |          0 |       0.71 |    0.03 +-   0.02
ParticleSelector_applyCuts_gamma:skim                                                                               |      24000 |          0 |       0.40 |    0.02 +-   0.00
ParticleSelector_applyCuts_gamma:skim                                                                               |      24000 |          0 |       0.28 |    0.01 +-   0.00
ParticleLoader_K_S0:V0 -> pi+ pi-                                                                                   |      24000 |          0 |       1.08 |    0.05 +-   0.05
PListCutAndCopy_K_S0:V0_MassWindow                                                                                  |      24000 |          0 |       0.33 |    0.01 +-   0.00
ParticleVertexFitter_K_S0:V0_MassWindow                                                                             |      24000 |          0 |       4.57 |    0.19 +-   0.44
ParticleSelector_applyCuts_K_S0:V0_MassWindow                                                                       |      24000 |          0 |       0.25 |    0.01 +-   0.00
ParticleLoader_pi+:all                                                                                              |      24000 |          0 |       0.25 |    0.01 +-   0.00
ParticleCombiner_K_S0:RD -> pi+:all pi-:all                                                                         |      24000 |          0 |       2.39 |    0.10 +-   0.05
ParticleVertexFitter_K_S0:RD                                                                                        |      24000 |          0 |      44.73 |    1.86 +-   1.54
ParticleSelector_applyCuts_K_S0:RD                                                                                  |      24000 |          0 |       0.33 |    0.01 +-   0.00
PListMerger_K_S0:merged                                                                                             |      24000 |          0 |       0.47 |    0.02 +-   0.00
PListCutAndCopy_K_S0:dstSkim                                                                                        |      24000 |          0 |       1.26 |    0.05 +-   0.15
ParticleLoader_Lambda0:V0 -> p+ pi-                                                                                 |      24000 |          0 |       1.25 |    0.05 +-   0.07
PListCutAndCopy_Lambda0:V0_MassWindow                                                                               |      24000 |          0 |       0.36 |    0.02 +-   0.00
TreeFitter_Lambda0:V0_MassWindow                                                                                    |      24000 |          0 |       7.30 |    0.30 +-   0.75
ParticleSelector_applyCuts_Lambda0:V0_MassWindow                                                                    |      24000 |          0 |       0.25 |    0.01 +-   0.00
DuplicateVertexMarker                                                                                               |      24000 |          0 |       0.29 |    0.01 +-   0.01
ParticleSelector_applyCuts_Lambda0:V0_MassWindow                                                                    |      24000 |          0 |       0.26 |    0.01 +-   0.00
ParticleLoader_pi+:all                                                                                              |      24000 |          0 |       0.25 |    0.01 +-   0.00
ParticleLoader_p+:all                                                                                               |      24000 |          0 |       3.69 |    0.15 +-   0.04
ParticleCombiner_Lambda0:RD -> p+:all pi-:all                                                                       |      24000 |          0 |       2.71 |    0.11 +-   0.08
TreeFitter_Lambda0:RD                                                                                               |      24000 |          0 |      79.20 |    3.30 +-   4.40
ParticleSelector_applyCuts_Lambda0:RD                                                                               |      24000 |          0 |       0.37 |    0.02 +-   0.00
DuplicateVertexMarker                                                                                               |      24000 |          0 |       0.48 |    0.02 +-   0.03
ParticleSelector_applyCuts_Lambda0:RD                                                                               |      24000 |          0 |       0.32 |    0.01 +-   0.00
PListMerger_Lambda0:merged                                                                                          |      24000 |          0 |       0.51 |    0.02 +-   0.01
ParticleLoader_K+:dstSkim                                                                                           |      24000 |          0 |       3.77 |    0.16 +-   0.04
PListCopy_K+:dstSkim                                                                                                |      24000 |          0 |       0.51 |    0.02 +-   0.12
ParticleSelector_applyCuts_K+:dstSkim                                                                               |      24000 |          0 |       0.52 |    0.02 +-   0.00
ParticleLoader_pi+:dstSkim                                                                                          |      24000 |          0 |       0.26 |    0.01 +-   0.00
PListCopy_pi+:dstSkim                                                                                               |      24000 |          0 |       0.47 |    0.02 +-   0.00
ParticleSelector_applyCuts_pi+:dstSkim                                                                              |      24000 |          0 |       0.49 |    0.02 +-   0.00
ParticleLoader_gamma:loose                                                                                          |      24000 |          0 |       0.26 |    0.01 +-   0.00
PListCopy_gamma:loose                                                                                               |      24000 |          0 |       0.67 |    0.03 +-   0.01
ParticleSelector_applyCuts_gamma:loose                                                                              |      24000 |          0 |       1.07 |    0.04 +-   0.01
ParticleSelector_applyCuts_gamma:loose                                                                              |      24000 |          0 |       0.31 |    0.01 +-   0.00
ParticleCombiner_pi0:loose -> gamma:loose gamma:loose                                                               |      24000 |          0 |       7.18 |    0.30 +-   0.20
PListCutAndCopy_pi0:veryLooseFit                                                                                    |      24000 |          0 |       1.31 |    0.05 +-   0.03
ParticleVertexFitter_pi0:veryLooseFit                                                                               |      24000 |          0 |      66.38 |    2.77 +-   2.01
ParticleCombiner_D0:ch1 -> K-:dstSkim pi+:dstSkim                                                                   |      24000 |          0 |       1.52 |    0.06 +-   0.02
ParticleCombiner_D0:ch2 -> K-:dstSkim pi+:dstSkim pi0:veryLooseFit                                                  |      24000 |          0 |      53.23 |    2.22 +-   1.96
ParticleCombiner_D0:ch3 -> K-:dstSkim pi+:dstSkim pi-:dstSkim pi+:dstSkim                                           |      24000 |          0 |      15.93 |    0.66 +-   0.89
ParticleCombiner_D0:ch4 -> K_S0:dstSkim pi+:dstSkim pi-:dstSkim                                                     |      24000 |          0 |       0.50 |    0.02 +-   0.02
ParticleCombiner_D*+:ch1 -> D0:ch1 pi+:all                                                                          |      24000 |          0 |       0.96 |    0.04 +-   0.02
ParticleCombiner_D*+:ch2 -> D0:ch2 pi+:all                                                                          |      24000 |          0 |      34.06 |    1.42 +-   1.62
ParticleCombiner_D*+:ch3 -> D0:ch3 pi+:all                                                                          |      24000 |          0 |       7.65 |    0.32 +-   0.73
ParticleCombiner_D*+:ch4 -> D0:ch4 pi+:all                                                                          |      24000 |          0 |       0.46 |    0.02 +-   0.02
PListCopy_D*+:d0pi                                                                                                  |      24000 |          0 |       0.60 |    0.03 +-   0.18
ParticleLoader_pi+:offip                                                                                            |      24000 |          0 |       0.28 |    0.01 +-   0.00
PListCopy_pi+:offip                                                                                                 |      24000 |          0 |       0.50 |    0.02 +-   0.00
ParticleSelector_applyCuts_pi+:offip                                                                                |      24000 |          0 |       0.62 |    0.03 +-   0.01
ParticleLoader_pi+:GoodTrackForHLT                                                                                  |      24000 |          0 |       0.25 |    0.01 +-   0.00
PListCopy_pi+:GoodTrackForHLT                                                                                       |      24000 |          0 |       0.47 |    0.02 +-   0.00
ParticleSelector_applyCuts_pi+:GoodTrackForHLT                                                                      |      24000 |          0 |       0.50 |    0.02 +-   0.00
ParticleLoader_K+:GoodTrackForHLT                                                                                   |      24000 |          0 |       0.25 |    0.01 +-   0.00
PListCopy_K+:GoodTrackForHLT                                                                                        |      24000 |          0 |       0.47 |    0.02 +-   0.01
ParticleSelector_applyCuts_K+:GoodTrackForHLT                                                                       |      24000 |          0 |       0.51 |    0.02 +-   0.00
ParticleLoader_gamma:all                                                                                            |      24000 |          0 |       0.26 |    0.01 +-   0.00
ParticleSelector_applyCuts_gamma:all                                                                                |      24000 |          0 |       0.37 |    0.02 +-   0.00
ParticleCombiner_pi0:all -> gamma:all gamma:all                                                                     |      24000 |          0 |      35.87 |    1.49 +-   0.87
MCMatch_pi0:all                                                                                                     |      24000 |          0 |      11.54 |    0.48 +-   0.29
PListCutAndCopy_pi0:GoodPi0ForHLT                                                                                   |      24000 |          0 |       6.36 |    0.27 +-   0.23
ParticleCombiner_D0:KpiForHLT -> K-:GoodTrackForHLT pi+:GoodTrackForHLT                                             |      24000 |          0 |       1.16 |    0.05 +-   0.02
ParticleCombiner_D0:Kpipi0ForHLT -> K-:GoodTrackForHLT pi+:GoodTrackForHLT pi0:GoodPi0ForHLT                        |      24000 |          0 |      35.63 |    1.48 +-   1.24
ParticleCombiner_D0:KpipipiForHLT -> K-:GoodTrackForHLT pi+:GoodTrackForHLT pi+:GoodTrackForHLT pi-:GoodTrackForHLT |      24000 |          0 |      14.84 |    0.62 +-   0.83
ParticleCombiner_D+:KpipiForHLT -> K-:GoodTrackForHLT pi+:GoodTrackForHLT pi+:GoodTrackForHLT                       |      24000 |          0 |       2.50 |    0.10 +-   0.07
ParticleCombiner_D*+:D0_KpiForHLT -> D0:KpiForHLT pi+:GoodTrackForHLT                                               |      24000 |          0 |       0.49 |    0.02 +-   0.01
ParticleCombiner_D*+:D0_Kpipi0ForHLT -> D0:Kpipi0ForHLT pi+:GoodTrackForHLT                                         |      24000 |          0 |       9.99 |    0.42 +-   0.48
ParticleCombiner_D*+:D0_KpipipiForHLT -> D0:KpipipiForHLT pi+:GoodTrackForHLT                                       |      24000 |          0 |       3.31 |    0.14 +-   0.33
ParticleCombiner_B+:BtoD0pi_KpiForHLT -> anti-D0:KpiForHLT pi+:GoodTrackForHLT                                      |      24000 |          0 |       0.81 |    0.03 +-   0.02
ParticleCombiner_B+:BtoD0pi_Kpipi0ForHLT -> anti-D0:Kpipi0ForHLT pi+:GoodTrackForHLT                                |      24000 |          0 |      21.12 |    0.88 +-   0.93
ParticleCombiner_B+:BtoD0pi_KpipipiForHLT -> anti-D0:KpipipiForHLT pi+:GoodTrackForHLT                              |      24000 |          0 |       6.45 |    0.27 +-   0.62
ParticleCombiner_B0:B0toDpi_KpipiForHLT -> D-:KpipiForHLT pi+:GoodTrackForHLT                                       |      24000 |          0 |       0.93 |    0.04 +-   0.03
ParticleCombiner_B0:B0toDstarPi_D0pi_KpiForHLT -> D*-:D0_KpiForHLT pi+:GoodTrackForHLT                              |      24000 |          0 |       0.36 |    0.01 +-   0.01
ParticleCombiner_B0:B0toDstarPi_D0pi_KpipipiForHLT -> D*-:D0_KpipipiForHLT pi+:GoodTrackForHLT                      |      24000 |          0 |       0.99 |    0.04 +-   0.20
ParticleCombiner_B0:B0toDstarPi_D0pi_Kpipi0ForHLT -> D*-:D0_Kpipi0ForHLT pi+:GoodTrackForHLT                        |      24000 |          0 |       1.94 |    0.08 +-   0.22
PListCopy_B+:BtoCharmForHLT                                                                                         |      24000 |          0 |       0.91 |    0.04 +-   0.08
PListCopy_B0:BtoCharmForHLT                                                                                         |      24000 |          0 |       0.45 |    0.02 +-   0.02
SoftwareTrigger                                                                                                     |      24000 |          0 |      68.88 |    2.87 +-   1.09
Sum_HLT_Skim_Calculation                                                                                            |      24000 |          2 |     604.62 |   25.19 +-  16.52
RootOutput                                                                                                          |      24000 |         15 |      26.37 |    1.10 +-  18.12
===============================================================================================================================================================================
Total                                                                                                               |      24001 |        396 |   69542.95 | 2897.50 +- 802.34
===============================================================================================================================================================================




 ***************************************************************************
 *                         *****TAUOLA LIBRARY: VERSION 2.9 ******         *
 *                         ***********October 2011 ***************         *
 *                         **AUTHORS: S.JADACH, Z.WAS*************         *
 *                         **R. DECKER, M. JEZABEK, J.H.KUEHN*****         *
 *                         **AVAILABLE FROM: www.cern.ch/wasm****          *
 *                         ***** PUBLISHED IN COMP. PHYS. COMM.***         *
 *                         0: Physics initialization  CLEO collab          *
 *                          see Alain Weinstein www home page:             *
 *                         http://www.cithep.caltech.edu/~ajw/             *
 *                         /korb_doc.html#files                            *
 *                         1: Physics initialization RChL of:              *
 *                          O. Shekhovtsova, T. Przedzinski,               *
 *                          P. Roig and Z. Was                             *
 *                          IFJPAN-2013-5, UAB-FT-731                      *
 *                         *******CPC 76 (1993) 361          *****         *
 *                         **5 or more pi dec.: precision limited          *
 *                         ****DEKAY ROUTINE: INITIALIZATION******         *
 *                   0     JAK1   = DECAY MODE TAU+                        *
 *                   0     JAK2   = DECAY MODE TAU-                        *
 ***************************************************************************

 *                   1     IVER   = hadronic current version           *
  RANMAR INITIALIZED:   54217137           0         0

 ***************************************************************************

  In F3pi: chpt + 1 resonance + 2 resonance (RchT)
  KORB: rho/rhop -> pi-pi0 mixing:
  KORB: rho   =  0.769900024      0.151199996    
  KORB: rhop  =   1.37000000      0.509999990     -0.109999999    
  KORB: K*/K*prime -> Kpi mixing:
  KORB: kstp  =   1.70000005      0.234999999      -3.79999988E-02
  KORB: a1/a1prime -> 3pi, KKpi mixing:
  KORB: a1    =   1.27499998      0.699999988    
  KORB: a1prim=   1.46099997      0.250000000       0.00000000    
  KORB: K1A/K1B -> Kpipi mixing:
  KORB: K1A   =   1.26999998       9.00000036E-02   1.00000000    
  KORB: K1B   =   1.40199995      0.173999995      0.800000012    
  KORB: rho/rhop/rhopp -> 4pi mixing:
  KORB: rho   =  0.769900024      0.151199996    
  KORB: rhopp =   1.46500003      0.310000002     -0.109999999    
  KORB: rhoppp=   1.70000005      0.234999999     -0.109999999    
  KORB: 3PI-PI0 PARAMS:   0.00000000      0.124200001      0.160400003      0.271100014      0.444299996    
  KORB: PI-3PI0 PARAMS:   0.00000000       1.00000000    
=======================================================================
======       Pre-compound/De-excitation Physics Parameters     ========
=======================================================================
Type of pre-compound inverse x-section              3
Pre-compound model active                           1
Pre-compound excitation low energy (MeV)            0.1
Pre-compound excitation high energy (MeV)           30
Type of de-excitation inverse x-section             3
Type of de-excitation factory                       Evaporation+GEM
Number of de-excitation channels                    68
Min excitation energy (keV)                         0.01
Min energy per nucleon for multifragmentation (MeV) 2e+05
Limit excitation energy for Fermi BreakUp (MeV)     20
Level density (1/MeV)                               0.075
Use simple level density model                      1
Use discrete excitation energy of the residual      0
Time limit for long lived isomeres (ns)             1000
Internal e- conversion flag                         1
Store e- internal conversion data                   0
Electron internal conversion ID                     0
Correlated gamma emission flag                      0
Max 2J for sampling of angular correlations         10
Upload data before 1st event for                Z < 9
=======================================================================
=======================================================================
======       Pre-compound/De-excitation Physics Parameters     ========
=======================================================================
Type of pre-compound inverse x-section              3
Pre-compound model active                           1
Pre-compound excitation low energy (MeV)            0.1
Pre-compound excitation high energy (MeV)           30
Type of de-excitation inverse x-section             3
Type of de-excitation factory                       Evaporation+GEM
Number of de-excitation channels                    68
Min excitation energy (keV)                         0.01
Min energy per nucleon for multifragmentation (MeV) 2e+05
Limit excitation energy for Fermi BreakUp (MeV)     20
Level density (1/MeV)                               0.075
Use simple level density model                      1
Use discrete excitation energy of the residual      0
Time limit for long lived isomeres (ns)             1000
Internal e- conversion flag                         1
Store e- internal conversion data                   0
Electron internal conversion ID                     0
Correlated gamma emission flag                      0
Max 2J for sampling of angular correlations         10
Upload data before 1st event for                Z < 9
=======================================================================
