<<<<<<<<<< basf2helper.py Standard Output >>>>>>>>>>

Unpack e_gen_charge_sideb-inputsandbox.tar.bz2
2024-05-04 21:37:59 UTC Unknown INFO: initialization
Input file mdst_000433_prod00024816_task10020000435.root confirmed.
2024-05-04 21:38:00 UTC Unknown INFO: Parameter GBASF2_PARAMETER = 432
2024-05-04 21:38:00 UTC Unknown INFO: basf2 running
2024-05-04 21:38:00 UTC Unknown INFO: ApplicationStatus = Running
basf2exec.sh: line 26: which: command not found
basf2exec.sh: line 87: ulimit: max memory size: cannot modify limit: Operation not permitted
basf2 recon_steer-e_gen_charge_sideb.py -i mdst_000433_prod00024816_task10020000435.root --job-information=basf2_output.json
fatal: detected dubious ownership in repository at '/cvmfs/belle.cern.ch/tools'
To add an exception for this directory, call:

	git config --global --add safe.directory /cvmfs/belle.cern.ch/tools
Belle II software tools set up at: /cvmfs/belle.cern.ch/tools
Environment setup for release: light-2401-ocicat
Central release directory    : /cvmfs/belle.cern.ch/el7/releases/light-2401-ocicat
Warning: The release light-2401-ocicat is not supported any more. Please update to light-2403-persian
[INFO] Steering file: recon_steer-e_gen_charge_sideb.py
[INFO] Job information file: basf2_output.json
[INFO] Using default cleanup in updateROEUsingV0Lists.
[INFO] Starting event processing, random seed is set to '6ef184e0d31e253fd6b24759fa2bdf748b7b9041645a5913feac6a1d192ad665'
[INFO] Added file mdst_000433_prod00024816_task10020000435.root
[INFO] ParticleLoader's Summary of Actions:
[INFO]  o) creating (anti-)ParticleList with name: K+:gen (K-:gen)
[INFO]    -> MDST source: MCParticles
[INFO] ParticleLoader's Summary of Actions:
[INFO]  o) creating (anti-)ParticleList with name: pi-:gen (pi+:gen)
[INFO]    -> MDST source: MCParticles
[INFO] ParticleLoader's Summary of Actions:
[INFO]  o) creating (anti-)ParticleList with name: e+:gen (e-:gen)
[INFO]    -> MDST source: MCParticles
[INFO] ParticleLoader's Summary of Actions:
[INFO]  o) creating (anti-)ParticleList with name: e+:all (e-:all)
[INFO]    -> MDST source: Tracks
[INFO] ParticleLoader's Summary of Actions:
[INFO]  o) creating (anti-)ParticleList with name: gamma:all (gamma:all)
[INFO]    -> MDST source: ECLClusters and KLMClusters
[INFO] ParticleSelector: gamma:brems
[INFO]    -> With cuts  : goodGamma
[INFO] ParticleSelector: gamma:brems
[INFO]    -> With cuts  : isFromECL
[INFO] Conditions Database: found working metadata provider
	provider = http://belle2db.sdcc.bnl.gov/b2s/rest/
[INFO] Conditions data: configured globaltags (highest priority first) are analysis_tools_light-2305-korat, mc_production_MC15ri_a, release-06-00-07, Legacy_CollisionAxisCMS
[INFO] Run: 0. Load supported MVA interfaces for multi-class charged particle identification...
[INFO] Setting hard-coded aliases for the ChargedPidMVA algorithm.
[INFO] 	Loading weightfiles from the payload class.
[INFO] 	Construct the MVA experts and datasets from N = 27 weightfiles...
[WARNING] String passed to makeROOTCompatible contains double-underscore __, which is used internally for escaping special characters. It is recommended to avoid this. However escaping a string twice with makeROOTCompatible is safe, but will print this warning. Passed string: __event__  { module: ChargedPidMVAMulticlass_Multiclass }
 ... message repeated 26 times
[INFO] ParticleSelector: e+:det
[INFO]    -> With cuts  : [e_id_BDT > 0.8] and [p > 0.2] and [dr < 2] and [abs(dz) < 4] and thetaInCDCAcceptance
[INFO] ParticleLoader's Summary of Actions:
[INFO]  o) creating (anti-)ParticleList with name: K+:all (K-:all)
[INFO]    -> MDST source: Tracks
[INFO] ParticleSelector: K+:det
[INFO]    -> With cuts  : [kaonID > 0.8] and [dr < 2] and [abs(dz) < 4] and thetaInCDCAcceptance
[INFO] ParticleLoader's Summary of Actions:
[INFO]  o) creating (anti-)ParticleList with name: pi-:all (pi+:all)
[INFO]    -> MDST source: Tracks
[INFO] ParticleSelector: pi-:det
[INFO]    -> With cuts  : [dr < 2] and [abs(dz) < 4] and thetaInCDCAcceptance
[INFO] MCMatcher module will search for Particle -> MCParticle associations for the ParticleList B0:det.
[INFO]   - The MCMatcher will use default algorithm suitable for analysis of Belle II MC.
[INFO] ParticleLoader's Summary of Actions:
[INFO]  o) creating (anti-)ParticleList with name: pi+:all (pi-:all)
[INFO]    -> MDST source: Tracks
[INFO] ParticleLoader's Summary of Actions:
[INFO]  o) creating (anti-)ParticleList with name: pi+:all (pi-:all)
[INFO]    -> MDST source: Tracks
[INFO] ParticleSelector: pi+:mostlikely_roe
[INFO]    -> With cuts  : pidIsMostLikely() > 0 and thetaInCDCAcceptance and nCDCHits>20
[INFO] ParticleLoader's Summary of Actions:
[INFO]  o) creating (anti-)ParticleList with name: K+:all (K-:all)
[INFO]    -> MDST source: Tracks
[INFO] ParticleSelector: K+:mostlikely_roe
[INFO]    -> With cuts  : pidIsMostLikely() > 0 and thetaInCDCAcceptance and nCDCHits>20
[INFO] ParticleLoader's Summary of Actions:
[INFO]  o) creating (anti-)ParticleList with name: p+:all (anti-p-:all)
[INFO]    -> MDST source: Tracks
[INFO] ParticleSelector: p+:mostlikely_roe
[INFO]    -> With cuts  : pidIsMostLikely() > 0 and thetaInCDCAcceptance and nCDCHits>20
[INFO] ParticleLoader's Summary of Actions:
[INFO]  o) creating (anti-)ParticleList with name: e+:all (e-:all)
[INFO]    -> MDST source: Tracks
[INFO] ParticleSelector: e+:mostlikely_roe
[INFO]    -> With cuts  : pidIsMostLikely() > 0 and thetaInCDCAcceptance and nCDCHits>20
[INFO] ParticleLoader's Summary of Actions:
[INFO]  o) creating (anti-)ParticleList with name: mu+:all (mu-:all)
[INFO]    -> MDST source: Tracks
[INFO] ParticleSelector: mu+:mostlikely_roe
[INFO]    -> With cuts  : pidIsMostLikely() > 0 and thetaInCDCAcceptance and nCDCHits>20
[INFO] ParticleLoader's Summary of Actions:
[INFO]  o) creating (anti-)ParticleList with name: gamma:all (gamma:all)
[INFO]    -> MDST source: ECLClusters and KLMClusters
[INFO] ParticleSelector: gamma:all
[INFO]    -> With cuts  : isFromECL
[INFO] ParticleLoader's Summary of Actions:
[INFO]  o) creating (anti-)ParticleList with name: K_L0:all (K_L0:all)
[INFO]    -> MDST source: exclusively KLMClusters or exclusively ECLClusters (matching between those not used)
[INFO] ParticleSelector: K_L0:roe_default
[INFO]    -> With cuts  : isFromKLM > 0
[INFO] RestOfEventInterpreter added ROEMask with specific fractions under name 'my_mask' with track cuts: dr<10 and abs(dz)<20 and thetaInCDCAcceptance and E<5.5 and eclCluster cuts: 0.05 < clusterE < 5.5
[INFO] ParticleLoader's Summary of Actions:
[INFO]  o) creating (anti-)ParticleList with name: gamma:V0 (gamma:V0)
[INFO]    -> MDST source: V0
[INFO] ParticleSelector: gamma:v0_roe
[INFO]    -> With cuts  : abs(dM) < 0.1 and daughter(0,particleID) > 0.2 and daughter(1,particleID) > 0.2 and daughter(0,thetaInCDCAcceptance) and daughter(1,thetaInCDCAcceptance) and isInRestOfEvent > 0
[INFO] ParticleLoader's Summary of Actions:
[INFO]  o) creating (anti-)ParticleList with name: K_S0:V0 (K_S0:V0)
[INFO]    -> MDST source: V0
[INFO] ParticleSelector: K_S0:v0_roe
[INFO]    -> With cuts  : abs(dM) < 0.1 and daughter(0,particleID) > 0.2 and daughter(1,particleID) > 0.2 and daughter(0,thetaInCDCAcceptance) and daughter(1,thetaInCDCAcceptance) and isInRestOfEvent > 0
[INFO] ParticleLoader's Summary of Actions:
[INFO]  o) creating (anti-)ParticleList with name: Lambda0:V0 (anti-Lambda0:V0)
[INFO]    -> MDST source: V0
[INFO] ParticleSelector: Lambda0:v0_roe
[INFO]    -> With cuts  : abs(dM) < 0.1 and daughter(0,particleID) > 0.2 and daughter(1,particleID) > 0.2 and daughter(0,thetaInCDCAcceptance) and daughter(1,thetaInCDCAcceptance) and isInRestOfEvent > 0
[INFO] RestOfEventUpdater updated track/eclCluster ROEMask(s) with infoList: gamma:v0_roe and cut: 
[INFO] RestOfEventUpdater updated track/eclCluster ROEMask(s) with infoList: K_S0:v0_roe and cut: 
[INFO] RestOfEventUpdater updated track/eclCluster ROEMask(s) with infoList: Lambda0:v0_roe and cut: 
[INFO] RestOfEventInterpreter added ROEMask with specific fractions under name 'my_mask' with track cuts: nCDCHits>=0 and thetaInCDCAcceptance and pValue>=0.0005 and                     [pt<0.15 and formula(dr**2/36+dz**2/16)<1] or                     [0.15<pt<0.25 and formula(dr**2/49+dz**2/64)<1] or                     [0.25<pt<0.5 and formula(dr**2/49+dz**2/16)<1] or                     [0.5<pt<1 and formula(dr**2/25+dz**2/36)<1] or                     [pt>1 and formula(dr**2+dz**2)<1] and eclCluster cuts: clusterE>0.05 and abs(clusterTiming)<formula(2*clusterErrorTiming) and abs(clusterTiming)<200
[ERROR] Relation between particle and ROE doesn't exist!  { module: VariablesToNtuple_B0:det }
 ... message repeated 14 times
[INFO] Writing NTuple det
[INFO] Writing NTuple gen
[WARNING] Not a single candidate survived the fit. Candidates before fit: 0 after: 0  { module: TreeFitter_Lambda0:v0_roe }
[WARNING] Not a single candidate survived the fit. Candidates before fit: 0 after: 0  { module: TreeFitter_K_S0:v0_roe }
[WARNING] Not a single candidate survived the fit. Candidates before fit: 0 after: 0  { module: TreeFitter_gamma:v0_roe }
[WARNING] There were 261 tracks skipped because of zero charge for mu+:all  { module: ParticleLoader_mu+:mostlikely_roe }
[WARNING] There were 355 tracks skipped because of zero charge for p+:all  { module: ParticleLoader_p+:mostlikely_roe }
[INFO] [1;35m================================================================================[0m
[INFO] [40;97m            ,.,                                                                 [0m
[INFO] [40;97m           ;%&M%;_   ,..,                                                       [0m
[INFO] [40;97m             "_ "__" % M % M %;          , ..., ,                               [0m
[INFO] [40;97m      , ..., __." --"    , .,     _ - " % &W % WM %;                            [0m
[INFO] [40;97m     ; % M&$M % "___ "_._   %M%"_."" _ """"""                                   [0m
[INFO] [40;97m       """""    "" , \_.   "_. ."                                               [0m
[INFO] [40;97m              , ., _"__ \__./ ."                                                [0m
[INFO] [40;97m          ___       __ |  y     , ..,     [97;40mThank you for using TreeFitter.       [0m
[INFO] [40;97m         /)'\    ''''| u  \ %W%W%%;                                             [0m
[INFO] [40;97m     ___)/   "---\_ \   |____"            [97;40mPlease cite both:                     [0m
[INFO] [40;97m   ;&&%%;           (|__.|)./  ,..,           [97;40m10.1016/j.nima.2020.164269        [0m
[INFO] [40;97m             ,.., ___\    |/     &&"       [97;40m   10.1016/j.nima.2005.06.078        [0m
[INFO] [40;97m           &&%%&    (| Uo /        '"     [97;40mEmail:                                [0m
[INFO] [40;97m            ''''     \ 7 \                   [97;40mfrancesco.tenchini@desy.de         [0m
[INFO] [40;97m  ._______________.-'____""-.____.           [97;40mjo-frederik.krohn@desy.de          [0m
[INFO] [40;97m   \                           /                                                [0m
[INFO] [40;97m    \       [0m[32;40mTREEFITTER[0m[40;97m        /                                                 [0m
[INFO] [40;97m     \_______________________/                                                  [0m
[INFO] [40;97m      (_)                 (_)                                                   [0m
[INFO] [40;97m                                                                                [0m
[INFO] [1;35m============= TREEFIT STATISTICS ===============================================[0m
[INFO] [1;39mTarget particle list: B0:det[0m
[INFO] [1;39mCandidates before fit: 3[0m
[INFO] [1;39mCandidates after fit:  3[0m
[INFO] [1;39mA total of 0 candidates were removed during the fit.[0m
[INFO] [1;39m100% of candidates survived the fit.[0m
[INFO] [1;39m0% of candidates did not.[0m
[INFO] [1;39mYou chose to drop all candidates with pValue < 0.[0m
[INFO] [1;35m================================================================================[0m
[WARNING] There were 261 tracks skipped because of zero charge for pi-:all  { module: ParticleLoader_pi-:det }
[WARNING] There were 299 tracks skipped because of zero charge for K+:all  { module: ParticleLoader_K+:det }
[WARNING] There were 261 tracks skipped because of zero charge for e+:all  { module: ParticleLoader_e+:raw }

[INFO] ===Error Summary================================================================
[ERROR] Relation between particle and ROE doesn't exist!  { module: VariablesToNtuple_B0:det }
    (last message occurred 15 times)
[WARNING] String passed to makeROOTCompatible contains double-underscore __, which is used internally for escaping special characters. It is recommended to avoid this. However escaping a string twice with makeROOTCompatible is safe, but will print this warning. Passed string: __event__  { module: ChargedPidMVAMulticlass_Multiclass }
    (last message occurred 27 times)
[WARNING] Not a single candidate survived the fit. Candidates before fit: 0 after: 0  { module: TreeFitter_Lambda0:v0_roe }
    (last message occurred 3 times)
[WARNING] There were 261 tracks skipped because of zero charge for e+:all  { module: ParticleLoader_e+:raw }
[WARNING] There were 299 tracks skipped because of zero charge for K+:all  { module: ParticleLoader_K+:det }
[WARNING] There were 261 tracks skipped because of zero charge for pi-:all  { module: ParticleLoader_pi-:det }
[WARNING] There were 355 tracks skipped because of zero charge for p+:all  { module: ParticleLoader_p+:mostlikely_roe }
[WARNING] There were 261 tracks skipped because of zero charge for mu+:all  { module: ParticleLoader_mu+:mostlikely_roe }
[INFO] ================================================================================
[ERROR] in total, 15 errors occurred during processing
[WARNING] in total, 35 warnings occurred during processing
=============================================================================================================================
Name                                                              |      Calls | Memory(MB) |    Time(s) |     Time(ms)/Call
=============================================================================================================================
RootInput                                                         |     180001 |         19 |      61.71 |    0.34 +-   2.51
ProgressBar                                                       |     180000 |          0 |       1.06 |    0.01 +-   0.00
ParticleLoader_K+:gen                                             |     180000 |          0 |       3.19 |    0.02 +-   0.00
ParticleLoader_pi-:gen                                            |     180000 |          0 |       3.41 |    0.02 +-   0.01
ParticleLoader_e+:gen                                             |     180000 |          0 |       3.02 |    0.02 +-   0.00
ParticleCombinerFromMC_K*0:gen =direct=> K+:gen pi-:gen           |     180000 |          0 |      72.88 |    0.40 +-   0.13
ParticleCombinerFromMC_B0:gen =direct=> K*0:gen e+:gen e-:gen     |     180000 |          0 |      52.52 |    0.29 +-   0.32
ParticleLoader_e+:raw                                             |     180000 |        164 |      20.18 |    0.11 +-   3.57
PListCopy_e+:raw                                                  |     180000 |          0 |       2.74 |    0.02 +-   0.00
ParticleLoader_gamma:brems                                        |     180000 |          0 |      36.05 |    0.20 +-   0.05
PListCopy_gamma:brems                                             |     180000 |          0 |       4.11 |    0.02 +-   0.00
ParticleSelector_applyCuts_gamma:brems                            |     180000 |          0 |      11.25 |    0.06 +-   0.01
ParticleSelector_applyCuts_gamma:brems                            |     180000 |          0 |       1.37 |    0.01 +-   0.01
bremsCorrector_e+:det                                             |     180000 |          0 |      16.88 |    0.09 +-   0.02
ChargedPidMVAMulticlass_Multiclass                                |     180000 |          0 |     330.44 |    1.84 +-   0.58
ParticleSelector_applyCuts_e+:det                                 |     180000 |          0 |       5.05 |    0.03 +-   0.01
ParticleLoader_K+:det                                             |     180000 |          0 |      18.70 |    0.10 +-   0.03
PListCopy_K+:det                                                  |     180000 |          0 |       2.74 |    0.02 +-   0.01
ParticleSelector_applyCuts_K+:det                                 |     180000 |          0 |       6.36 |    0.04 +-   0.01
ParticleLoader_pi-:det                                            |     180000 |          0 |      16.07 |    0.09 +-   0.03
PListCopy_pi-:det                                                 |     180000 |          0 |       2.50 |    0.01 +-   0.00
ParticleSelector_applyCuts_pi-:det                                |     180000 |          0 |       7.86 |    0.04 +-   0.01
ParticleCombiner_K*0:det =direct=> K+:det pi-:det                 |     180000 |          0 |       5.16 |    0.03 +-   0.02
ParticleCombiner_B0:det =direct=> K*0:det e+:det e-:det ?addbrems |     180000 |          0 |       1.66 |    0.01 +-   0.00
MCMatch_B0:det                                                    |     180000 |          0 |       1.06 |    0.01 +-   0.00
TreeFitter_B0:det                                                 |     180000 |          0 |       1.29 |    0.01 +-   0.01
VariablesToExtraInfo_B0:det                                       |     180000 |          0 |       1.00 |    0.01 +-   0.00
ParticleLoader_pi+:all                                            |     180000 |          0 |       1.01 |    0.01 +-   0.00
ParticleLoader_pi+:mostlikely_roe                                 |     180000 |          0 |       0.98 |    0.01 +-   0.00
PListCopy_pi+:mostlikely_roe                                      |     180000 |          0 |       2.54 |    0.01 +-   0.00
ParticleSelector_applyCuts_pi+:mostlikely_roe                     |     180000 |          0 |       5.41 |    0.03 +-   0.01
ParticleLoader_K+:mostlikely_roe                                  |     180000 |          0 |       1.01 |    0.01 +-   0.00
PListCopy_K+:mostlikely_roe                                       |     180000 |          0 |       2.37 |    0.01 +-   0.00
ParticleSelector_applyCuts_K+:mostlikely_roe                      |     180000 |          0 |       4.24 |    0.02 +-   0.01
ParticleLoader_p+:mostlikely_roe                                  |     180000 |          0 |      16.50 |    0.09 +-   0.03
PListCopy_p+:mostlikely_roe                                       |     180000 |          0 |       2.49 |    0.01 +-   0.00
ParticleSelector_applyCuts_p+:mostlikely_roe                      |     180000 |          0 |       4.20 |    0.02 +-   0.01
ParticleLoader_e+:mostlikely_roe                                  |     180000 |          0 |       1.00 |    0.01 +-   0.00
PListCopy_e+:mostlikely_roe                                       |     180000 |          0 |       2.42 |    0.01 +-   0.00
ParticleSelector_applyCuts_e+:mostlikely_roe                      |     180000 |          0 |       4.22 |    0.02 +-   0.01
ParticleLoader_mu+:mostlikely_roe                                 |     180000 |          0 |      16.04 |    0.09 +-   0.03
PListCopy_mu+:mostlikely_roe                                      |     180000 |          0 |       2.48 |    0.01 +-   0.00
ParticleSelector_applyCuts_mu+:mostlikely_roe                     |     180000 |          0 |       4.46 |    0.02 +-   0.01
ParticleLoader_gamma:all                                          |     180000 |          0 |       1.06 |    0.01 +-   0.00
ParticleSelector_applyCuts_gamma:all                              |     180000 |          0 |       1.92 |    0.01 +-   0.00
ParticleLoader_K_L0:roe_default                                   |     180000 |          0 |      33.60 |    0.19 +-   0.05
PListCopy_K_L0:roe_default                                        |     180000 |          0 |       4.15 |    0.02 +-   0.01
ParticleSelector_applyCuts_K_L0:roe_default                       |     180000 |          0 |       2.00 |    0.01 +-   0.00
ROEBuilder_B0:det                                                 |     180000 |          0 |       1.06 |    0.01 +-   0.00
RestOfEventInterpreter_B0:det_MaskList                            |     180000 |          0 |       1.02 |    0.01 +-   0.00
for_each(RestOfEvent : RestOfEvents)                              |     180000 |          0 |       0.98 |    0.01 +-   0.00
SigSideParticleFilter_B0:det                                      |          3 |          0 |       0.00 |    0.03 +-   0.02
ParticleLoader_gamma:v0_roe -> e+ e-                              |          3 |          0 |       0.00 |    0.01 +-   0.00
PListCopy_gamma:v0_roe                                            |          3 |          0 |       0.00 |    0.01 +-   0.00
ParticleSelector_applyCuts_gamma:v0_roe                           |          3 |          0 |       0.00 |    0.01 +-   0.00
ParticleLoader_K_S0:v0_roe -> pi+ pi-                             |          3 |          0 |       0.00 |    0.01 +-   0.00
PListCopy_K_S0:v0_roe                                             |          3 |          0 |       0.00 |    0.01 +-   0.00
ParticleSelector_applyCuts_K_S0:v0_roe                            |          3 |          0 |       0.00 |    0.01 +-   0.00
ParticleLoader_Lambda0:v0_roe -> p+ pi-                           |          3 |          0 |       0.00 |    0.01 +-   0.00
PListCopy_Lambda0:v0_roe                                          |          3 |          0 |       0.00 |    0.01 +-   0.00
ParticleSelector_applyCuts_Lambda0:v0_roe                         |          3 |          0 |       0.00 |    0.01 +-   0.00
TreeFitter_gamma:v0_roe                                           |          3 |          0 |       0.00 |    0.01 +-   0.00
RestOfEventUpdater_gamma:v0_roe_masks                             |          3 |          0 |       0.00 |    0.01 +-   0.01
TreeFitter_K_S0:v0_roe                                            |          3 |          0 |       0.00 |    0.01 +-   0.00
RestOfEventUpdater_K_S0:v0_roe_masks                              |          3 |          0 |       0.00 |    0.01 +-   0.00
TreeFitter_Lambda0:v0_roe                                         |          3 |          0 |       0.00 |    0.01 +-   0.00
RestOfEventUpdater_Lambda0:v0_roe_masks                           |          3 |          0 |       0.00 |    0.01 +-   0.00
RestOfEventInterpreter_B0:det_my_mask                             |     180000 |          0 |       0.93 |    0.01 +-   0.00
PrintMCParticles                                                  |     180000 |          0 |      13.64 |    0.08 +-   0.02
VariablesToNtuple_B0:gen                                          |     180000 |          0 |       1.36 |    0.01 +-   0.00
VariablesToNtuple_B0:det                                          |     180000 |          0 |       1.13 |    0.01 +-   0.01
=============================================================================================================================
Total                                                             |     180001 |        184 |     912.63 |    5.07 +-   5.86
=============================================================================================================================

2024-05-04 21:53:33 UTC Unknown INFO: Basf2 status:
2024-05-04 21:53:33 UTC Unknown INFO: Warnings: 35; Errors: 15; 

2024-05-04 21:53:33 UTC Unknown INFO: Found following files to be uploaded
2024-05-04 21:53:33 UTC Unknown INFO:  e_re.root
2024-05-04 21:53:35 UTC Unknown INFO: Rescheduling: 00
2024-05-04 21:53:35 UTC Unknown INFO: matching data description
Upload e_re_00432_job407490908_00.root as /belle/user/elee20/e_gen_charge_sideb/sub00/e_re_00432_job407490908_00.root
2024-05-04 21:53:35 UTC Unknown INFO: output verification
2024-05-04 21:53:35 UTC Unknown INFO: Skip output file verification of ./e_re_00432_job407490908_00.root
2024-05-04 21:53:35 UTC Unknown INFO: data uploading
2024-05-04 21:53:35 UTC Unknown INFO: ApplicationStatus = Preparing to upload
Metadata path /belle/user/elee20/e_gen_charge_sideb/sub00: OK
2024-05-04 21:53:37 UTC Unknown INFO: Destination SEs=SIGNET-TMP-SE
trying to upload/register /belle/user/elee20/e_gen_charge_sideb/sub00/e_re_00432_job407490908_00.root 
2024-05-04 21:53:37 UTC Unknown INFO: GUIDs not found from POOL XML Catalogue (and were generated) for: ./e_re_00432_job407490908_00.root
2024-05-04 21:53:37 UTC Unknown INFO: File Info: Size=67125 Checksum=1791cf35 GUID=12C0A266-E9E1-7E4C-805E-4DFF8E931A86
Upload: ./e_re_00432_job407490908_00.root
2024-05-04 21:53:42 UTC Unknown INFO: SE SIGNET-TMP-SE: ready to transfer: 6 < 500
2024-05-04 21:53:42 UTC Unknown/FailoverTransfer INFO: Attempting dm.putAndRegister ('/belle/user/elee20/e_gen_charge_sideb/sub00/e_re_00432_job407490908_00.root','/tmp/49074186/aFANDmFLRN5nTkIgJmuwkNOnRl5aLmABFKDmSaoUDmABFKDmhPj6qn/DIRAC_tjDAZbpilot/407490908/./e_re_00432_job407490908_00.root','SIGNET-TMP-SE',guid='12C0A266-E9E1-7E4C-805E-4DFF8E931A86',catalog='None', checksum = '1791cf35')
2024-05-04 21:53:50 UTC Unknown/FailoverTransfer INFO: dm.putAndRegister successfully uploaded and registered ./e_re_00432_job407490908_00.root to SIGNET-TMP-SE
2024-05-04 21:53:50 UTC Unknown INFO: transferAndRegisterFile successfully uploaded and registered ./e_re_00432_job407490908_00.root to SIGNET-TMP-SE
Upload: OK , lfn: lfn
file size: 67125
catalog size: 67125
file size: OK
Data upload: OK
Register metadata of ./e_re_00432_job407490908_00.root in FileCatalog
gbasf2:  ./e_re_00432_job407490908_00.root has no basf2 metadata.
Register metadata of ./e_re_00432_job407490908_00.root
2024-05-04 21:54:00 UTC Unknown INFO: ApplicationStatus = Registering
Reading metadata...
gbasf2:  ./e_re_00432_job407490908_00.root has no basf2 metadata.
Prepare dataset
Dataset attributes already exist (17): OK
bulkInsert: OK
Metadata registration: OK
2024-05-04 21:54:10 UTC Unknown INFO: Successfully handled /belle/user/elee20/e_gen_charge_sideb/sub00/e_re_00432_job407490908_00.root
2024-05-04 21:54:10 UTC Unknown INFO: registering accounting metadata
2024-05-04 21:54:11 UTC Unknown INFO: Succesfully added dataset accounting metadata to file metadata in rucio.
Successfully upload/register all outputs.
2024-05-04 21:54:11 UTC Unknown INFO: ApplicationStatus = Done
2024-05-04 21:54:11 UTC Unknown INFO: Done
 