[INFO] Steering file: mc_gen_steer.py

**************************************************************
 Geant4 version Name: geant4-10-06-patch-03    (6-November-2020)
                       Copyright : Geant4 Collaboration
                      References : NIM A 506 (2003), 250-303
                                 : IEEE-TNS 53 (2006), 270-278
                                 : NIM A 835 (2016), 186-225
                             WWW : http://geant4.org/
**************************************************************

[WARNING] stdPi0s is loading "May2020" pi0 recommendations. Please check Neutrals Performance Confluence page for most up-to-date pi0 recommendations.
[INFO] Starting event processing, random seed is set to 'a69464f18bc9a1416499984e8cbabc8eb64626ca9b5f096b56754b1dbebbd01'
[INFO] Conditions Database: found working server
	url = http://belle2db.sdcc.bnl.gov/b2s/rest/
[INFO] Conditions data: configured globaltags (highest priority first) are mc_production_MC15ri_a, release-06-00-07
[INFO] SVDNoiseCalibrations: from now on we are using ../databases/user_xmls/phase3-globalruns/GlobalRun_LV7_HV50_VS-0.8_hv_shift_L6_30V_MaxStrip64_20201029_14-000656.xml
TClass::Init:0: RuntimeWarning: no dictionary for class pair<unsigned short,Belle2::KLMChannelStatus::ChannelStatus> is available
 ... message repeated 3 times
[INFO] SVDFADCMaskedStrips: from now on we are using /mnt/data/user_xmls/phase3-globalruns/GlobalRun_LV7_HV50_VS-0.8_hv_shift_L6_30V_MaxStrip64_20201029_14-000656.xml
[INFO] SVDChargeSimulationCalibrations: from now on we are using ChargeSimulationCalibrations_default_2021-06-25T23:32:19.954782_INFO:release-06_APVCouplings=0
[INFO] SVDPulseShapeCalibrations: from now on we are using PulseShapeCalibrations_default_2020-04-27T21:41:16.240855_INFO:_peakTime=fromPhase3calibrations_pulseWidth=130_gain=fromPhase3calibrations
[INFO] BGOverlayInput: starting with event 2243806
[WARNING] ClockFreq4TDC changed from cdclocal 1.017774e+00 to official 1.017752e+00 (GHz)!  { module: Geometry }
[INFO] Using Belle2 physics list
### Birks coefficients used in run time
   G4_POLYSTYRENE     0.07943 mm/MeV     0.00841958 g/cm^2/MeV  massFactor=  101.167 effCharge= 0.027027
[INFO] Setting global Geant4 production cut
	cutValue = 0.070000000000000007
[INFO] Perform Geant4 final initialization: Geometry optimization, PhysicsList calculations...
