<<<<<<<<<< basf2helper.py Standard Output >>>>>>>>>>

Unpack e_gen_charge_sideb-inputsandbox.tar.bz2
2024-05-04 21:31:16 UTC Unknown INFO: initialization
Input file mdst_000428_prod00024816_task10020000430.root confirmed.
2024-05-04 21:31:16 UTC Unknown INFO: Parameter GBASF2_PARAMETER = 427
2024-05-04 21:31:17 UTC Unknown INFO: basf2 running
2024-05-04 21:31:17 UTC Unknown INFO: ApplicationStatus = Running
basf2 recon_steer-e_gen_charge_sideb.py -i mdst_000428_prod00024816_task10020000430.root --job-information=basf2_output.json
fatal: detected dubious ownership in repository at '/cvmfs/belle.cern.ch/tools'
To add an exception for this directory, call:

	git config --global --add safe.directory /cvmfs/belle.cern.ch/tools
Belle II software tools set up at: /cvmfs/belle.cern.ch/tools
Environment setup for release: light-2401-ocicat
Central release directory    : /cvmfs/belle.cern.ch/el7/releases/light-2401-ocicat
Warning: The release light-2401-ocicat is not supported any more. Please update to light-2403-persian
[INFO] Steering file: recon_steer-e_gen_charge_sideb.py
[INFO] Job information file: basf2_output.json
[INFO] Using default cleanup in updateROEUsingV0Lists.
[INFO] Starting event processing, random seed is set to '59164adc67e1d29d4f993ee9fe822e7c76a4054445f1f1f17b3d06a83dc6bef'
[INFO] Added file mdst_000428_prod00024816_task10020000430.root
[INFO] ParticleLoader's Summary of Actions:
[INFO]  o) creating (anti-)ParticleList with name: K+:gen (K-:gen)
[INFO]    -> MDST source: MCParticles
[INFO] ParticleLoader's Summary of Actions:
[INFO]  o) creating (anti-)ParticleList with name: pi-:gen (pi+:gen)
[INFO]    -> MDST source: MCParticles
[INFO] ParticleLoader's Summary of Actions:
[INFO]  o) creating (anti-)ParticleList with name: e+:gen (e-:gen)
[INFO]    -> MDST source: MCParticles
[INFO] ParticleLoader's Summary of Actions:
[INFO]  o) creating (anti-)ParticleList with name: e+:all (e-:all)
[INFO]    -> MDST source: Tracks
[INFO] ParticleLoader's Summary of Actions:
[INFO]  o) creating (anti-)ParticleList with name: gamma:all (gamma:all)
[INFO]    -> MDST source: ECLClusters and KLMClusters
[INFO] ParticleSelector: gamma:brems
[INFO]    -> With cuts  : goodGamma
[INFO] ParticleSelector: gamma:brems
[INFO]    -> With cuts  : isFromECL
[INFO] Conditions Database: found working metadata provider
	provider = http://belle2db.sdcc.bnl.gov/b2s/rest/
[INFO] Conditions data: configured globaltags (highest priority first) are analysis_tools_light-2305-korat, mc_production_MC15ri_a, release-06-00-07, Legacy_CollisionAxisCMS
[INFO] Run: 0. Load supported MVA interfaces for multi-class charged particle identification...
[INFO] Setting hard-coded aliases for the ChargedPidMVA algorithm.
[INFO] 	Loading weightfiles from the payload class.
[INFO] 	Construct the MVA experts and datasets from N = 27 weightfiles...
[WARNING] String passed to makeROOTCompatible contains double-underscore __, which is used internally for escaping special characters. It is recommended to avoid this. However escaping a string twice with makeROOTCompatible is safe, but will print this warning. Passed string: __event__  { module: ChargedPidMVAMulticlass_Multiclass }
 ... message repeated 26 times
[INFO] ParticleSelector: e+:det
[INFO]    -> With cuts  : [e_id_BDT > 0.8] and [p > 0.2] and [dr < 2] and [abs(dz) < 4] and thetaInCDCAcceptance
[INFO] ParticleLoader's Summary of Actions:
[INFO]  o) creating (anti-)ParticleList with name: K+:all (K-:all)
[INFO]    -> MDST source: Tracks
[INFO] ParticleSelector: K+:det
[INFO]    -> With cuts  : [kaonID > 0.8] and [dr < 2] and [abs(dz) < 4] and thetaInCDCAcceptance
[INFO] ParticleLoader's Summary of Actions:
[INFO]  o) creating (anti-)ParticleList with name: pi-:all (pi+:all)
[INFO]    -> MDST source: Tracks
[INFO] ParticleSelector: pi-:det
[INFO]    -> With cuts  : [dr < 2] and [abs(dz) < 4] and thetaInCDCAcceptance
[INFO] MCMatcher module will search for Particle -> MCParticle associations for the ParticleList B0:det.
[INFO]   - The MCMatcher will use default algorithm suitable for analysis of Belle II MC.
[INFO] ParticleLoader's Summary of Actions:
[INFO]  o) creating (anti-)ParticleList with name: pi+:all (pi-:all)
[INFO]    -> MDST source: Tracks
[INFO] ParticleLoader's Summary of Actions:
[INFO]  o) creating (anti-)ParticleList with name: pi+:all (pi-:all)
[INFO]    -> MDST source: Tracks
[INFO] ParticleSelector: pi+:mostlikely_roe
[INFO]    -> With cuts  : pidIsMostLikely() > 0 and thetaInCDCAcceptance and nCDCHits>20
[INFO] ParticleLoader's Summary of Actions:
[INFO]  o) creating (anti-)ParticleList with name: K+:all (K-:all)
[INFO]    -> MDST source: Tracks
[INFO] ParticleSelector: K+:mostlikely_roe
[INFO]    -> With cuts  : pidIsMostLikely() > 0 and thetaInCDCAcceptance and nCDCHits>20
[INFO] ParticleLoader's Summary of Actions:
[INFO]  o) creating (anti-)ParticleList with name: p+:all (anti-p-:all)
[INFO]    -> MDST source: Tracks
[INFO] ParticleSelector: p+:mostlikely_roe
[INFO]    -> With cuts  : pidIsMostLikely() > 0 and thetaInCDCAcceptance and nCDCHits>20
[INFO] ParticleLoader's Summary of Actions:
[INFO]  o) creating (anti-)ParticleList with name: e+:all (e-:all)
[INFO]    -> MDST source: Tracks
[INFO] ParticleSelector: e+:mostlikely_roe
[INFO]    -> With cuts  : pidIsMostLikely() > 0 and thetaInCDCAcceptance and nCDCHits>20
[INFO] ParticleLoader's Summary of Actions:
[INFO]  o) creating (anti-)ParticleList with name: mu+:all (mu-:all)
[INFO]    -> MDST source: Tracks
[INFO] ParticleSelector: mu+:mostlikely_roe
[INFO]    -> With cuts  : pidIsMostLikely() > 0 and thetaInCDCAcceptance and nCDCHits>20
[INFO] ParticleLoader's Summary of Actions:
[INFO]  o) creating (anti-)ParticleList with name: gamma:all (gamma:all)
[INFO]    -> MDST source: ECLClusters and KLMClusters
[INFO] ParticleSelector: gamma:all
[INFO]    -> With cuts  : isFromECL
[INFO] ParticleLoader's Summary of Actions:
[INFO]  o) creating (anti-)ParticleList with name: K_L0:all (K_L0:all)
[INFO]    -> MDST source: exclusively KLMClusters or exclusively ECLClusters (matching between those not used)
[INFO] ParticleSelector: K_L0:roe_default
[INFO]    -> With cuts  : isFromKLM > 0
[INFO] RestOfEventInterpreter added ROEMask with specific fractions under name 'my_mask' with track cuts: dr<10 and abs(dz)<20 and thetaInCDCAcceptance and E<5.5 and eclCluster cuts: 0.05 < clusterE < 5.5
[INFO] ParticleLoader's Summary of Actions:
[INFO]  o) creating (anti-)ParticleList with name: gamma:V0 (gamma:V0)
[INFO]    -> MDST source: V0
[INFO] ParticleSelector: gamma:v0_roe
[INFO]    -> With cuts  : abs(dM) < 0.1 and daughter(0,particleID) > 0.2 and daughter(1,particleID) > 0.2 and daughter(0,thetaInCDCAcceptance) and daughter(1,thetaInCDCAcceptance) and isInRestOfEvent > 0
[INFO] ParticleLoader's Summary of Actions:
[INFO]  o) creating (anti-)ParticleList with name: K_S0:V0 (K_S0:V0)
[INFO]    -> MDST source: V0
[INFO] ParticleSelector: K_S0:v0_roe
[INFO]    -> With cuts  : abs(dM) < 0.1 and daughter(0,particleID) > 0.2 and daughter(1,particleID) > 0.2 and daughter(0,thetaInCDCAcceptance) and daughter(1,thetaInCDCAcceptance) and isInRestOfEvent > 0
[INFO] ParticleLoader's Summary of Actions:
[INFO]  o) creating (anti-)ParticleList with name: Lambda0:V0 (anti-Lambda0:V0)
[INFO]    -> MDST source: V0
[INFO] ParticleSelector: Lambda0:v0_roe
[INFO]    -> With cuts  : abs(dM) < 0.1 and daughter(0,particleID) > 0.2 and daughter(1,particleID) > 0.2 and daughter(0,thetaInCDCAcceptance) and daughter(1,thetaInCDCAcceptance) and isInRestOfEvent > 0
[INFO] RestOfEventUpdater updated track/eclCluster ROEMask(s) with infoList: gamma:v0_roe and cut: 
[INFO] RestOfEventUpdater updated track/eclCluster ROEMask(s) with infoList: K_S0:v0_roe and cut: 
[INFO] RestOfEventUpdater updated track/eclCluster ROEMask(s) with infoList: Lambda0:v0_roe and cut: 
[INFO] RestOfEventInterpreter added ROEMask with specific fractions under name 'my_mask' with track cuts: nCDCHits>=0 and thetaInCDCAcceptance and pValue>=0.0005 and                     [pt<0.15 and formula(dr**2/36+dz**2/16)<1] or                     [0.15<pt<0.25 and formula(dr**2/49+dz**2/64)<1] or                     [0.25<pt<0.5 and formula(dr**2/49+dz**2/16)<1] or                     [0.5<pt<1 and formula(dr**2/25+dz**2/36)<1] or                     [pt>1 and formula(dr**2+dz**2)<1] and eclCluster cuts: clusterE>0.05 and abs(clusterTiming)<formula(2*clusterErrorTiming) and abs(clusterTiming)<200
[INFO] Writing NTuple det
[INFO] Writing NTuple gen
[WARNING] Not a single candidate survived the fit. Candidates before fit: 0 after: 0  { module: TreeFitter_Lambda0:v0_roe }
[WARNING] Not a single candidate survived the fit. Candidates before fit: 0 after: 0  { module: TreeFitter_K_S0:v0_roe }
[WARNING] Not a single candidate survived the fit. Candidates before fit: 0 after: 0  { module: TreeFitter_gamma:v0_roe }
[WARNING] There were 258 tracks skipped because of zero charge for mu+:all  { module: ParticleLoader_mu+:mostlikely_roe }
[WARNING] There were 340 tracks skipped because of zero charge for p+:all  { module: ParticleLoader_p+:mostlikely_roe }
[WARNING] Not a single candidate survived the fit. Candidates before fit: 0 after: 0  { module: TreeFitter_B0:det }
[WARNING] There were 258 tracks skipped because of zero charge for pi-:all  { module: ParticleLoader_pi-:det }
[WARNING] There were 304 tracks skipped because of zero charge for K+:all  { module: ParticleLoader_K+:det }
[WARNING] There were 258 tracks skipped because of zero charge for e+:all  { module: ParticleLoader_e+:raw }

[INFO] ===Error Summary================================================================
[WARNING] String passed to makeROOTCompatible contains double-underscore __, which is used internally for escaping special characters. It is recommended to avoid this. However escaping a string twice with makeROOTCompatible is safe, but will print this warning. Passed string: __event__  { module: ChargedPidMVAMulticlass_Multiclass }
    (last message occurred 27 times)
[WARNING] Not a single candidate survived the fit. Candidates before fit: 0 after: 0  { module: TreeFitter_Lambda0:v0_roe }
    (last message occurred 4 times)
[WARNING] There were 258 tracks skipped because of zero charge for e+:all  { module: ParticleLoader_e+:raw }
[WARNING] There were 304 tracks skipped because of zero charge for K+:all  { module: ParticleLoader_K+:det }
[WARNING] There were 258 tracks skipped because of zero charge for pi-:all  { module: ParticleLoader_pi-:det }
[WARNING] There were 340 tracks skipped because of zero charge for p+:all  { module: ParticleLoader_p+:mostlikely_roe }
[WARNING] There were 258 tracks skipped because of zero charge for mu+:all  { module: ParticleLoader_mu+:mostlikely_roe }
[INFO] ================================================================================
[WARNING] in total, 36 warnings occurred during processing
=============================================================================================================================
Name                                                              |      Calls | Memory(MB) |    Time(s) |     Time(ms)/Call
=============================================================================================================================
RootInput                                                         |     180001 |         14 |      77.14 |    0.43 +-   3.12
ProgressBar                                                       |     180000 |          0 |       2.06 |    0.01 +-   0.16
ParticleLoader_K+:gen                                             |     180000 |         -1 |       5.43 |    0.03 +-   0.16
ParticleLoader_pi-:gen                                            |     180000 |          5 |       4.93 |    0.03 +-   0.20
ParticleLoader_e+:gen                                             |     180000 |         -1 |       4.34 |    0.02 +-   0.19
ParticleCombinerFromMC_K*0:gen =direct=> K+:gen pi-:gen           |     180000 |        -24 |      78.62 |    0.44 +-   1.07
ParticleCombinerFromMC_B0:gen =direct=> K*0:gen e+:gen e-:gen     |     180000 |         -9 |      56.92 |    0.32 +-   0.90
ParticleLoader_e+:raw                                             |     180000 |        158 |      25.45 |    0.14 +-   2.95
PListCopy_e+:raw                                                  |     180000 |          8 |       4.14 |    0.02 +-   0.16
ParticleLoader_gamma:brems                                        |     180000 |        -10 |      42.88 |    0.24 +-   0.67
PListCopy_gamma:brems                                             |     180000 |          1 |       6.13 |    0.03 +-   0.34
ParticleSelector_applyCuts_gamma:brems                            |     180000 |         -2 |      13.56 |    0.08 +-   0.45
ParticleSelector_applyCuts_gamma:brems                            |     180000 |         -1 |       2.32 |    0.01 +-   0.16
bremsCorrector_e+:det                                             |     180000 |         -8 |      18.73 |    0.10 +-   0.46
ChargedPidMVAMulticlass_Multiclass                                |     180000 |        -73 |     358.22 |    1.99 +-   2.18
ParticleSelector_applyCuts_e+:det                                 |     180000 |         -7 |       7.19 |    0.04 +-   0.34
ParticleLoader_K+:det                                             |     180000 |         -6 |      23.23 |    0.13 +-   0.52
PListCopy_K+:det                                                  |     180000 |         -1 |       4.09 |    0.02 +-   0.22
ParticleSelector_applyCuts_K+:det                                 |     180000 |          1 |       7.88 |    0.04 +-   0.36
ParticleLoader_pi-:det                                            |     180000 |         -3 |      18.06 |    0.10 +-   0.48
PListCopy_pi-:det                                                 |     180000 |         -2 |       3.69 |    0.02 +-   0.22
ParticleSelector_applyCuts_pi-:det                                |     180000 |         -4 |       8.64 |    0.05 +-   0.29
ParticleCombiner_K*0:det =direct=> K+:det pi-:det                 |     180000 |         -2 |       6.51 |    0.04 +-   0.30
ParticleCombiner_B0:det =direct=> K*0:det e+:det e-:det ?addbrems |     180000 |          2 |       2.78 |    0.02 +-   0.19
MCMatch_B0:det                                                    |     180000 |         -2 |       1.97 |    0.01 +-   0.12
TreeFitter_B0:det                                                 |     180000 |          1 |       2.36 |    0.01 +-   0.23
VariablesToExtraInfo_B0:det                                       |     180000 |          1 |       1.87 |    0.01 +-   0.01
ParticleLoader_pi+:all                                            |     180000 |          1 |       2.01 |    0.01 +-   0.16
ParticleLoader_pi+:mostlikely_roe                                 |     180000 |         -2 |       1.90 |    0.01 +-   0.11
PListCopy_pi+:mostlikely_roe                                      |     180000 |          2 |       3.96 |    0.02 +-   0.31
ParticleSelector_applyCuts_pi+:mostlikely_roe                     |     180000 |          2 |       6.27 |    0.03 +-   0.27
ParticleLoader_K+:mostlikely_roe                                  |     180000 |         -3 |       1.93 |    0.01 +-   0.12
PListCopy_K+:mostlikely_roe                                       |     180000 |          2 |       3.77 |    0.02 +-   0.28
ParticleSelector_applyCuts_K+:mostlikely_roe                      |     180000 |          1 |       4.93 |    0.03 +-   0.19
ParticleLoader_p+:mostlikely_roe                                  |     180000 |        -12 |      18.85 |    0.10 +-   0.56
PListCopy_p+:mostlikely_roe                                       |     180000 |          1 |       3.76 |    0.02 +-   0.28
ParticleSelector_applyCuts_p+:mostlikely_roe                      |     180000 |          1 |       5.01 |    0.03 +-   0.28
ParticleLoader_e+:mostlikely_roe                                  |     180000 |         -0 |       1.97 |    0.01 +-   0.16
PListCopy_e+:mostlikely_roe                                       |     180000 |         10 |       3.53 |    0.02 +-   0.19
ParticleSelector_applyCuts_e+:mostlikely_roe                      |     180000 |          3 |       5.02 |    0.03 +-   0.23
ParticleLoader_mu+:mostlikely_roe                                 |     180000 |        -12 |      18.39 |    0.10 +-   0.61
PListCopy_mu+:mostlikely_roe                                      |     180000 |         -0 |       3.68 |    0.02 +-   0.24
ParticleSelector_applyCuts_mu+:mostlikely_roe                     |     180000 |         -2 |       5.45 |    0.03 +-   0.32
ParticleLoader_gamma:all                                          |     180000 |          1 |       1.93 |    0.01 +-   0.00
ParticleSelector_applyCuts_gamma:all                              |     180000 |         -1 |       2.94 |    0.02 +-   0.23
ParticleLoader_K_L0:roe_default                                   |     180000 |        -17 |      39.31 |    0.22 +-   0.81
PListCopy_K_L0:roe_default                                        |     180000 |          2 |       5.57 |    0.03 +-   0.20
ParticleSelector_applyCuts_K_L0:roe_default                       |     180000 |          1 |       2.97 |    0.02 +-   0.20
ROEBuilder_B0:det                                                 |     180000 |         -2 |       2.08 |    0.01 +-   0.23
RestOfEventInterpreter_B0:det_MaskList                            |     180000 |         -1 |       1.94 |    0.01 +-   0.16
for_each(RestOfEvent : RestOfEvents)                              |     180000 |         -0 |       1.87 |    0.01 +-   0.11
SigSideParticleFilter_B0:det                                      |          0 |          0 |       0.00 |    0.00 +-   0.00
ParticleLoader_gamma:v0_roe -> e+ e-                              |          0 |          0 |       0.00 |    0.00 +-   0.00
PListCopy_gamma:v0_roe                                            |          0 |          0 |       0.00 |    0.00 +-   0.00
ParticleSelector_applyCuts_gamma:v0_roe                           |          0 |          0 |       0.00 |    0.00 +-   0.00
ParticleLoader_K_S0:v0_roe -> pi+ pi-                             |          0 |          0 |       0.00 |    0.00 +-   0.00
PListCopy_K_S0:v0_roe                                             |          0 |          0 |       0.00 |    0.00 +-   0.00
ParticleSelector_applyCuts_K_S0:v0_roe                            |          0 |          0 |       0.00 |    0.00 +-   0.00
ParticleLoader_Lambda0:v0_roe -> p+ pi-                           |          0 |          0 |       0.00 |    0.00 +-   0.00
PListCopy_Lambda0:v0_roe                                          |          0 |          0 |       0.00 |    0.00 +-   0.00
ParticleSelector_applyCuts_Lambda0:v0_roe                         |          0 |          0 |       0.00 |    0.00 +-   0.00
TreeFitter_gamma:v0_roe                                           |          0 |          0 |       0.00 |    0.00 +-   0.00
RestOfEventUpdater_gamma:v0_roe_masks                             |          0 |          0 |       0.00 |    0.00 +-   0.00
TreeFitter_K_S0:v0_roe                                            |          0 |          0 |       0.00 |    0.00 +-   0.00
RestOfEventUpdater_K_S0:v0_roe_masks                              |          0 |          0 |       0.00 |    0.00 +-   0.00
TreeFitter_Lambda0:v0_roe                                         |          0 |          0 |       0.00 |    0.00 +-   0.00
RestOfEventUpdater_Lambda0:v0_roe_masks                           |          0 |          0 |       0.00 |    0.00 +-   0.00
RestOfEventInterpreter_B0:det_my_mask                             |     180000 |         -1 |       1.93 |    0.01 +-   0.19
PrintMCParticles                                                  |     180000 |          5 |      17.59 |    0.10 +-   0.38
VariablesToNtuple_B0:gen                                          |     180000 |         -1 |       2.29 |    0.01 +-   0.19
VariablesToNtuple_B0:det                                          |     180000 |          1 |       2.16 |    0.01 +-   0.16
=============================================================================================================================
Total                                                             |     180001 |         20 |    1114.91 |    6.19 +-   7.28
=============================================================================================================================

2024-05-04 21:50:19 UTC Unknown INFO: Basf2 status:
2024-05-04 21:50:19 UTC Unknown INFO: Warnings: 36; Errors: 0; 

2024-05-04 21:50:19 UTC Unknown INFO: Found following files to be uploaded
2024-05-04 21:50:19 UTC Unknown INFO:  e_re.root
2024-05-04 21:50:20 UTC Unknown INFO: Rescheduling: 00
2024-05-04 21:50:20 UTC Unknown INFO: matching data description
Upload e_re_00427_job407490903_00.root as /belle/user/elee20/e_gen_charge_sideb/sub00/e_re_00427_job407490903_00.root
2024-05-04 21:50:20 UTC Unknown INFO: output verification
2024-05-04 21:50:20 UTC Unknown INFO: Skip output file verification of ./e_re_00427_job407490903_00.root
2024-05-04 21:50:20 UTC Unknown INFO: data uploading
2024-05-04 21:50:20 UTC Unknown INFO: ApplicationStatus = Preparing to upload
Metadata path /belle/user/elee20/e_gen_charge_sideb/sub00: OK
2024-05-04 21:50:21 UTC Unknown INFO: Destination SEs=UVic-TMP-SE
trying to upload/register /belle/user/elee20/e_gen_charge_sideb/sub00/e_re_00427_job407490903_00.root 
2024-05-04 21:50:21 UTC Unknown INFO: GUIDs not found from POOL XML Catalogue (and were generated) for: ./e_re_00427_job407490903_00.root
2024-05-04 21:50:21 UTC Unknown INFO: File Info: Size=27451 Checksum=fe23b045 GUID=1043318A-D190-E792-16CF-1C273F0B624E
Upload: ./e_re_00427_job407490903_00.root
2024-05-04 21:50:23 UTC Unknown INFO: SE UVic-TMP-SE: ready to transfer: 0 < 500
2024-05-04 21:50:24 UTC Unknown/FailoverTransfer INFO: Attempting dm.putAndRegister ('/belle/user/elee20/e_gen_charge_sideb/sub00/e_re_00427_job407490903_00.root','/mnt/.rw/condor/execute/dir_6850/TORQUE_9Rm3jF_wrapper/DIRAC_aJpJK8pilot/407490903/./e_re_00427_job407490903_00.root','UVic-TMP-SE',guid='1043318A-D190-E792-16CF-1C273F0B624E',catalog='None', checksum = 'fe23b045')
2024-05-04 21:50:28 UTC Unknown/FailoverTransfer INFO: dm.putAndRegister successfully uploaded and registered ./e_re_00427_job407490903_00.root to UVic-TMP-SE
2024-05-04 21:50:28 UTC Unknown INFO: transferAndRegisterFile successfully uploaded and registered ./e_re_00427_job407490903_00.root to UVic-TMP-SE
Upload: OK , lfn: lfn
file size: 27451
catalog size: 27451
file size: OK
Data upload: OK
Register metadata of ./e_re_00427_job407490903_00.root in FileCatalog
gbasf2:  ./e_re_00427_job407490903_00.root has no basf2 metadata.
Register metadata of ./e_re_00427_job407490903_00.root
2024-05-04 21:50:31 UTC Unknown INFO: ApplicationStatus = Registering
Reading metadata...
gbasf2:  ./e_re_00427_job407490903_00.root has no basf2 metadata.
Prepare dataset
Dataset attributes already exist (17): OK
bulkInsert: OK
Metadata registration: OK
2024-05-04 21:50:37 UTC Unknown INFO: Successfully handled /belle/user/elee20/e_gen_charge_sideb/sub00/e_re_00427_job407490903_00.root
2024-05-04 21:50:37 UTC Unknown INFO: registering accounting metadata
2024-05-04 21:50:37 UTC Unknown INFO: Succesfully added dataset accounting metadata to file metadata in rucio.
Successfully upload/register all outputs.
2024-05-04 21:50:37 UTC Unknown INFO: ApplicationStatus = Done
2024-05-04 21:50:37 UTC Unknown INFO: Done
 